#
# There is insufficient memory for the Java Runtime Environment to continue.
# Native memory allocation (malloc) failed to allocate 2004656 bytes for Chunk::new
# Possible reasons:
#   The system is out of physical RAM or swap space
#   The process is running with CompressedOops enabled, and the Java Heap may be blocking the growth of the native heap
# Possible solutions:
#   Reduce memory load on the system
#   Increase physical memory or swap space
#   Check if swap backing store is full
#   Decrease Java heap size (-Xmx/-Xms)
#   Decrease number of Java threads
#   Decrease Java thread stack sizes (-Xss)
#   Set larger code cache with -XX:ReservedCodeCacheSize=
#   JVM is running with Unscaled Compressed Oops mode in which the Java heap is
#     placed in the first 4GB address space. The Java Heap base address is the
#     maximum limit for the native heap growth. Please use -XX:HeapBaseMinAddress
#     to set the Java Heap base and to place the Java Heap above 4GB virtual address.
# This output file may be truncated or incomplete.
#
#  Out of Memory Error (t:/workspace/open/src/hotspot/share/memory/arena.cpp:197), pid=16276, tid=14348
#
# JRE version: OpenJDK Runtime Environment (11.0+28) (build 11+28)
# Java VM: OpenJDK 64-Bit Server VM (11+28, mixed mode, tiered, compressed oops, g1 gc, windows-amd64)
# No core dump will be written. Minidumps are not enabled by default on client versions of Windows
#

---------------  S U M M A R Y ------------

Command Line: -ea -Didea.test.cyclic.buffer.size=1048576 -javaagent:C:\IntelliJ IDEA Community Edition 2023.1.1\lib\idea_rt.jar=64413:C:\IntelliJ IDEA Community Edition 2023.1.1\bin -Dfile.encoding=UTF-8 com.intellij.rt.junit.JUnitStarter -ideVersion5 -junit5 com.zerobase.cafebom.cart.controller.CartControllerTest,successCartIdList

Host: Intel(R) Core(TM) i5-6200U CPU @ 2.30GHz, 4 cores, 7G,  Windows 10 , 64 bit Build 19041 (10.0.19041.3155)
Time: Mon Sep 11 18:35:11 2023 대한민국 표준시 elapsed time: 7 seconds (0d 0h 0m 7s)

---------------  T H R E A D  ---------------

Current thread (0x000001937d88e000):  JavaThread "C2 CompilerThread1" daemon [_thread_in_native, id=14348, stack(0x000000856ff00000,0x0000008570000000)]


Current CompileTask:
C2:   7917 2631   !   4       jdk.internal.loader.BuiltinClassLoader::loadClassOrNull (143 bytes)

Stack: [0x000000856ff00000,0x0000008570000000]
Native frames: (J=compiled Java code, j=interpreted, Vv=VM code, C=native code)
V  [jvm.dll+0x63adaa]
V  [jvm.dll+0x77852f]
V  [jvm.dll+0x779b18]
V  [jvm.dll+0x77a1d3]
V  [jvm.dll+0x2624c8]
V  [jvm.dll+0xc5b61]
V  [jvm.dll+0xc60fc]
V  [jvm.dll+0x36e6d7]
V  [jvm.dll+0x1ad861]
V  [jvm.dll+0x21c472]
V  [jvm.dll+0x21b50a]
V  [jvm.dll+0x198400]
V  [jvm.dll+0x22a4ff]
V  [jvm.dll+0x228b18]
V  [jvm.dll+0x73dc3d]
V  [jvm.dll+0x639e42]
C  [ucrtbase.dll+0x21bb2]
C  [KERNEL32.DLL+0x17614]
C  [ntdll.dll+0x526b1]


---------------  P R O C E S S  ---------------

Threads class SMR info:
_java_thread_list=0x000001937d5cd460, length=13, elements={
0x000001936cab9800, 0x000001937be24800, 0x000001937be30800, 0x000001937be35800,
0x000001937be36000, 0x000001937be38800, 0x000001937be3b800, 0x000001937be3d000,
0x000001937c93f800, 0x000001937c989800, 0x000001937c98a000, 0x000001937dc36000,
0x000001937d88e000
}

Java Threads: ( => current thread )
  0x000001936cab9800 JavaThread "main" [_thread_in_native, id=10292, stack(0x000000856e800000,0x000000856e900000)]
  0x000001937be24800 JavaThread "Reference Handler" daemon [_thread_blocked, id=496, stack(0x000000856f000000,0x000000856f100000)]
  0x000001937be30800 JavaThread "Finalizer" daemon [_thread_blocked, id=8572, stack(0x000000856f100000,0x000000856f200000)]
  0x000001937be35800 JavaThread "Signal Dispatcher" daemon [_thread_blocked, id=14900, stack(0x000000856f200000,0x000000856f300000)]
  0x000001937be36000 JavaThread "Attach Listener" daemon [_thread_blocked, id=12108, stack(0x000000856f300000,0x000000856f400000)]
  0x000001937be38800 JavaThread "C2 CompilerThread0" daemon [_thread_blocked, id=3592, stack(0x000000856f400000,0x000000856f500000)]
  0x000001937be3b800 JavaThread "C1 CompilerThread0" daemon [_thread_blocked, id=7672, stack(0x000000856f500000,0x000000856f600000)]
  0x000001937be3d000 JavaThread "Sweeper thread" daemon [_thread_blocked, id=14528, stack(0x000000856f600000,0x000000856f700000)]
  0x000001937c93f800 JavaThread "Common-Cleaner" daemon [_thread_blocked, id=5316, stack(0x000000856f700000,0x000000856f800000)]
  0x000001937c989800 JavaThread "Monitor Ctrl-Break" daemon [_thread_in_native, id=11852, stack(0x000000856f800000,0x000000856f900000)]
  0x000001937c98a000 JavaThread "Service Thread" daemon [_thread_blocked, id=5944, stack(0x000000856f900000,0x000000856fa00000)]
  0x000001937dc36000 JavaThread "background-preinit" [_thread_in_Java, id=816, stack(0x000000856fd00000,0x000000856fe00000)]
=>0x000001937d88e000 JavaThread "C2 CompilerThread1" daemon [_thread_in_native, id=14348, stack(0x000000856ff00000,0x0000008570000000)]

Other Threads:
  0x000001937bdfd800 VMThread "VM Thread" [stack: 0x000000856ef00000,0x000000856f000000] [id=4020]
  0x000001937c992000 WatcherThread [stack: 0x000000856fa00000,0x000000856fb00000] [id=7804]
  0x000001936cad1800 GCTaskThread "GC Thread#0" [stack: 0x000000856ea00000,0x000000856eb00000] [id=11012]
  0x000001937d060800 GCTaskThread "GC Thread#1" [stack: 0x000000856fb00000,0x000000856fc00000] [id=3076]
  0x000001937d03c800 GCTaskThread "GC Thread#2" [stack: 0x000000856fc00000,0x000000856fd00000] [id=3684]
  0x000001937dae1800 GCTaskThread "GC Thread#3" [stack: 0x000000856fe00000,0x000000856ff00000] [id=1088]
  0x000001936cb03000 ConcurrentGCThread "G1 Main Marker" [stack: 0x000000856eb00000,0x000000856ec00000] [id=14152]
  0x000001936cb04800 ConcurrentGCThread "G1 Conc#0" [stack: 0x000000856ec00000,0x000000856ed00000] [id=4052]
  0x000001936cb6e000 ConcurrentGCThread "G1 Refine#0" [stack: 0x000000856ed00000,0x000000856ee00000] [id=12472]
  0x000001937bc66800 ConcurrentGCThread "G1 Young RemSet Sampling" [stack: 0x000000856ee00000,0x000000856ef00000] [id=14632]

Threads with active compile tasks:
C2 CompilerThread12631   !   4       jdk.internal.loader.BuiltinClassLoader::loadClassOrNull (143 bytes)

VM state:not at safepoint (normal execution)

VM Mutex/Monitor currently owned by a thread: None

Heap address: 0x0000000081400000, size: 2028 MB, Compressed Oops mode: 32-bit
Narrow klass base: 0x0000000000000000, Narrow klass shift: 3
Compressed class space size: 1073741824 Address: 0x0000000100000000

Heap:
 garbage-first heap   total 131072K, used 63161K [0x0000000081400000, 0x0000000100000000)
  region size 1024K, 54 young (55296K), 5 survivors (5120K)
 Metaspace       used 32438K, capacity 33353K, committed 33536K, reserved 1079296K
  class space    used 3914K, capacity 4281K, committed 4352K, reserved 1048576K
Heap Regions: E=young(eden), S=young(survivor), O=old, HS=humongous(starts), HC=humongous(continues), CS=collection set, F=free, A=archive, TAMS=top-at-mark-start (previous, next)
|   0|0x0000000081400000, 0x0000000081500000, 0x0000000081500000|100%|HS|  |TAMS 0x0000000081500000, 0x0000000081400000| Complete 
|   1|0x0000000081500000, 0x0000000081600000, 0x0000000081600000|100%| O|  |TAMS 0x0000000081600000, 0x0000000081500000| Untracked 
|   2|0x0000000081600000, 0x0000000081700000, 0x0000000081700000|100%| O|  |TAMS 0x0000000081700000, 0x0000000081600000| Untracked 
|   3|0x0000000081700000, 0x0000000081800000, 0x0000000081800000|100%| O|  |TAMS 0x0000000081800000, 0x0000000081700000| Untracked 
|   4|0x0000000081800000, 0x0000000081900000, 0x0000000081900000|100%| O|  |TAMS 0x0000000081900000, 0x0000000081800000| Untracked 
|   5|0x0000000081900000, 0x0000000081a00000, 0x0000000081a00000|100%| O|  |TAMS 0x0000000081a00000, 0x0000000081900000| Untracked 
|   6|0x0000000081a00000, 0x0000000081b00000, 0x0000000081b00000|100%| O|  |TAMS 0x0000000081b00000, 0x0000000081a00000| Untracked 
|   7|0x0000000081b00000, 0x0000000081c00000, 0x0000000081c00000|100%| O|  |TAMS 0x0000000081c00000, 0x0000000081b00000| Untracked 
|   8|0x0000000081c00000, 0x0000000081d00000, 0x0000000081d00000|100%| O|  |TAMS 0x0000000081d00000, 0x0000000081c00000| Untracked 
|   9|0x0000000081d00000, 0x0000000081d6c200, 0x0000000081e00000| 42%| O|  |TAMS 0x0000000081d6c200, 0x0000000081d00000| Untracked 
|  10|0x0000000081e00000, 0x0000000081e00000, 0x0000000081f00000|  0%| F|  |TAMS 0x0000000081e00000, 0x0000000081e00000| Untracked 
|  11|0x0000000081f00000, 0x0000000081f00000, 0x0000000082000000|  0%| F|  |TAMS 0x0000000081f00000, 0x0000000081f00000| Untracked 
|  12|0x0000000082000000, 0x0000000082000000, 0x0000000082100000|  0%| F|  |TAMS 0x0000000082000000, 0x0000000082000000| Untracked 
|  13|0x0000000082100000, 0x0000000082100000, 0x0000000082200000|  0%| F|  |TAMS 0x0000000082100000, 0x0000000082100000| Untracked 
|  14|0x0000000082200000, 0x0000000082200000, 0x0000000082300000|  0%| F|  |TAMS 0x0000000082200000, 0x0000000082200000| Untracked 
|  15|0x0000000082300000, 0x0000000082300000, 0x0000000082400000|  0%| F|  |TAMS 0x0000000082300000, 0x0000000082300000| Untracked 
|  16|0x0000000082400000, 0x0000000082400000, 0x0000000082500000|  0%| F|  |TAMS 0x0000000082400000, 0x0000000082400000| Untracked 
|  17|0x0000000082500000, 0x0000000082500000, 0x0000000082600000|  0%| F|  |TAMS 0x0000000082500000, 0x0000000082500000| Untracked 
|  18|0x0000000082600000, 0x0000000082600000, 0x0000000082700000|  0%| F|  |TAMS 0x0000000082600000, 0x0000000082600000| Untracked 
|  19|0x0000000082700000, 0x0000000082700000, 0x0000000082800000|  0%| F|  |TAMS 0x0000000082700000, 0x0000000082700000| Untracked 
|  20|0x0000000082800000, 0x0000000082800000, 0x0000000082900000|  0%| F|  |TAMS 0x0000000082800000, 0x0000000082800000| Untracked 
|  21|0x0000000082900000, 0x0000000082900000, 0x0000000082a00000|  0%| F|  |TAMS 0x0000000082900000, 0x0000000082900000| Untracked 
|  22|0x0000000082a00000, 0x0000000082a00000, 0x0000000082b00000|  0%| F|  |TAMS 0x0000000082a00000, 0x0000000082a00000| Untracked 
|  23|0x0000000082b00000, 0x0000000082b00000, 0x0000000082c00000|  0%| F|  |TAMS 0x0000000082b00000, 0x0000000082b00000| Untracked 
|  24|0x0000000082c00000, 0x0000000082c00000, 0x0000000082d00000|  0%| F|  |TAMS 0x0000000082c00000, 0x0000000082c00000| Untracked 
|  25|0x0000000082d00000, 0x0000000082d00000, 0x0000000082e00000|  0%| F|  |TAMS 0x0000000082d00000, 0x0000000082d00000| Untracked 
|  26|0x0000000082e00000, 0x0000000082e00000, 0x0000000082f00000|  0%| F|  |TAMS 0x0000000082e00000, 0x0000000082e00000| Untracked 
|  27|0x0000000082f00000, 0x0000000082f00000, 0x0000000083000000|  0%| F|  |TAMS 0x0000000082f00000, 0x0000000082f00000| Untracked 
|  28|0x0000000083000000, 0x0000000083000000, 0x0000000083100000|  0%| F|  |TAMS 0x0000000083000000, 0x0000000083000000| Untracked 
|  29|0x0000000083100000, 0x0000000083100000, 0x0000000083200000|  0%| F|  |TAMS 0x0000000083100000, 0x0000000083100000| Untracked 
|  30|0x0000000083200000, 0x0000000083200000, 0x0000000083300000|  0%| F|  |TAMS 0x0000000083200000, 0x0000000083200000| Untracked 
|  31|0x0000000083300000, 0x0000000083300000, 0x0000000083400000|  0%| F|  |TAMS 0x0000000083300000, 0x0000000083300000| Untracked 
|  32|0x0000000083400000, 0x0000000083400000, 0x0000000083500000|  0%| F|  |TAMS 0x0000000083400000, 0x0000000083400000| Untracked 
|  33|0x0000000083500000, 0x0000000083500000, 0x0000000083600000|  0%| F|  |TAMS 0x0000000083500000, 0x0000000083500000| Untracked 
|  34|0x0000000083600000, 0x0000000083600000, 0x0000000083700000|  0%| F|  |TAMS 0x0000000083600000, 0x0000000083600000| Untracked 
|  35|0x0000000083700000, 0x0000000083700000, 0x0000000083800000|  0%| F|  |TAMS 0x0000000083700000, 0x0000000083700000| Untracked 
|  36|0x0000000083800000, 0x0000000083800000, 0x0000000083900000|  0%| F|  |TAMS 0x0000000083800000, 0x0000000083800000| Untracked 
|  37|0x0000000083900000, 0x0000000083900000, 0x0000000083a00000|  0%| F|  |TAMS 0x0000000083900000, 0x0000000083900000| Untracked 
|  38|0x0000000083a00000, 0x0000000083a00000, 0x0000000083b00000|  0%| F|  |TAMS 0x0000000083a00000, 0x0000000083a00000| Untracked 
|  39|0x0000000083b00000, 0x0000000083b00000, 0x0000000083c00000|  0%| F|  |TAMS 0x0000000083b00000, 0x0000000083b00000| Untracked 
|  40|0x0000000083c00000, 0x0000000083c00000, 0x0000000083d00000|  0%| F|  |TAMS 0x0000000083c00000, 0x0000000083c00000| Untracked 
|  41|0x0000000083d00000, 0x0000000083d00000, 0x0000000083e00000|  0%| F|  |TAMS 0x0000000083d00000, 0x0000000083d00000| Untracked 
|  42|0x0000000083e00000, 0x0000000083e00000, 0x0000000083f00000|  0%| F|  |TAMS 0x0000000083e00000, 0x0000000083e00000| Untracked 
|  43|0x0000000083f00000, 0x0000000083f00000, 0x0000000084000000|  0%| F|  |TAMS 0x0000000083f00000, 0x0000000083f00000| Untracked 
|  44|0x0000000084000000, 0x0000000084000000, 0x0000000084100000|  0%| F|  |TAMS 0x0000000084000000, 0x0000000084000000| Untracked 
|  45|0x0000000084100000, 0x0000000084100000, 0x0000000084200000|  0%| F|  |TAMS 0x0000000084100000, 0x0000000084100000| Untracked 
|  46|0x0000000084200000, 0x0000000084200000, 0x0000000084300000|  0%| F|  |TAMS 0x0000000084200000, 0x0000000084200000| Untracked 
|  47|0x0000000084300000, 0x0000000084300000, 0x0000000084400000|  0%| F|  |TAMS 0x0000000084300000, 0x0000000084300000| Untracked 
|  48|0x0000000084400000, 0x0000000084400000, 0x0000000084500000|  0%| F|  |TAMS 0x0000000084400000, 0x0000000084400000| Untracked 
|  49|0x0000000084500000, 0x0000000084500000, 0x0000000084600000|  0%| F|  |TAMS 0x0000000084500000, 0x0000000084500000| Untracked 
|  50|0x0000000084600000, 0x0000000084600000, 0x0000000084700000|  0%| F|  |TAMS 0x0000000084600000, 0x0000000084600000| Untracked 
|  51|0x0000000084700000, 0x0000000084700000, 0x0000000084800000|  0%| F|  |TAMS 0x0000000084700000, 0x0000000084700000| Untracked 
|  52|0x0000000084800000, 0x0000000084800000, 0x0000000084900000|  0%| F|  |TAMS 0x0000000084800000, 0x0000000084800000| Untracked 
|  53|0x0000000084900000, 0x0000000084900000, 0x0000000084a00000|  0%| F|  |TAMS 0x0000000084900000, 0x0000000084900000| Untracked 
|  54|0x0000000084a00000, 0x0000000084a00000, 0x0000000084b00000|  0%| F|  |TAMS 0x0000000084a00000, 0x0000000084a00000| Untracked 
|  55|0x0000000084b00000, 0x0000000084b00000, 0x0000000084c00000|  0%| F|  |TAMS 0x0000000084b00000, 0x0000000084b00000| Untracked 
|  56|0x0000000084c00000, 0x0000000084c00000, 0x0000000084d00000|  0%| F|  |TAMS 0x0000000084c00000, 0x0000000084c00000| Untracked 
|  57|0x0000000084d00000, 0x0000000084d00000, 0x0000000084e00000|  0%| F|  |TAMS 0x0000000084d00000, 0x0000000084d00000| Untracked 
|  58|0x0000000084e00000, 0x0000000084e00000, 0x0000000084f00000|  0%| F|  |TAMS 0x0000000084e00000, 0x0000000084e00000| Untracked 
|  59|0x0000000084f00000, 0x0000000084f00000, 0x0000000085000000|  0%| F|  |TAMS 0x0000000084f00000, 0x0000000084f00000| Untracked 
|  60|0x0000000085000000, 0x0000000085000000, 0x0000000085100000|  0%| F|  |TAMS 0x0000000085000000, 0x0000000085000000| Untracked 
|  61|0x0000000085100000, 0x0000000085100000, 0x0000000085200000|  0%| F|  |TAMS 0x0000000085100000, 0x0000000085100000| Untracked 
|  62|0x0000000085200000, 0x0000000085200000, 0x0000000085300000|  0%| F|  |TAMS 0x0000000085200000, 0x0000000085200000| Untracked 
|  63|0x0000000085300000, 0x0000000085300000, 0x0000000085400000|  0%| F|  |TAMS 0x0000000085300000, 0x0000000085300000| Untracked 
|  64|0x0000000085400000, 0x0000000085400000, 0x0000000085500000|  0%| F|  |TAMS 0x0000000085400000, 0x0000000085400000| Untracked 
|  65|0x0000000085500000, 0x0000000085500000, 0x0000000085600000|  0%| F|  |TAMS 0x0000000085500000, 0x0000000085500000| Untracked 
|  66|0x0000000085600000, 0x0000000085600000, 0x0000000085700000|  0%| F|  |TAMS 0x0000000085600000, 0x0000000085600000| Untracked 
|  67|0x0000000085700000, 0x0000000085700000, 0x0000000085800000|  0%| F|  |TAMS 0x0000000085700000, 0x0000000085700000| Untracked 
|  68|0x0000000085800000, 0x0000000085800000, 0x0000000085900000|  0%| F|  |TAMS 0x0000000085800000, 0x0000000085800000| Untracked 
|  69|0x0000000085900000, 0x0000000085900000, 0x0000000085a00000|  0%| F|  |TAMS 0x0000000085900000, 0x0000000085900000| Untracked 
|  70|0x0000000085a00000, 0x0000000085a00000, 0x0000000085b00000|  0%| F|  |TAMS 0x0000000085a00000, 0x0000000085a00000| Untracked 
|  71|0x0000000085b00000, 0x0000000085b00000, 0x0000000085c00000|  0%| F|  |TAMS 0x0000000085b00000, 0x0000000085b00000| Untracked 
|  72|0x0000000085c00000, 0x0000000085c42580, 0x0000000085d00000| 25%| S|CS|TAMS 0x0000000085c00000, 0x0000000085c00000| Complete 
|  73|0x0000000085d00000, 0x0000000085e00000, 0x0000000085e00000|100%| S|CS|TAMS 0x0000000085d00000, 0x0000000085d00000| Complete 
|  74|0x0000000085e00000, 0x0000000085f00000, 0x0000000085f00000|100%| S|CS|TAMS 0x0000000085e00000, 0x0000000085e00000| Complete 
|  75|0x0000000085f00000, 0x0000000086000000, 0x0000000086000000|100%| S|CS|TAMS 0x0000000085f00000, 0x0000000085f00000| Complete 
|  76|0x0000000086000000, 0x0000000086100000, 0x0000000086100000|100%| S|CS|TAMS 0x0000000086000000, 0x0000000086000000| Complete 
|  77|0x0000000086100000, 0x0000000086100000, 0x0000000086200000|  0%| F|  |TAMS 0x0000000086100000, 0x0000000086100000| Untracked 
|  78|0x0000000086200000, 0x0000000086200000, 0x0000000086300000|  0%| F|  |TAMS 0x0000000086200000, 0x0000000086200000| Untracked 
|  79|0x0000000086300000, 0x0000000086400000, 0x0000000086400000|100%| E|  |TAMS 0x0000000086300000, 0x0000000086300000| Complete 
|  80|0x0000000086400000, 0x0000000086500000, 0x0000000086500000|100%| E|CS|TAMS 0x0000000086400000, 0x0000000086400000| Complete 
|  81|0x0000000086500000, 0x0000000086600000, 0x0000000086600000|100%| E|CS|TAMS 0x0000000086500000, 0x0000000086500000| Complete 
|  82|0x0000000086600000, 0x0000000086700000, 0x0000000086700000|100%| E|CS|TAMS 0x0000000086600000, 0x0000000086600000| Complete 
|  83|0x0000000086700000, 0x0000000086800000, 0x0000000086800000|100%| E|CS|TAMS 0x0000000086700000, 0x0000000086700000| Complete 
|  84|0x0000000086800000, 0x0000000086900000, 0x0000000086900000|100%| E|CS|TAMS 0x0000000086800000, 0x0000000086800000| Complete 
|  85|0x0000000086900000, 0x0000000086a00000, 0x0000000086a00000|100%| E|CS|TAMS 0x0000000086900000, 0x0000000086900000| Complete 
|  86|0x0000000086a00000, 0x0000000086b00000, 0x0000000086b00000|100%| E|CS|TAMS 0x0000000086a00000, 0x0000000086a00000| Complete 
|  87|0x0000000086b00000, 0x0000000086c00000, 0x0000000086c00000|100%| E|CS|TAMS 0x0000000086b00000, 0x0000000086b00000| Complete 
|  88|0x0000000086c00000, 0x0000000086d00000, 0x0000000086d00000|100%| E|CS|TAMS 0x0000000086c00000, 0x0000000086c00000| Complete 
|  89|0x0000000086d00000, 0x0000000086e00000, 0x0000000086e00000|100%| E|CS|TAMS 0x0000000086d00000, 0x0000000086d00000| Complete 
|  90|0x0000000086e00000, 0x0000000086f00000, 0x0000000086f00000|100%| E|CS|TAMS 0x0000000086e00000, 0x0000000086e00000| Complete 
|  91|0x0000000086f00000, 0x0000000087000000, 0x0000000087000000|100%| E|CS|TAMS 0x0000000086f00000, 0x0000000086f00000| Complete 
|  92|0x0000000087000000, 0x0000000087100000, 0x0000000087100000|100%| E|CS|TAMS 0x0000000087000000, 0x0000000087000000| Complete 
|  93|0x0000000087100000, 0x0000000087200000, 0x0000000087200000|100%| E|CS|TAMS 0x0000000087100000, 0x0000000087100000| Complete 
|  94|0x0000000087200000, 0x0000000087300000, 0x0000000087300000|100%| E|CS|TAMS 0x0000000087200000, 0x0000000087200000| Complete 
|  95|0x0000000087300000, 0x0000000087400000, 0x0000000087400000|100%| E|CS|TAMS 0x0000000087300000, 0x0000000087300000| Complete 
|  96|0x0000000087400000, 0x0000000087500000, 0x0000000087500000|100%| E|CS|TAMS 0x0000000087400000, 0x0000000087400000| Complete 
|  97|0x0000000087500000, 0x0000000087600000, 0x0000000087600000|100%| E|CS|TAMS 0x0000000087500000, 0x0000000087500000| Complete 
|  98|0x0000000087600000, 0x0000000087700000, 0x0000000087700000|100%| E|CS|TAMS 0x0000000087600000, 0x0000000087600000| Complete 
|  99|0x0000000087700000, 0x0000000087800000, 0x0000000087800000|100%| E|CS|TAMS 0x0000000087700000, 0x0000000087700000| Complete 
| 100|0x0000000087800000, 0x0000000087900000, 0x0000000087900000|100%| E|CS|TAMS 0x0000000087800000, 0x0000000087800000| Complete 
| 101|0x0000000087900000, 0x0000000087a00000, 0x0000000087a00000|100%| E|CS|TAMS 0x0000000087900000, 0x0000000087900000| Complete 
| 102|0x0000000087a00000, 0x0000000087b00000, 0x0000000087b00000|100%| E|CS|TAMS 0x0000000087a00000, 0x0000000087a00000| Complete 
| 103|0x0000000087b00000, 0x0000000087c00000, 0x0000000087c00000|100%| E|CS|TAMS 0x0000000087b00000, 0x0000000087b00000| Complete 
| 104|0x0000000087c00000, 0x0000000087d00000, 0x0000000087d00000|100%| E|CS|TAMS 0x0000000087c00000, 0x0000000087c00000| Complete 
| 105|0x0000000087d00000, 0x0000000087e00000, 0x0000000087e00000|100%| E|CS|TAMS 0x0000000087d00000, 0x0000000087d00000| Complete 
| 106|0x0000000087e00000, 0x0000000087f00000, 0x0000000087f00000|100%| E|CS|TAMS 0x0000000087e00000, 0x0000000087e00000| Complete 
| 107|0x0000000087f00000, 0x0000000088000000, 0x0000000088000000|100%| E|CS|TAMS 0x0000000087f00000, 0x0000000087f00000| Complete 
| 108|0x0000000088000000, 0x0000000088100000, 0x0000000088100000|100%| E|CS|TAMS 0x0000000088000000, 0x0000000088000000| Complete 
| 109|0x0000000088100000, 0x0000000088200000, 0x0000000088200000|100%| E|CS|TAMS 0x0000000088100000, 0x0000000088100000| Complete 
| 110|0x0000000088200000, 0x0000000088300000, 0x0000000088300000|100%| E|CS|TAMS 0x0000000088200000, 0x0000000088200000| Complete 
| 111|0x0000000088300000, 0x0000000088400000, 0x0000000088400000|100%| E|CS|TAMS 0x0000000088300000, 0x0000000088300000| Complete 
| 112|0x0000000088400000, 0x0000000088500000, 0x0000000088500000|100%| E|CS|TAMS 0x0000000088400000, 0x0000000088400000| Complete 
| 113|0x0000000088500000, 0x0000000088600000, 0x0000000088600000|100%| E|CS|TAMS 0x0000000088500000, 0x0000000088500000| Complete 
| 114|0x0000000088600000, 0x0000000088700000, 0x0000000088700000|100%| E|CS|TAMS 0x0000000088600000, 0x0000000088600000| Complete 
| 115|0x0000000088700000, 0x0000000088800000, 0x0000000088800000|100%| E|CS|TAMS 0x0000000088700000, 0x0000000088700000| Complete 
| 116|0x0000000088800000, 0x0000000088900000, 0x0000000088900000|100%| E|CS|TAMS 0x0000000088800000, 0x0000000088800000| Complete 
| 117|0x0000000088900000, 0x0000000088a00000, 0x0000000088a00000|100%| E|CS|TAMS 0x0000000088900000, 0x0000000088900000| Complete 
| 118|0x0000000088a00000, 0x0000000088b00000, 0x0000000088b00000|100%| E|CS|TAMS 0x0000000088a00000, 0x0000000088a00000| Complete 
| 119|0x0000000088b00000, 0x0000000088c00000, 0x0000000088c00000|100%| E|CS|TAMS 0x0000000088b00000, 0x0000000088b00000| Complete 
| 120|0x0000000088c00000, 0x0000000088d00000, 0x0000000088d00000|100%| E|CS|TAMS 0x0000000088c00000, 0x0000000088c00000| Complete 
| 121|0x0000000088d00000, 0x0000000088e00000, 0x0000000088e00000|100%| E|CS|TAMS 0x0000000088d00000, 0x0000000088d00000| Complete 
| 122|0x0000000088e00000, 0x0000000088f00000, 0x0000000088f00000|100%| E|CS|TAMS 0x0000000088e00000, 0x0000000088e00000| Complete 
| 123|0x0000000088f00000, 0x0000000089000000, 0x0000000089000000|100%| E|CS|TAMS 0x0000000088f00000, 0x0000000088f00000| Complete 
| 124|0x0000000089000000, 0x0000000089100000, 0x0000000089100000|100%| E|CS|TAMS 0x0000000089000000, 0x0000000089000000| Complete 
| 125|0x0000000089100000, 0x0000000089200000, 0x0000000089200000|100%| E|CS|TAMS 0x0000000089100000, 0x0000000089100000| Complete 
| 126|0x0000000089200000, 0x0000000089300000, 0x0000000089300000|100%| E|CS|TAMS 0x0000000089200000, 0x0000000089200000| Complete 
| 127|0x0000000089300000, 0x0000000089400000, 0x0000000089400000|100%| E|CS|TAMS 0x0000000089300000, 0x0000000089300000| Complete 

Card table byte_map: [0x00000193751a0000,0x00000193755a0000] _byte_map_base: 0x0000019374d96000

Marking Bits (Prev, Next): (CMBitMap*) 0x000001936cafa600, (CMBitMap*) 0x000001936cafa5c8
 Prev Bits: [0x0000019377950000, 0x0000019379900000)
 Next Bits: [0x00000193759a0000, 0x0000019377950000)

Polling page: 0x000001936c270000

Metaspace:

Usage:
  Non-class:     28.46 MB capacity,    27.91 MB ( 98%) used,   449.58 KB (  2%) free+waste,   112.25 KB ( <1%) overhead. 
      Class:      4.18 MB capacity,     3.83 MB ( 92%) used,   304.50 KB (  7%) free+waste,    55.00 KB (  1%) overhead. 
       Both:     32.64 MB capacity,    31.74 MB ( 97%) used,   754.08 KB (  2%) free+waste,   167.25 KB ( <1%) overhead. 

Virtual space:
  Non-class space:       30.00 MB reserved,      28.50 MB ( 95%) committed 
      Class space:        1.00 GB reserved,       4.25 MB ( <1%) committed 
             Both:        1.03 GB reserved,      32.75 MB (  3%) committed 

Chunk freelists:
   Non-Class:  5.50 KB
       Class:  640 bytes
        Both:  6.13 KB

CodeHeap 'non-profiled nmethods': size=120064Kb used=1258Kb max_used=1258Kb free=118805Kb
 bounds [0x0000019307ac0000, 0x0000019307d30000, 0x000001930f000000]
CodeHeap 'profiled nmethods': size=120000Kb used=5877Kb max_used=5877Kb free=114122Kb
 bounds [0x0000019300590000, 0x0000019300b50000, 0x0000019307ac0000]
CodeHeap 'non-nmethods': size=5696Kb used=1136Kb max_used=1173Kb free=4559Kb
 bounds [0x0000019300000000, 0x0000019300270000, 0x0000019300590000]
 total_blobs=3763 nmethods=2664 adapters=371
 compilation: enabled
              stopped_count=0, restarted_count=0
 full_count=0

Compilation events (10 events):
Event: 7.764 Thread 0x000001937be3b800 2679       3       org.springframework.core.annotation.MergedAnnotationsCollection::get (23 bytes)
Event: 7.765 Thread 0x000001937be3b800 nmethod 2679 0x0000019300b48f90 code [0x0000019300b49160, 0x0000019300b49410]
Event: 7.828 Thread 0x000001937be38800 2680       4       org.springframework.asm.ClassReader::readInt (52 bytes)
Event: 7.829 Thread 0x000001937be3b800 2681       3       org.springframework.core.type.filter.AnnotationTypeFilter::<init> (8 bytes)
Event: 7.830 Thread 0x000001937be38800 nmethod 2680 0x0000019307bfa290 code [0x0000019307bfa420, 0x0000019307bfa518]
Event: 7.830 Thread 0x000001937be3b800 nmethod 2681 0x0000019300b49510 code [0x0000019300b49780, 0x0000019300b4a140]
Event: 7.830 Thread 0x000001937be3b800 2682       3       org.springframework.core.type.filter.AssignableTypeFilter::<init> (12 bytes)
Event: 7.831 Thread 0x000001937be3b800 nmethod 2682 0x0000019300b4a510 code [0x0000019300b4a720, 0x0000019300b4ac60]
Event: 7.831 Thread 0x000001937be3b800 2683       3       org.springframework.boot.test.autoconfigure.filter.AnnotationCustomizableTypeExcludeFilter::isTypeOrAnnotated (46 bytes)
Event: 7.832 Thread 0x000001937be3b800 nmethod 2683 0x0000019300b4ae90 code [0x0000019300b4b160, 0x0000019300b4c010]

GC Heap History (10 events):
Event: 1.674 GC heap before
{Heap before GC invocations=1 (full 0):
 garbage-first heap   total 131072K, used 15753K [0x0000000081400000, 0x0000000100000000)
  region size 1024K, 8 young (8192K), 2 survivors (2048K)
 Metaspace       used 10707K, capacity 10992K, committed 11136K, reserved 1058816K
  class space    used 1027K, capacity 1115K, committed 1152K, reserved 1048576K
}
Event: 1.678 GC heap after
{Heap after GC invocations=2 (full 0):
 garbage-first heap   total 131072K, used 9997K [0x0000000081400000, 0x0000000100000000)
  region size 1024K, 1 young (1024K), 1 survivors (1024K)
 Metaspace       used 10707K, capacity 10992K, committed 11136K, reserved 1058816K
  class space    used 1027K, capacity 1115K, committed 1152K, reserved 1048576K
}
Event: 2.576 GC heap before
{Heap before GC invocations=2 (full 0):
 garbage-first heap   total 131072K, used 29453K [0x0000000081400000, 0x0000000100000000)
  region size 1024K, 20 young (20480K), 1 survivors (1024K)
 Metaspace       used 13587K, capacity 14143K, committed 14464K, reserved 1062912K
  class space    used 1406K, capacity 1594K, committed 1664K, reserved 1048576K
}
Event: 2.579 GC heap after
{Heap after GC invocations=3 (full 0):
 garbage-first heap   total 131072K, used 10630K [0x0000000081400000, 0x0000000100000000)
  region size 1024K, 1 young (1024K), 1 survivors (1024K)
 Metaspace       used 13587K, capacity 14143K, committed 14464K, reserved 1062912K
  class space    used 1406K, capacity 1594K, committed 1664K, reserved 1048576K
}
Event: 4.433 GC heap before
{Heap before GC invocations=3 (full 0):
 garbage-first heap   total 131072K, used 54662K [0x0000000081400000, 0x0000000100000000)
  region size 1024K, 44 young (45056K), 1 survivors (1024K)
 Metaspace       used 20179K, capacity 20923K, committed 21248K, reserved 1069056K
  class space    used 2190K, capacity 2453K, committed 2560K, reserved 1048576K
}
Event: 4.439 GC heap after
{Heap after GC invocations=4 (full 0):
 garbage-first heap   total 131072K, used 12451K [0x0000000081400000, 0x0000000100000000)
  region size 1024K, 3 young (3072K), 3 survivors (3072K)
 Metaspace       used 20179K, capacity 20923K, committed 21248K, reserved 1069056K
  class space    used 2190K, capacity 2453K, committed 2560K, reserved 1048576K
}
Event: 4.521 GC heap before
{Heap before GC invocations=4 (full 0):
 garbage-first heap   total 131072K, used 14499K [0x0000000081400000, 0x0000000100000000)
  region size 1024K, 6 young (6144K), 3 survivors (3072K)
 Metaspace       used 20482K, capacity 21153K, committed 21248K, reserved 1069056K
  class space    used 2223K, capacity 2486K, committed 2560K, reserved 1048576K
}
Event: 4.527 GC heap after
{Heap after GC invocations=5 (full 0):
 garbage-first heap   total 131072K, used 12594K [0x0000000081400000, 0x0000000100000000)
  region size 1024K, 3 young (3072K), 3 survivors (3072K)
 Metaspace       used 20482K, capacity 21153K, committed 21248K, reserved 1069056K
  class space    used 2223K, capacity 2486K, committed 2560K, reserved 1048576K
}
Event: 6.155 GC heap before
{Heap before GC invocations=6 (full 0):
 garbage-first heap   total 131072K, used 60722K [0x0000000081400000, 0x0000000100000000)
  region size 1024K, 51 young (52224K), 3 survivors (3072K)
 Metaspace       used 25961K, capacity 26898K, committed 27008K, reserved 1073152K
  class space    used 3039K, capacity 3406K, committed 3456K, reserved 1048576K
}
Event: 6.192 GC heap after
{Heap after GC invocations=7 (full 0):
 garbage-first heap   total 131072K, used 14009K [0x0000000081400000, 0x0000000100000000)
  region size 1024K, 5 young (5120K), 5 survivors (5120K)
 Metaspace       used 25961K, capacity 26898K, committed 27008K, reserved 1073152K
  class space    used 3039K, capacity 3406K, committed 3456K, reserved 1048576K
}

Deoptimization events (10 events):
Event: 4.873 Thread 0x000001936cab9800 Uncommon trap: reason=unstable_if action=reinterpret pc=0x0000019307b6ed94 method=java.lang.String.indexOf([BBILjava/lang/String;I)I @ 21 c2
Event: 4.874 Thread 0x000001936cab9800 Uncommon trap: reason=unstable_if action=reinterpret pc=0x0000019307b770dc method=java.lang.String.indexOf([BBILjava/lang/String;I)I @ 21 c2
Event: 5.039 Thread 0x000001936cab9800 Uncommon trap: reason=unstable_if action=reinterpret pc=0x0000019307b0fb34 method=java.util.HashMap.hash(Ljava/lang/Object;)I @ 1 c2
Event: 5.607 Thread 0x000001936cab9800 Uncommon trap: reason=unstable_if action=reinterpret pc=0x0000019307b72794 method=java.net.URL.<init>(Ljava/net/URL;Ljava/lang/String;Ljava/net/URLStreamHandler;)V @ 347 c2
Event: 5.775 Thread 0x000001937dc36000 Uncommon trap: reason=unstable_if action=reinterpret pc=0x0000019307b61670 method=sun.net.www.ParseUtil.firstEncodeIndex(Ljava/lang/String;)I @ 51 c2
Event: 5.776 Thread 0x000001937dc36000 Uncommon trap: reason=unstable_if action=reinterpret pc=0x0000019307b3731c method=sun.net.www.ParseUtil.firstEncodeIndex(Ljava/lang/String;)I @ 51 c2
Event: 5.953 Thread 0x000001937dc36000 Uncommon trap: reason=unstable_if action=reinterpret pc=0x0000019307b14598 method=java.util.jar.JarFile.getVersionedEntry(Ljava/lang/String;Ljava/util/jar/JarEntry;)Ljava/util/jar/JarEntry; @ 7 c2
Event: 6.260 Thread 0x000001936cab9800 Uncommon trap: reason=unstable_if action=reinterpret pc=0x0000019307b3017c method=java.util.concurrent.ConcurrentHashMap.get(Ljava/lang/Object;)Ljava/lang/Object; @ 76 c2
Event: 7.220 Thread 0x000001937dc36000 Uncommon trap: reason=intrinsic_or_type_checked_inlining action=make_not_entrant pc=0x0000019307be9df8 method=java.util.Arrays.copyOf([Ljava/lang/Object;ILjava/lang/Class;)[Ljava/lang/Object; @ 35 c2
Event: 7.296 Thread 0x000001936cab9800 Uncommon trap: reason=unstable_if action=reinterpret pc=0x0000019307bae8c8 method=java.nio.Buffer.limit(I)Ljava/nio/Buffer; @ 45 c2

Classes redefined (0 events):
No events

Internal exceptions (10 events):
Event: 6.305 Thread 0x000001936cab9800 Exception <a 'java/lang/ClassNotFoundException'{0x0000000088db11c8}: org/springframework/context/ApplicationStartupAwareCustomizer> (0x0000000088db11c8) thrown at [t:/workspace/open/src/hotspot/share/classfile/systemDictionary.cpp, line 231]
Event: 6.307 Thread 0x000001936cab9800 Exception <a 'java/lang/ClassNotFoundException'{0x0000000088dce9a8}: org/springframework/beans/factory/AwareCustomizer> (0x0000000088dce9a8) thrown at [t:/workspace/open/src/hotspot/share/classfile/systemDictionary.cpp, line 231]
Event: 6.309 Thread 0x000001936cab9800 Exception <a 'java/lang/ClassNotFoundException'{0x0000000088c0ef50}: org/springframework/beans/factory/BeanClassLoaderAwareCustomizer> (0x0000000088c0ef50) thrown at [t:/workspace/open/src/hotspot/share/classfile/systemDictionary.cpp, line 231]
Event: 6.311 Thread 0x000001936cab9800 Exception <a 'java/lang/ClassNotFoundException'{0x0000000088c2c4d0}: org/springframework/beans/factory/AwareCustomizer> (0x0000000088c2c4d0) thrown at [t:/workspace/open/src/hotspot/share/classfile/systemDictionary.cpp, line 231]
Event: 6.313 Thread 0x000001936cab9800 Exception <a 'java/lang/ClassNotFoundException'{0x0000000088c4a438}: org/springframework/context/EnvironmentAwareCustomizer> (0x0000000088c4a438) thrown at [t:/workspace/open/src/hotspot/share/classfile/systemDictionary.cpp, line 231]
Event: 6.315 Thread 0x000001936cab9800 Exception <a 'java/lang/ClassNotFoundException'{0x0000000088c67930}: org/springframework/beans/factory/AwareCustomizer> (0x0000000088c67930) thrown at [t:/workspace/open/src/hotspot/share/classfile/systemDictionary.cpp, line 231]
Event: 7.204 Thread 0x000001937dc36000 Exception <a 'java/lang/NoSuchMethodError'{0x00000000877cccc0}: java.lang.invoke.DirectMethodHandle$Holder.invokeStaticInit(Ljava/lang/Object;Ljava/lang/Object;Ljava/lang/Object;Ljava/lang/Object;Ljava/lang/Object;)Ljava/lang/Object;> (0x00000000877cccc0)
Event: 7.217 Thread 0x000001937dc36000 Exception <a 'java/lang/NoSuchMethodError'{0x0000000087638860}: java.lang.invoke.DirectMethodHandle$Holder.invokeSpecial(Ljava/lang/Object;Ljava/lang/Object;IILjava/lang/Object;Ljava/lang/Object;Ljava/lang/Object;)Ljava/lang/Object;> (0x0000000087638860) 
Event: 7.217 Thread 0x000001937dc36000 Exception <a 'java/lang/NoSuchMethodError'{0x000000008763bde8}: java.lang.invoke.DelegatingMethodHandle$Holder.reinvoke_L(Ljava/lang/Object;IILjava/lang/Object;Ljava/lang/Object;Ljava/lang/Object;)Ljava/lang/Object;> (0x000000008763bde8) thrown at [t:/wor
Event: 7.218 Thread 0x000001937dc36000 Exception <a 'java/lang/NoSuchMethodError'{0x000000008763fbc8}: java.lang.invoke.DirectMethodHandle$Holder.invokeStatic(Ljava/lang/Object;Ljava/lang/Object;Ljava/lang/Object;Ljava/lang/Object;I)Ljava/lang/Object;> (0x000000008763fbc8) thrown at [t:/worksp

Events (10 events):
Event: 7.906 loading class com/fasterxml/jackson/databind/ser/std/StringSerializer
Event: 7.906 loading class com/fasterxml/jackson/databind/ser/std/StringSerializer done
Event: 7.907 loading class com/fasterxml/jackson/databind/ser/std/NumberSerializers
Event: 7.907 loading class com/fasterxml/jackson/databind/ser/std/NumberSerializers done
Event: 7.908 loading class com/fasterxml/jackson/databind/ser/std/NumberSerializers$IntegerSerializer
Event: 7.908 loading class com/fasterxml/jackson/databind/ser/std/NumberSerializers$IntegerSerializer done
Event: 7.909 loading class com/fasterxml/jackson/databind/ser/std/NumberSerializers$Base
Event: 7.909 loading class com/fasterxml/jackson/databind/ser/std/NumberSerializers$Base done
Event: 7.910 loading class com/fasterxml/jackson/core/JsonParser$NumberType
Event: 7.910 loading class com/fasterxml/jackson/core/JsonParser$NumberType done


Dynamic libraries:
0x00007ff7baf60000 - 0x00007ff7bafa5000 	C:\01DevelopKits\jdk-11\bin\java.exe
0x00007ffacd8b0000 - 0x00007ffacdaa8000 	C:\Windows\SYSTEM32\ntdll.dll
0x00007ffaccd70000 - 0x00007ffacce2f000 	C:\Windows\System32\KERNEL32.DLL
0x00007ffacb470000 - 0x00007ffacb766000 	C:\Windows\System32\KERNELBASE.dll
0x00007ffacb910000 - 0x00007ffacbaad000 	C:\Windows\System32\USER32.dll
0x00007ffacb2e0000 - 0x00007ffacb302000 	C:\Windows\System32\win32u.dll
0x00007ffacc9d0000 - 0x00007ffacc9fc000 	C:\Windows\System32\GDI32.dll
0x00007ffacb0d0000 - 0x00007ffacb1e5000 	C:\Windows\System32\gdi32full.dll
0x00007ffacb870000 - 0x00007ffacb90d000 	C:\Windows\System32\msvcp_win.dll
0x00007ffacb770000 - 0x00007ffacb870000 	C:\Windows\System32\ucrtbase.dll
0x00007ffaca2d0000 - 0x00007ffaca56a000 	C:\Windows\WinSxS\amd64_microsoft.windows.common-controls_6595b64144ccf1df_6.0.19041.1110_none_60b5254171f9507e\COMCTL32.dll
0x00007ffacbab0000 - 0x00007ffacbb4e000 	C:\Windows\System32\msvcrt.dll
0x00007ffaccb90000 - 0x00007ffaccbc0000 	C:\Windows\System32\IMM32.DLL
0x00007ffac3da0000 - 0x00007ffac3db6000 	C:\01DevelopKits\jdk-11\bin\vcruntime140.dll
0x00007ffa993a0000 - 0x00007ffa9944a000 	C:\01DevelopKits\jdk-11\bin\msvcp140.dll
0x00007ffa665b0000 - 0x00007ffa670f1000 	C:\01DevelopKits\jdk-11\bin\server\jvm.dll
0x00007ffacd5e0000 - 0x00007ffacd68f000 	C:\Windows\System32\ADVAPI32.dll
0x00007ffacd390000 - 0x00007ffacd42c000 	C:\Windows\System32\sechost.dll
0x00007ffacca60000 - 0x00007ffaccb86000 	C:\Windows\System32\RPCRT4.dll
0x00007ffacc050000 - 0x00007ffacc058000 	C:\Windows\System32\PSAPI.DLL
0x00007ffaa4f20000 - 0x00007ffaa4f29000 	C:\Windows\SYSTEM32\WSOCK32.dll
0x00007ffaccbc0000 - 0x00007ffaccc2b000 	C:\Windows\System32\WS2_32.dll
0x00007ffab7dd0000 - 0x00007ffab7df7000 	C:\Windows\SYSTEM32\WINMM.dll
0x00007ffac7c60000 - 0x00007ffac7c6a000 	C:\Windows\SYSTEM32\VERSION.dll
0x00007ffac7ff0000 - 0x00007ffac8002000 	C:\Windows\SYSTEM32\kernel.appcore.dll
0x00007ffac3d80000 - 0x00007ffac3d91000 	C:\01DevelopKits\jdk-11\bin\verify.dll
0x00007ffacaad0000 - 0x00007ffacacb4000 	C:\Windows\SYSTEM32\DBGHELP.DLL
0x00007ffaca8e0000 - 0x00007ffaca914000 	C:\Windows\SYSTEM32\dbgcore.DLL
0x00007ffacaf90000 - 0x00007ffacb012000 	C:\Windows\System32\bcryptPrimitives.dll
0x00007ffabbec0000 - 0x00007ffabbee8000 	C:\01DevelopKits\jdk-11\bin\java.dll
0x00007ffac2440000 - 0x00007ffac246f000 	C:\01DevelopKits\jdk-11\bin\instrument.dll
0x00007ffac2410000 - 0x00007ffac2426000 	C:\01DevelopKits\jdk-11\bin\zip.dll
0x00007ffac40b0000 - 0x00007ffac40ba000 	C:\01DevelopKits\jdk-11\bin\jimage.dll
0x00007ffacc190000 - 0x00007ffacc8d4000 	C:\Windows\System32\SHELL32.dll
0x00007ffac82f0000 - 0x00007ffac8a83000 	C:\Windows\SYSTEM32\windows.storage.dll
0x00007ffacd030000 - 0x00007ffacd384000 	C:\Windows\System32\combase.dll
0x00007ffaca570000 - 0x00007ffaca59e000 	C:\Windows\SYSTEM32\Wldp.dll
0x00007ffacd760000 - 0x00007ffacd80d000 	C:\Windows\System32\SHCORE.dll
0x00007ffacc970000 - 0x00007ffacc9c5000 	C:\Windows\System32\shlwapi.dll
0x00007ffacaec0000 - 0x00007ffacaee5000 	C:\Windows\SYSTEM32\profapi.dll
0x00007ffac3d60000 - 0x00007ffac3d79000 	C:\01DevelopKits\jdk-11\bin\net.dll
0x00007ffabc500000 - 0x00007ffabc60a000 	C:\Windows\SYSTEM32\WINHTTP.dll
0x00007ffaca120000 - 0x00007ffaca18a000 	C:\Windows\system32\mswsock.dll
0x00007ffaa3710000 - 0x00007ffaa3723000 	C:\01DevelopKits\jdk-11\bin\nio.dll
0x00007ffac40c0000 - 0x00007ffac40da000 	C:\IntelliJ IDEA Community Edition 2023.1.1\bin\breakgen64.dll
0x00007ffac4690000 - 0x00007ffac4699000 	C:\01DevelopKits\jdk-11\bin\management.dll
0x00007ffac4680000 - 0x00007ffac468c000 	C:\01DevelopKits\jdk-11\bin\management_ext.dll
0x00007ffaa8f90000 - 0x00007ffaa8fa7000 	C:\Windows\system32\napinsp.dll
0x00007ffaabd50000 - 0x00007ffaabd6b000 	C:\Windows\system32\pnrpnsp.dll
0x00007ffac4ff0000 - 0x00007ffac5005000 	C:\Windows\system32\wshbth.dll
0x00007ffac5bb0000 - 0x00007ffac5bcd000 	C:\Windows\system32\NLAapi.dll
0x00007ffac9d10000 - 0x00007ffac9d4b000 	C:\Windows\SYSTEM32\IPHLPAPI.DLL
0x00007ffac9d50000 - 0x00007ffac9e1a000 	C:\Windows\SYSTEM32\DNSAPI.dll
0x00007ffaccd60000 - 0x00007ffaccd68000 	C:\Windows\System32\NSI.dll
0x00007ffaac160000 - 0x00007ffaac172000 	C:\Windows\System32\winrnr.dll
0x00007ffab70e0000 - 0x00007ffab70ea000 	C:\Windows\System32\rasadhlp.dll
0x00007ffab8030000 - 0x00007ffab80b2000 	C:\Windows\System32\fwpuclnt.dll
0x00007ffacb1f0000 - 0x00007ffacb217000 	C:\Windows\System32\bcrypt.dll

dbghelp: loaded successfully - version: 4.0.5 - missing functions: none
symbol engine: initialized successfully - sym options: 0x614 - pdb path: .;C:\01DevelopKits\jdk-11\bin;C:\Windows\SYSTEM32;C:\Windows\WinSxS\amd64_microsoft.windows.common-controls_6595b64144ccf1df_6.0.19041.1110_none_60b5254171f9507e;C:\01DevelopKits\jdk-11\bin\server;C:\IntelliJ IDEA Community Edition 2023.1.1\bin

VM Arguments:
jvm_args: -ea -Didea.test.cyclic.buffer.size=1048576 -javaagent:C:\IntelliJ IDEA Community Edition 2023.1.1\lib\idea_rt.jar=64413:C:\IntelliJ IDEA Community Edition 2023.1.1\bin -Dfile.encoding=UTF-8 
java_command: com.intellij.rt.junit.JUnitStarter -ideVersion5 -junit5 com.zerobase.cafebom.cart.controller.CartControllerTest,successCartIdList
java_class_path (initial): C:\Users\thsu1\.m2\repository\org\junit\platform\junit-platform-launcher\1.8.2\junit-platform-launcher-1.8.2.jar;C:\Users\thsu1\.m2\repository\org\junit\platform\junit-platform-engine\1.8.2\junit-platform-engine-1.8.2.jar;C:\Users\thsu1\.m2\repository\org\opentest4j\opentest4j\1.2.0\opentest4j-1.2.0.jar;C:\Users\thsu1\.m2\repository\org\junit\platform\junit-platform-commons\1.8.2\junit-platform-commons-1.8.2.jar;C:\Users\thsu1\.m2\repository\org\apiguardian\apiguardian-api\1.1.2\apiguardian-api-1.1.2.jar;C:\IntelliJ IDEA Community Edition 2023.1.1\lib\idea_rt.jar;C:\IntelliJ IDEA Community Edition 2023.1.1\plugins\junit\lib\junit5-rt.jar;C:\IntelliJ IDEA Community Edition 2023.1.1\plugins\junit\lib\junit-rt.jar;C:\01DevelopKits\cafe-bom\out\test\classes;C:\01DevelopKits\cafe-bom\out\production\classes;C:\01DevelopKits\cafe-bom\out\production\resources;C:\Users\thsu1\.gradle\caches\modules-2\files-2.1\org.springframework.boot\spring-boot-starter-data-jpa\2.7.14\ad7d3be24a386ec45ce020b8922e9d056f7a6835\spring-boot-starter-data-jpa-2.7.14.jar;C:\Users\thsu1\.gradle\caches\modules-2\files-2.1\org.springframework.boot\spring-boot-starter-validation\2.7.14\6e88ca463b6d7294f3206da9a57a645ca41b9665\spring-boot-starter-validation-2.7.14.jar;C:\Users\thsu1\.gradle\caches\modules-2\files-2.1\org.springframework.boot\spring-boot-starter-web\2.7.14\300b311c5fb98a2ee547df33a9d37782dddb496e\spring-boot-starter-web-2.7.14.jar;C:\Users\thsu1\.gradle\caches\modules-2\files-2.1\org.springframework.boot\spring-boot-starter-webflux\2.7.14\7a198069c7f8936fef0a9f176d221f790ca0a70f\spring-boot-starter-webflux-2.7.14.jar;C:\Users\thsu1\.gradle\caches\modules-2\files-2.1\io.jsonwebtoken\jjwt\0.9.1\54d2abfc3e63a28824d35bf600d6a5d627da681a\jjwt-0.9.1.jar;C:\Users\thsu1\.gradle\caches\modules-2\files-2.1\io.springfox\springfox-boot-starter\3.0.0\5486365e263f8acca014b97efa50c3419d58e8f6\springfox-boot-starter-3.0.0.jar;C:\Users\thsu1\.gradle\caches\modules-2\files-2.
Launcher Type: SUN_STANDARD

[Global flags]
     intx CICompilerCount                          = 3                                         {product} {ergonomic}
     uint ConcGCThreads                            = 1                                         {product} {ergonomic}
     uint G1ConcRefinementThreads                  = 4                                         {product} {ergonomic}
   size_t G1HeapRegionSize                         = 1048576                                   {product} {ergonomic}
    uintx GCDrainStackTargetSize                   = 64                                        {product} {ergonomic}
   size_t InitialHeapSize                          = 134217728                                 {product} {ergonomic}
   size_t MarkStackSize                            = 4194304                                   {product} {ergonomic}
   size_t MaxHeapSize                              = 2126512128                                {product} {ergonomic}
   size_t MaxNewSize                               = 1275068416                                {product} {ergonomic}
   size_t MinHeapDeltaBytes                        = 1048576                                   {product} {ergonomic}
    uintx NonNMethodCodeHeapSize                   = 5830092                                {pd product} {ergonomic}
    uintx NonProfiledCodeHeapSize                  = 122914074                              {pd product} {ergonomic}
    uintx ProfiledCodeHeapSize                     = 122914074                              {pd product} {ergonomic}
    uintx ReservedCodeCacheSize                    = 251658240                              {pd product} {ergonomic}
     bool SegmentedCodeCache                       = true                                      {product} {ergonomic}
     bool UseCompressedClassPointers               = true                                 {lp64_product} {ergonomic}
     bool UseCompressedOops                        = true                                 {lp64_product} {ergonomic}
     bool UseG1GC                                  = true                                      {product} {ergonomic}
     bool UseLargePagesIndividualAllocation        = false                                  {pd product} {ergonomic}

Logging:
Log output configuration:
 #0: stdout all=warning uptime,level,tags
 #1: stderr all=off uptime,level,tags

Environment Variables:
JAVA_HOME=C:\01DevelopKits\jdk-11
PATH=C:\Program Files\Common Files\Oracle\Java\javapath;C:\01DevelopKits\app\oracle\product\11.2.0\server\bin;C:\Windows\system32;C:\Windows;C:\Windows\System32\Wbem;C:\Windows\System32\WindowsPowerShell\v1.0\;C:\Windows\System32\OpenSSH\;C:\01DevelopKits\jdk-11\bin;C:\Program Files\Git\cmd;C:\Program Files\MySQL\MySQL Shell 8.0\bin\;C:\Users\thsu1\AppData\Local\Microsoft\WindowsApps;;C:\Users\thsu1\AppData\Local\Programs\Microsoft VS Code\bin;C:\IntelliJ IDEA Community Edition 2023.1.1\bin;
USERNAME=thsu1
OS=Windows_NT
PROCESSOR_IDENTIFIER=Intel64 Family 6 Model 78 Stepping 3, GenuineIntel



---------------  S Y S T E M  ---------------

OS: Windows 10 , 64 bit Build 19041 (10.0.19041.3155)

CPU:total 4 (initial active 4) (2 cores per cpu, 2 threads per core) family 6 model 78 stepping 3, cmov, cx8, fxsr, mmx, sse, sse2, sse3, ssse3, sse4.1, sse4.2, popcnt, avx, avx2, aes, clmul, erms, 3dnowpref, lzcnt, ht, tsc, tscinvbit, bmi1, bmi2, adx, fma

Memory: 4k page, system-wide physical 8108M (794M free)
TotalPageFile size 16166M (AvailPageFile size 5M)
current process WorkingSet (physical memory assigned to process): 177M, peak: 179M
current process commit charge ("private bytes"): 275M, peak: 276M

vm_info: OpenJDK 64-Bit Server VM (11+28) for windows-amd64 JRE (11+28), built on Aug 23 2018 03:04:58 by "mach5one" with MS VC++ 15.5 (VS2017)

END.
