#
# There is insufficient memory for the Java Runtime Environment to continue.
# Native memory allocation (malloc) failed to allocate 728336 bytes for Chunk::new
# Possible reasons:
#   The system is out of physical RAM or swap space
#   The process is running with CompressedOops enabled, and the Java Heap may be blocking the growth of the native heap
# Possible solutions:
#   Reduce memory load on the system
#   Increase physical memory or swap space
#   Check if swap backing store is full
#   Decrease Java heap size (-Xmx/-Xms)
#   Decrease number of Java threads
#   Decrease Java thread stack sizes (-Xss)
#   Set larger code cache with -XX:ReservedCodeCacheSize=
#   JVM is running with Unscaled Compressed Oops mode in which the Java heap is
#     placed in the first 4GB address space. The Java Heap base address is the
#     maximum limit for the native heap growth. Please use -XX:HeapBaseMinAddress
#     to set the Java Heap base and to place the Java Heap above 4GB virtual address.
# This output file may be truncated or incomplete.
#
#  Out of Memory Error (t:/workspace/open/src/hotspot/share/memory/arena.cpp:197), pid=15164, tid=3784
#
# JRE version: OpenJDK Runtime Environment (11.0+28) (build 11+28)
# Java VM: OpenJDK 64-Bit Server VM (11+28, mixed mode, tiered, compressed oops, g1 gc, windows-amd64)
# No core dump will be written. Minidumps are not enabled by default on client versions of Windows
#

---------------  S U M M A R Y ------------

Command Line: -Dorg.gradle.internal.worker.tmpdir=C:\01DevelopKits\cafe-bom\build\tmp\test\work -Dorg.gradle.native=false -Xmx512m -Dfile.encoding=x-windows-949 -Duser.country=KR -Duser.language=ko -Duser.variant -ea worker.org.gradle.process.internal.worker.GradleWorkerMain 'Gradle Test Executor 1'

Host: Intel(R) Core(TM) i5-6200U CPU @ 2.30GHz, 4 cores, 7G,  Windows 10 , 64 bit Build 19041 (10.0.19041.3155)
Time: Mon Sep 11 18:32:02 2023 대한민국 표준시 elapsed time: 8 seconds (0d 0h 0m 8s)

---------------  T H R E A D  ---------------

Current thread (0x000001e35994e000):  JavaThread "C2 CompilerThread1" daemon [_thread_in_native, id=3784, stack(0x00000094b9100000,0x00000094b9200000)]


Current CompileTask:
C2:   8266 2532  s!   4       jdk.internal.loader.URLClassPath::getLoader (194 bytes)

Stack: [0x00000094b9100000,0x00000094b9200000]
Native frames: (J=compiled Java code, j=interpreted, Vv=VM code, C=native code)
V  [jvm.dll+0x63adaa]
V  [jvm.dll+0x77852f]
V  [jvm.dll+0x779b18]
V  [jvm.dll+0x77a1d3]
V  [jvm.dll+0x2624c8]
V  [jvm.dll+0xc5b61]
V  [jvm.dll+0xc60fc]
V  [jvm.dll+0x36e6d7]
V  [jvm.dll+0x1ad861]
V  [jvm.dll+0x21c472]
V  [jvm.dll+0x21b50a]
V  [jvm.dll+0x198400]
V  [jvm.dll+0x22a4ff]
V  [jvm.dll+0x228b18]
V  [jvm.dll+0x73dc3d]
V  [jvm.dll+0x639e42]
C  [ucrtbase.dll+0x21bb2]
C  [KERNEL32.DLL+0x17614]
C  [ntdll.dll+0x526b1]


---------------  P R O C E S S  ---------------

Threads class SMR info:
_java_thread_list=0x000001e35ac17b60, length=15, elements={
0x000001e33c762800, 0x000001e357a17800, 0x000001e357a21000, 0x000001e357a43800,
0x000001e357a44000, 0x000001e357a47800, 0x000001e357a4d000, 0x000001e358374000,
0x000001e358607000, 0x000001e35860e000, 0x000001e358828000, 0x000001e3592f5000,
0x000001e3592d8800, 0x000001e3597ea000, 0x000001e35994e000
}

Java Threads: ( => current thread )
  0x000001e33c762800 JavaThread "Test worker" [_thread_in_native, id=8808, stack(0x00000094b7700000,0x00000094b7800000)]
  0x000001e357a17800 JavaThread "Reference Handler" daemon [_thread_blocked, id=15248, stack(0x00000094b7e00000,0x00000094b7f00000)]
  0x000001e357a21000 JavaThread "Finalizer" daemon [_thread_blocked, id=7456, stack(0x00000094b7f00000,0x00000094b8000000)]
  0x000001e357a43800 JavaThread "Signal Dispatcher" daemon [_thread_blocked, id=10776, stack(0x00000094b8000000,0x00000094b8100000)]
  0x000001e357a44000 JavaThread "Attach Listener" daemon [_thread_blocked, id=12176, stack(0x00000094b8100000,0x00000094b8200000)]
  0x000001e357a47800 JavaThread "C2 CompilerThread0" daemon [_thread_in_native, id=9264, stack(0x00000094b8200000,0x00000094b8300000)]
  0x000001e357a4d000 JavaThread "C1 CompilerThread0" daemon [_thread_in_native, id=11304, stack(0x00000094b8300000,0x00000094b8400000)]
  0x000001e358374000 JavaThread "Sweeper thread" daemon [_thread_blocked, id=2392, stack(0x00000094b8400000,0x00000094b8500000)]
  0x000001e358607000 JavaThread "Service Thread" daemon [_thread_blocked, id=15124, stack(0x00000094b8500000,0x00000094b8600000)]
  0x000001e35860e000 JavaThread "Common-Cleaner" daemon [_thread_blocked, id=14536, stack(0x00000094b8700000,0x00000094b8800000)]
  0x000001e358828000 JavaThread "/127.0.0.1:64345 to /127.0.0.1:64343 workers" [_thread_blocked, id=14888, stack(0x00000094b8800000,0x00000094b8900000)]
  0x000001e3592f5000 JavaThread "/127.0.0.1:64345 to /127.0.0.1:64343 workers Thread 2" [_thread_blocked, id=3688, stack(0x00000094b8d00000,0x00000094b8e00000)]
  0x000001e3592d8800 JavaThread "/127.0.0.1:64345 to /127.0.0.1:64343 workers Thread 3" [_thread_in_native, id=16316, stack(0x00000094b8e00000,0x00000094b8f00000)]
  0x000001e3597ea000 JavaThread "background-preinit" [_thread_in_Java, id=15180, stack(0x00000094b8f00000,0x00000094b9000000)]
=>0x000001e35994e000 JavaThread "C2 CompilerThread1" daemon [_thread_in_native, id=3784, stack(0x00000094b9100000,0x00000094b9200000)]

Other Threads:
  0x000001e3579ef800 VMThread "VM Thread" [stack: 0x00000094b7d00000,0x00000094b7e00000] [id=5864]
  0x000001e358609000 WatcherThread [stack: 0x00000094b8600000,0x00000094b8700000] [id=16312]
  0x000001e33c77f800 GCTaskThread "GC Thread#0" [stack: 0x00000094b7800000,0x00000094b7900000] [id=8144]
  0x000001e358b89800 GCTaskThread "GC Thread#1" [stack: 0x00000094b8900000,0x00000094b8a00000] [id=15280]
  0x000001e358a37800 GCTaskThread "GC Thread#2" [stack: 0x00000094b8a00000,0x00000094b8b00000] [id=9112]
  0x000001e359a28800 GCTaskThread "GC Thread#3" [stack: 0x00000094b9000000,0x00000094b9100000] [id=14440]
  0x000001e33c78f800 ConcurrentGCThread "G1 Main Marker" [stack: 0x00000094b7900000,0x00000094b7a00000] [id=11208]
  0x000001e33c790800 ConcurrentGCThread "G1 Conc#0" [stack: 0x00000094b7a00000,0x00000094b7b00000] [id=12916]
  0x000001e33c818800 ConcurrentGCThread "G1 Refine#0" [stack: 0x00000094b7b00000,0x00000094b7c00000] [id=12736]
  0x000001e358688000 ConcurrentGCThread "G1 Refine#1" [stack: 0x00000094b8b00000,0x00000094b8c00000] [id=15776]
  0x000001e33c819800 ConcurrentGCThread "G1 Young RemSet Sampling" [stack: 0x00000094b7c00000,0x00000094b7d00000] [id=2816]

Threads with active compile tasks:
C2 CompilerThread02513   !   4       jdk.internal.loader.BuiltinClassLoader::loadClassOrNull (143 bytes)
C2 CompilerThread12532  s!   4       jdk.internal.loader.URLClassPath::getLoader (194 bytes)

VM state:not at safepoint (normal execution)

VM Mutex/Monitor currently owned by a thread: None

Heap address: 0x00000000e0000000, size: 512 MB, Compressed Oops mode: 32-bit
Narrow klass base: 0x0000000000000000, Narrow klass shift: 3
Compressed class space size: 1073741824 Address: 0x0000000100000000

Heap:
 garbage-first heap   total 131072K, used 55546K [0x00000000e0000000, 0x0000000100000000)
  region size 1024K, 47 young (48128K), 5 survivors (5120K)
 Metaspace       used 30069K, capacity 31065K, committed 31152K, reserved 1077248K
  class space    used 3695K, capacity 4060K, committed 4096K, reserved 1048576K
Heap Regions: E=young(eden), S=young(survivor), O=old, HS=humongous(starts), HC=humongous(continues), CS=collection set, F=free, A=archive, TAMS=top-at-mark-start (previous, next)
|   0|0x00000000e0000000, 0x00000000e0100000, 0x00000000e0100000|100%|HS|  |TAMS 0x00000000e0100000, 0x00000000e0000000| Complete 
|   1|0x00000000e0100000, 0x00000000e0200000, 0x00000000e0200000|100%| O|  |TAMS 0x00000000e0200000, 0x00000000e0100000| Untracked 
|   2|0x00000000e0200000, 0x00000000e0300000, 0x00000000e0300000|100%| O|  |TAMS 0x00000000e0300000, 0x00000000e0200000| Untracked 
|   3|0x00000000e0300000, 0x00000000e0400000, 0x00000000e0400000|100%| O|  |TAMS 0x00000000e0400000, 0x00000000e0300000| Untracked 
|   4|0x00000000e0400000, 0x00000000e0500000, 0x00000000e0500000|100%| O|  |TAMS 0x00000000e0500000, 0x00000000e0400000| Untracked 
|   5|0x00000000e0500000, 0x00000000e0600000, 0x00000000e0600000|100%| O|  |TAMS 0x00000000e0600000, 0x00000000e0500000| Untracked 
|   6|0x00000000e0600000, 0x00000000e0700000, 0x00000000e0700000|100%| O|  |TAMS 0x00000000e0700000, 0x00000000e0600000| Untracked 
|   7|0x00000000e0700000, 0x00000000e0800000, 0x00000000e0800000|100%| O|  |TAMS 0x00000000e0800000, 0x00000000e0700000| Untracked 
|   8|0x00000000e0800000, 0x00000000e0900000, 0x00000000e0900000|100%| O|  |TAMS 0x00000000e0900000, 0x00000000e0800000| Untracked 
|   9|0x00000000e0900000, 0x00000000e0955800, 0x00000000e0a00000| 33%| O|  |TAMS 0x00000000e0955800, 0x00000000e0900000| Untracked 
|  10|0x00000000e0a00000, 0x00000000e0a00000, 0x00000000e0b00000|  0%| F|  |TAMS 0x00000000e0a00000, 0x00000000e0a00000| Untracked 
|  11|0x00000000e0b00000, 0x00000000e0b00000, 0x00000000e0c00000|  0%| F|  |TAMS 0x00000000e0b00000, 0x00000000e0b00000| Untracked 
|  12|0x00000000e0c00000, 0x00000000e0c00000, 0x00000000e0d00000|  0%| F|  |TAMS 0x00000000e0c00000, 0x00000000e0c00000| Untracked 
|  13|0x00000000e0d00000, 0x00000000e0d00000, 0x00000000e0e00000|  0%| F|  |TAMS 0x00000000e0d00000, 0x00000000e0d00000| Untracked 
|  14|0x00000000e0e00000, 0x00000000e0e00000, 0x00000000e0f00000|  0%| F|  |TAMS 0x00000000e0e00000, 0x00000000e0e00000| Untracked 
|  15|0x00000000e0f00000, 0x00000000e0f00000, 0x00000000e1000000|  0%| F|  |TAMS 0x00000000e0f00000, 0x00000000e0f00000| Untracked 
|  16|0x00000000e1000000, 0x00000000e1000000, 0x00000000e1100000|  0%| F|  |TAMS 0x00000000e1000000, 0x00000000e1000000| Untracked 
|  17|0x00000000e1100000, 0x00000000e1100000, 0x00000000e1200000|  0%| F|  |TAMS 0x00000000e1100000, 0x00000000e1100000| Untracked 
|  18|0x00000000e1200000, 0x00000000e1200000, 0x00000000e1300000|  0%| F|  |TAMS 0x00000000e1200000, 0x00000000e1200000| Untracked 
|  19|0x00000000e1300000, 0x00000000e1300000, 0x00000000e1400000|  0%| F|  |TAMS 0x00000000e1300000, 0x00000000e1300000| Untracked 
|  20|0x00000000e1400000, 0x00000000e1400000, 0x00000000e1500000|  0%| F|  |TAMS 0x00000000e1400000, 0x00000000e1400000| Untracked 
|  21|0x00000000e1500000, 0x00000000e1500000, 0x00000000e1600000|  0%| F|  |TAMS 0x00000000e1500000, 0x00000000e1500000| Untracked 
|  22|0x00000000e1600000, 0x00000000e1600000, 0x00000000e1700000|  0%| F|  |TAMS 0x00000000e1600000, 0x00000000e1600000| Untracked 
|  23|0x00000000e1700000, 0x00000000e1700000, 0x00000000e1800000|  0%| F|  |TAMS 0x00000000e1700000, 0x00000000e1700000| Untracked 
|  24|0x00000000e1800000, 0x00000000e1800000, 0x00000000e1900000|  0%| F|  |TAMS 0x00000000e1800000, 0x00000000e1800000| Untracked 
|  25|0x00000000e1900000, 0x00000000e1900000, 0x00000000e1a00000|  0%| F|  |TAMS 0x00000000e1900000, 0x00000000e1900000| Untracked 
|  26|0x00000000e1a00000, 0x00000000e1a00000, 0x00000000e1b00000|  0%| F|  |TAMS 0x00000000e1a00000, 0x00000000e1a00000| Untracked 
|  27|0x00000000e1b00000, 0x00000000e1b00000, 0x00000000e1c00000|  0%| F|  |TAMS 0x00000000e1b00000, 0x00000000e1b00000| Untracked 
|  28|0x00000000e1c00000, 0x00000000e1c00000, 0x00000000e1d00000|  0%| F|  |TAMS 0x00000000e1c00000, 0x00000000e1c00000| Untracked 
|  29|0x00000000e1d00000, 0x00000000e1d00000, 0x00000000e1e00000|  0%| F|  |TAMS 0x00000000e1d00000, 0x00000000e1d00000| Untracked 
|  30|0x00000000e1e00000, 0x00000000e1e00000, 0x00000000e1f00000|  0%| F|  |TAMS 0x00000000e1e00000, 0x00000000e1e00000| Untracked 
|  31|0x00000000e1f00000, 0x00000000e1f00000, 0x00000000e2000000|  0%| F|  |TAMS 0x00000000e1f00000, 0x00000000e1f00000| Untracked 
|  32|0x00000000e2000000, 0x00000000e2000000, 0x00000000e2100000|  0%| F|  |TAMS 0x00000000e2000000, 0x00000000e2000000| Untracked 
|  33|0x00000000e2100000, 0x00000000e2100000, 0x00000000e2200000|  0%| F|  |TAMS 0x00000000e2100000, 0x00000000e2100000| Untracked 
|  34|0x00000000e2200000, 0x00000000e2200000, 0x00000000e2300000|  0%| F|  |TAMS 0x00000000e2200000, 0x00000000e2200000| Untracked 
|  35|0x00000000e2300000, 0x00000000e2300000, 0x00000000e2400000|  0%| F|  |TAMS 0x00000000e2300000, 0x00000000e2300000| Untracked 
|  36|0x00000000e2400000, 0x00000000e2400000, 0x00000000e2500000|  0%| F|  |TAMS 0x00000000e2400000, 0x00000000e2400000| Untracked 
|  37|0x00000000e2500000, 0x00000000e2500000, 0x00000000e2600000|  0%| F|  |TAMS 0x00000000e2500000, 0x00000000e2500000| Untracked 
|  38|0x00000000e2600000, 0x00000000e2600000, 0x00000000e2700000|  0%| F|  |TAMS 0x00000000e2600000, 0x00000000e2600000| Untracked 
|  39|0x00000000e2700000, 0x00000000e2700000, 0x00000000e2800000|  0%| F|  |TAMS 0x00000000e2700000, 0x00000000e2700000| Untracked 
|  40|0x00000000e2800000, 0x00000000e2800000, 0x00000000e2900000|  0%| F|  |TAMS 0x00000000e2800000, 0x00000000e2800000| Untracked 
|  41|0x00000000e2900000, 0x00000000e2900000, 0x00000000e2a00000|  0%| F|  |TAMS 0x00000000e2900000, 0x00000000e2900000| Untracked 
|  42|0x00000000e2a00000, 0x00000000e2a00000, 0x00000000e2b00000|  0%| F|  |TAMS 0x00000000e2a00000, 0x00000000e2a00000| Untracked 
|  43|0x00000000e2b00000, 0x00000000e2b00000, 0x00000000e2c00000|  0%| F|  |TAMS 0x00000000e2b00000, 0x00000000e2b00000| Untracked 
|  44|0x00000000e2c00000, 0x00000000e2c00000, 0x00000000e2d00000|  0%| F|  |TAMS 0x00000000e2c00000, 0x00000000e2c00000| Untracked 
|  45|0x00000000e2d00000, 0x00000000e2d00000, 0x00000000e2e00000|  0%| F|  |TAMS 0x00000000e2d00000, 0x00000000e2d00000| Untracked 
|  46|0x00000000e2e00000, 0x00000000e2e00000, 0x00000000e2f00000|  0%| F|  |TAMS 0x00000000e2e00000, 0x00000000e2e00000| Untracked 
|  47|0x00000000e2f00000, 0x00000000e2f00000, 0x00000000e3000000|  0%| F|  |TAMS 0x00000000e2f00000, 0x00000000e2f00000| Untracked 
|  48|0x00000000e3000000, 0x00000000e3000000, 0x00000000e3100000|  0%| F|  |TAMS 0x00000000e3000000, 0x00000000e3000000| Untracked 
|  49|0x00000000e3100000, 0x00000000e3100000, 0x00000000e3200000|  0%| F|  |TAMS 0x00000000e3100000, 0x00000000e3100000| Untracked 
|  50|0x00000000e3200000, 0x00000000e3200000, 0x00000000e3300000|  0%| F|  |TAMS 0x00000000e3200000, 0x00000000e3200000| Untracked 
|  51|0x00000000e3300000, 0x00000000e3300000, 0x00000000e3400000|  0%| F|  |TAMS 0x00000000e3300000, 0x00000000e3300000| Untracked 
|  52|0x00000000e3400000, 0x00000000e3400000, 0x00000000e3500000|  0%| F|  |TAMS 0x00000000e3400000, 0x00000000e3400000| Untracked 
|  53|0x00000000e3500000, 0x00000000e3500000, 0x00000000e3600000|  0%| F|  |TAMS 0x00000000e3500000, 0x00000000e3500000| Untracked 
|  54|0x00000000e3600000, 0x00000000e3600000, 0x00000000e3700000|  0%| F|  |TAMS 0x00000000e3600000, 0x00000000e3600000| Untracked 
|  55|0x00000000e3700000, 0x00000000e3700000, 0x00000000e3800000|  0%| F|  |TAMS 0x00000000e3700000, 0x00000000e3700000| Untracked 
|  56|0x00000000e3800000, 0x00000000e3800000, 0x00000000e3900000|  0%| F|  |TAMS 0x00000000e3800000, 0x00000000e3800000| Untracked 
|  57|0x00000000e3900000, 0x00000000e3900000, 0x00000000e3a00000|  0%| F|  |TAMS 0x00000000e3900000, 0x00000000e3900000| Untracked 
|  58|0x00000000e3a00000, 0x00000000e3a00000, 0x00000000e3b00000|  0%| F|  |TAMS 0x00000000e3a00000, 0x00000000e3a00000| Untracked 
|  59|0x00000000e3b00000, 0x00000000e3b00000, 0x00000000e3c00000|  0%| F|  |TAMS 0x00000000e3b00000, 0x00000000e3b00000| Untracked 
|  60|0x00000000e3c00000, 0x00000000e3c00000, 0x00000000e3d00000|  0%| F|  |TAMS 0x00000000e3c00000, 0x00000000e3c00000| Untracked 
|  61|0x00000000e3d00000, 0x00000000e3d00000, 0x00000000e3e00000|  0%| F|  |TAMS 0x00000000e3d00000, 0x00000000e3d00000| Untracked 
|  62|0x00000000e3e00000, 0x00000000e3e00000, 0x00000000e3f00000|  0%| F|  |TAMS 0x00000000e3e00000, 0x00000000e3e00000| Untracked 
|  63|0x00000000e3f00000, 0x00000000e3f00000, 0x00000000e4000000|  0%| F|  |TAMS 0x00000000e3f00000, 0x00000000e3f00000| Untracked 
|  64|0x00000000e4000000, 0x00000000e4000000, 0x00000000e4100000|  0%| F|  |TAMS 0x00000000e4000000, 0x00000000e4000000| Untracked 
|  65|0x00000000e4100000, 0x00000000e4100000, 0x00000000e4200000|  0%| F|  |TAMS 0x00000000e4100000, 0x00000000e4100000| Untracked 
|  66|0x00000000e4200000, 0x00000000e4200000, 0x00000000e4300000|  0%| F|  |TAMS 0x00000000e4200000, 0x00000000e4200000| Untracked 
|  67|0x00000000e4300000, 0x00000000e4300000, 0x00000000e4400000|  0%| F|  |TAMS 0x00000000e4300000, 0x00000000e4300000| Untracked 
|  68|0x00000000e4400000, 0x00000000e4400000, 0x00000000e4500000|  0%| F|  |TAMS 0x00000000e4400000, 0x00000000e4400000| Untracked 
|  69|0x00000000e4500000, 0x00000000e4500000, 0x00000000e4600000|  0%| F|  |TAMS 0x00000000e4500000, 0x00000000e4500000| Untracked 
|  70|0x00000000e4600000, 0x00000000e4600000, 0x00000000e4700000|  0%| F|  |TAMS 0x00000000e4600000, 0x00000000e4600000| Untracked 
|  71|0x00000000e4700000, 0x00000000e4700000, 0x00000000e4800000|  0%| F|  |TAMS 0x00000000e4700000, 0x00000000e4700000| Untracked 
|  72|0x00000000e4800000, 0x00000000e4800000, 0x00000000e4900000|  0%| F|  |TAMS 0x00000000e4800000, 0x00000000e4800000| Untracked 
|  73|0x00000000e4900000, 0x00000000e4900000, 0x00000000e4a00000|  0%| F|  |TAMS 0x00000000e4900000, 0x00000000e4900000| Untracked 
|  74|0x00000000e4a00000, 0x00000000e4ae9300, 0x00000000e4b00000| 91%| S|CS|TAMS 0x00000000e4a00000, 0x00000000e4a00000| Complete 
|  75|0x00000000e4b00000, 0x00000000e4c00000, 0x00000000e4c00000|100%| S|CS|TAMS 0x00000000e4b00000, 0x00000000e4b00000| Complete 
|  76|0x00000000e4c00000, 0x00000000e4d00000, 0x00000000e4d00000|100%| S|CS|TAMS 0x00000000e4c00000, 0x00000000e4c00000| Complete 
|  77|0x00000000e4d00000, 0x00000000e4e00000, 0x00000000e4e00000|100%| S|CS|TAMS 0x00000000e4d00000, 0x00000000e4d00000| Complete 
|  78|0x00000000e4e00000, 0x00000000e4f00000, 0x00000000e4f00000|100%| S|CS|TAMS 0x00000000e4e00000, 0x00000000e4e00000| Complete 
|  79|0x00000000e4f00000, 0x00000000e4f00000, 0x00000000e5000000|  0%| F|  |TAMS 0x00000000e4f00000, 0x00000000e4f00000| Untracked 
|  80|0x00000000e5000000, 0x00000000e5000000, 0x00000000e5100000|  0%| F|  |TAMS 0x00000000e5000000, 0x00000000e5000000| Untracked 
|  81|0x00000000e5100000, 0x00000000e5100000, 0x00000000e5200000|  0%| F|  |TAMS 0x00000000e5100000, 0x00000000e5100000| Untracked 
|  82|0x00000000e5200000, 0x00000000e5200000, 0x00000000e5300000|  0%| F|  |TAMS 0x00000000e5200000, 0x00000000e5200000| Untracked 
|  83|0x00000000e5300000, 0x00000000e5300000, 0x00000000e5400000|  0%| F|  |TAMS 0x00000000e5300000, 0x00000000e5300000| Untracked 
|  84|0x00000000e5400000, 0x00000000e5400000, 0x00000000e5500000|  0%| F|  |TAMS 0x00000000e5400000, 0x00000000e5400000| Untracked 
|  85|0x00000000e5500000, 0x00000000e55351a0, 0x00000000e5600000| 20%| E|  |TAMS 0x00000000e5500000, 0x00000000e5500000| Complete 
|  86|0x00000000e5600000, 0x00000000e5700000, 0x00000000e5700000|100%| E|CS|TAMS 0x00000000e5600000, 0x00000000e5600000| Complete 
|  87|0x00000000e5700000, 0x00000000e5800000, 0x00000000e5800000|100%| E|CS|TAMS 0x00000000e5700000, 0x00000000e5700000| Complete 
|  88|0x00000000e5800000, 0x00000000e5900000, 0x00000000e5900000|100%| E|CS|TAMS 0x00000000e5800000, 0x00000000e5800000| Complete 
|  89|0x00000000e5900000, 0x00000000e5a00000, 0x00000000e5a00000|100%| E|CS|TAMS 0x00000000e5900000, 0x00000000e5900000| Complete 
|  90|0x00000000e5a00000, 0x00000000e5b00000, 0x00000000e5b00000|100%| E|CS|TAMS 0x00000000e5a00000, 0x00000000e5a00000| Complete 
|  91|0x00000000e5b00000, 0x00000000e5c00000, 0x00000000e5c00000|100%| E|CS|TAMS 0x00000000e5b00000, 0x00000000e5b00000| Complete 
|  92|0x00000000e5c00000, 0x00000000e5d00000, 0x00000000e5d00000|100%| E|CS|TAMS 0x00000000e5c00000, 0x00000000e5c00000| Complete 
|  93|0x00000000e5d00000, 0x00000000e5e00000, 0x00000000e5e00000|100%| E|CS|TAMS 0x00000000e5d00000, 0x00000000e5d00000| Complete 
|  94|0x00000000e5e00000, 0x00000000e5f00000, 0x00000000e5f00000|100%| E|CS|TAMS 0x00000000e5e00000, 0x00000000e5e00000| Complete 
|  95|0x00000000e5f00000, 0x00000000e6000000, 0x00000000e6000000|100%| E|CS|TAMS 0x00000000e5f00000, 0x00000000e5f00000| Complete 
|  96|0x00000000e6000000, 0x00000000e6100000, 0x00000000e6100000|100%| E|CS|TAMS 0x00000000e6000000, 0x00000000e6000000| Complete 
|  97|0x00000000e6100000, 0x00000000e6200000, 0x00000000e6200000|100%| E|CS|TAMS 0x00000000e6100000, 0x00000000e6100000| Complete 
|  98|0x00000000e6200000, 0x00000000e6300000, 0x00000000e6300000|100%| E|CS|TAMS 0x00000000e6200000, 0x00000000e6200000| Complete 
|  99|0x00000000e6300000, 0x00000000e6400000, 0x00000000e6400000|100%| E|CS|TAMS 0x00000000e6300000, 0x00000000e6300000| Complete 
| 100|0x00000000e6400000, 0x00000000e6500000, 0x00000000e6500000|100%| E|CS|TAMS 0x00000000e6400000, 0x00000000e6400000| Complete 
| 101|0x00000000e6500000, 0x00000000e6600000, 0x00000000e6600000|100%| E|CS|TAMS 0x00000000e6500000, 0x00000000e6500000| Complete 
| 102|0x00000000e6600000, 0x00000000e6700000, 0x00000000e6700000|100%| E|CS|TAMS 0x00000000e6600000, 0x00000000e6600000| Complete 
| 103|0x00000000e6700000, 0x00000000e6800000, 0x00000000e6800000|100%| E|CS|TAMS 0x00000000e6700000, 0x00000000e6700000| Complete 
| 104|0x00000000e6800000, 0x00000000e6900000, 0x00000000e6900000|100%| E|CS|TAMS 0x00000000e6800000, 0x00000000e6800000| Complete 
| 105|0x00000000e6900000, 0x00000000e6a00000, 0x00000000e6a00000|100%| E|CS|TAMS 0x00000000e6900000, 0x00000000e6900000| Complete 
| 106|0x00000000e6a00000, 0x00000000e6b00000, 0x00000000e6b00000|100%| E|CS|TAMS 0x00000000e6a00000, 0x00000000e6a00000| Complete 
| 107|0x00000000e6b00000, 0x00000000e6c00000, 0x00000000e6c00000|100%| E|CS|TAMS 0x00000000e6b00000, 0x00000000e6b00000| Complete 
| 108|0x00000000e6c00000, 0x00000000e6d00000, 0x00000000e6d00000|100%| E|CS|TAMS 0x00000000e6c00000, 0x00000000e6c00000| Complete 
| 109|0x00000000e6d00000, 0x00000000e6e00000, 0x00000000e6e00000|100%| E|CS|TAMS 0x00000000e6d00000, 0x00000000e6d00000| Complete 
| 110|0x00000000e6e00000, 0x00000000e6f00000, 0x00000000e6f00000|100%| E|CS|TAMS 0x00000000e6e00000, 0x00000000e6e00000| Complete 
| 111|0x00000000e6f00000, 0x00000000e7000000, 0x00000000e7000000|100%| E|CS|TAMS 0x00000000e6f00000, 0x00000000e6f00000| Complete 
| 112|0x00000000e7000000, 0x00000000e7100000, 0x00000000e7100000|100%| E|CS|TAMS 0x00000000e7000000, 0x00000000e7000000| Complete 
| 113|0x00000000e7100000, 0x00000000e7200000, 0x00000000e7200000|100%| E|CS|TAMS 0x00000000e7100000, 0x00000000e7100000| Complete 
| 114|0x00000000e7200000, 0x00000000e7300000, 0x00000000e7300000|100%| E|CS|TAMS 0x00000000e7200000, 0x00000000e7200000| Complete 
| 115|0x00000000e7300000, 0x00000000e7400000, 0x00000000e7400000|100%| E|CS|TAMS 0x00000000e7300000, 0x00000000e7300000| Complete 
| 116|0x00000000e7400000, 0x00000000e7500000, 0x00000000e7500000|100%| E|CS|TAMS 0x00000000e7400000, 0x00000000e7400000| Complete 
| 117|0x00000000e7500000, 0x00000000e7600000, 0x00000000e7600000|100%| E|CS|TAMS 0x00000000e7500000, 0x00000000e7500000| Complete 
| 118|0x00000000e7600000, 0x00000000e7700000, 0x00000000e7700000|100%| E|CS|TAMS 0x00000000e7600000, 0x00000000e7600000| Complete 
| 119|0x00000000e7700000, 0x00000000e7800000, 0x00000000e7800000|100%| E|CS|TAMS 0x00000000e7700000, 0x00000000e7700000| Complete 
| 120|0x00000000e7800000, 0x00000000e7900000, 0x00000000e7900000|100%| E|CS|TAMS 0x00000000e7800000, 0x00000000e7800000| Complete 
| 121|0x00000000e7900000, 0x00000000e7a00000, 0x00000000e7a00000|100%| E|CS|TAMS 0x00000000e7900000, 0x00000000e7900000| Complete 
| 122|0x00000000e7a00000, 0x00000000e7b00000, 0x00000000e7b00000|100%| E|CS|TAMS 0x00000000e7a00000, 0x00000000e7a00000| Complete 
| 123|0x00000000e7b00000, 0x00000000e7c00000, 0x00000000e7c00000|100%| E|  |TAMS 0x00000000e7b00000, 0x00000000e7b00000| Complete 
| 124|0x00000000e7c00000, 0x00000000e7d00000, 0x00000000e7d00000|100%| E|CS|TAMS 0x00000000e7c00000, 0x00000000e7c00000| Complete 
| 125|0x00000000e7d00000, 0x00000000e7e00000, 0x00000000e7e00000|100%| E|CS|TAMS 0x00000000e7d00000, 0x00000000e7d00000| Complete 
| 126|0x00000000e7e00000, 0x00000000e7f00000, 0x00000000e7f00000|100%| E|CS|TAMS 0x00000000e7e00000, 0x00000000e7e00000| Complete 
| 127|0x00000000e7f00000, 0x00000000e8000000, 0x00000000e8000000|100%| E|CS|TAMS 0x00000000e7f00000, 0x00000000e7f00000| Complete 

Card table byte_map: [0x000001e354240000,0x000001e354340000] _byte_map_base: 0x000001e353b40000

Marking Bits (Prev, Next): (CMBitMap*) 0x000001e33c78c8b0, (CMBitMap*) 0x000001e33c78c878
 Prev Bits: [0x000001e354c40000, 0x000001e355440000)
 Next Bits: [0x000001e354440000, 0x000001e354c40000)

Polling page: 0x000001e33adb0000

Metaspace:

Usage:
  Non-class:     26.43 MB capacity,    25.78 MB ( 98%) used,   561.68 KB (  2%) free+waste,   109.88 KB ( <1%) overhead. 
      Class:      4.00 MB capacity,     3.62 MB ( 91%) used,   331.35 KB (  8%) free+waste,    54.63 KB (  1%) overhead. 
       Both:     30.43 MB capacity,    29.40 MB ( 97%) used,   893.03 KB (  3%) free+waste,   164.50 KB ( <1%) overhead. 

Virtual space:
  Non-class space:       28.00 MB reserved,      26.67 MB ( 95%) committed 
      Class space:        1.00 GB reserved,       4.00 MB ( <1%) committed 
             Both:        1.03 GB reserved,      30.67 MB (  3%) committed 

Chunk freelists:
   Non-Class:  6.38 KB
       Class:  512 bytes
        Both:  6.88 KB

CodeHeap 'non-profiled nmethods': size=120064Kb used=1062Kb max_used=1062Kb free=119001Kb
 bounds [0x000001e34c5e0000, 0x000001e34c850000, 0x000001e353b20000]
CodeHeap 'profiled nmethods': size=120000Kb used=5398Kb max_used=5398Kb free=114601Kb
 bounds [0x000001e3450b0000, 0x000001e345600000, 0x000001e34c5e0000]
CodeHeap 'non-nmethods': size=5696Kb used=1144Kb max_used=1166Kb free=4551Kb
 bounds [0x000001e344b20000, 0x000001e344d90000, 0x000001e3450b0000]
 total_blobs=3603 nmethods=2480 adapters=384
 compilation: enabled
              stopped_count=0, restarted_count=0
 full_count=0

Compilation events (10 events):
Event: 8.227 Thread 0x000001e357a4d000 2577       3       java.io.File::getName (42 bytes)
Event: 8.228 Thread 0x000001e357a4d000 nmethod 2577 0x000001e3455e7b90 code [0x000001e3455e7dc0, 0x000001e3455e8360]
Event: 8.228 Thread 0x000001e357a4d000 2578       3       java.util.ArrayDeque::add (7 bytes)
Event: 8.228 Thread 0x000001e357a4d000 nmethod 2578 0x000001e3455e8590 code [0x000001e3455e8740, 0x000001e3455e8950]
Event: 8.228 Thread 0x000001e357a4d000 2579       3       org.springframework.core.io.support.PathMatchingResourcePatternResolver$$Lambda$401/0x0000000100249c40::apply (8 bytes)
Event: 8.228 Thread 0x000001e357a4d000 nmethod 2579 0x000001e3455e8a10 code [0x000001e3455e8be0, 0x000001e3455e8e70]
Event: 8.242 Thread 0x000001e357a4d000 2580       3       org.springframework.util.StringUtils::tokenizeToStringArray (85 bytes)
Event: 8.244 Thread 0x000001e357a4d000 nmethod 2580 0x000001e3455e8f90 code [0x000001e3455e92c0, 0x000001e3455ea660]
Event: 8.250 Thread 0x000001e357a4d000 2582       3       org.springframework.util.AntPathMatcher::doMatch (619 bytes)
Event: 8.255 Thread 0x000001e357a4d000 nmethod 2582 0x000001e3455ead90 code [0x000001e3455eb260, 0x000001e3455ed760]

GC Heap History (10 events):
Event: 1.493 GC heap before
{Heap before GC invocations=1 (full 0):
 garbage-first heap   total 131072K, used 13154K [0x00000000e0000000, 0x0000000100000000)
  region size 1024K, 6 young (6144K), 2 survivors (2048K)
 Metaspace       used 10348K, capacity 10618K, committed 10880K, reserved 1058816K
  class space    used 1046K, capacity 1144K, committed 1152K, reserved 1048576K
}
Event: 1.498 GC heap after
{Heap after GC invocations=2 (full 0):
 garbage-first heap   total 131072K, used 10582K [0x00000000e0000000, 0x0000000100000000)
  region size 1024K, 1 young (1024K), 1 survivors (1024K)
 Metaspace       used 10348K, capacity 10618K, committed 10880K, reserved 1058816K
  class space    used 1046K, capacity 1144K, committed 1152K, reserved 1048576K
}
Event: 3.567 GC heap before
{Heap before GC invocations=2 (full 0):
 garbage-first heap   total 131072K, used 29014K [0x00000000e0000000, 0x0000000100000000)
  region size 1024K, 19 young (19456K), 1 survivors (1024K)
 Metaspace       used 14477K, capacity 14866K, committed 15104K, reserved 1062912K
  class space    used 1574K, capacity 1672K, committed 1792K, reserved 1048576K
}
Event: 3.607 GC heap after
{Heap after GC invocations=3 (full 0):
 garbage-first heap   total 131072K, used 11427K [0x00000000e0000000, 0x0000000100000000)
  region size 1024K, 2 young (2048K), 2 survivors (2048K)
 Metaspace       used 14477K, capacity 14866K, committed 15104K, reserved 1062912K
  class space    used 1574K, capacity 1672K, committed 1792K, reserved 1048576K
}
Event: 4.776 GC heap before
{Heap before GC invocations=3 (full 0):
 garbage-first heap   total 131072K, used 40099K [0x00000000e0000000, 0x0000000100000000)
  region size 1024K, 30 young (30720K), 2 survivors (2048K)
 Metaspace       used 17985K, capacity 18666K, committed 18944K, reserved 1067008K
  class space    used 2043K, capacity 2266K, committed 2304K, reserved 1048576K
}
Event: 4.782 GC heap after
{Heap after GC invocations=4 (full 0):
 garbage-first heap   total 131072K, used 12332K [0x00000000e0000000, 0x0000000100000000)
  region size 1024K, 3 young (3072K), 3 survivors (3072K)
 Metaspace       used 17985K, capacity 18666K, committed 18944K, reserved 1067008K
  class space    used 2043K, capacity 2266K, committed 2304K, reserved 1048576K
}
Event: 5.490 GC heap before
{Heap before GC invocations=4 (full 0):
 garbage-first heap   total 131072K, used 35884K [0x00000000e0000000, 0x0000000100000000)
  region size 1024K, 27 young (27648K), 3 survivors (3072K)
 Metaspace       used 20384K, capacity 21125K, committed 21296K, reserved 1069056K
  class space    used 2342K, capacity 2615K, committed 2688K, reserved 1048576K
}
Event: 5.495 GC heap after
{Heap after GC invocations=5 (full 0):
 garbage-first heap   total 131072K, used 13196K [0x00000000e0000000, 0x0000000100000000)
  region size 1024K, 4 young (4096K), 4 survivors (4096K)
 Metaspace       used 20384K, capacity 21125K, committed 21296K, reserved 1069056K
  class space    used 2342K, capacity 2615K, committed 2688K, reserved 1048576K
}
Event: 7.339 GC heap before
{Heap before GC invocations=6 (full 0):
 garbage-first heap   total 131072K, used 59276K [0x00000000e0000000, 0x0000000100000000)
  region size 1024K, 49 young (50176K), 4 survivors (4096K)
 Metaspace       used 26028K, capacity 26993K, committed 27312K, reserved 1073152K
  class space    used 3126K, capacity 3493K, committed 3584K, reserved 1048576K
}
Event: 7.346 GC heap after
{Heap after GC invocations=7 (full 0):
 garbage-first heap   total 131072K, used 14586K [0x00000000e0000000, 0x0000000100000000)
  region size 1024K, 5 young (5120K), 5 survivors (5120K)
 Metaspace       used 26028K, capacity 26993K, committed 27312K, reserved 1073152K
  class space    used 3126K, capacity 3493K, committed 3584K, reserved 1048576K
}

Deoptimization events (10 events):
Event: 6.432 Thread 0x000001e33c762800 Uncommon trap: reason=unstable_if action=reinterpret pc=0x000001e34c5e1c00 method=java.io.WinNTFileSystem.isSlash(C)Z @ 9 c2
Event: 6.667 Thread 0x000001e33c762800 Uncommon trap: reason=unstable_if action=reinterpret pc=0x000001e34c624bd4 method=java.util.HashMap.hash(Ljava/lang/Object;)I @ 1 c2
Event: 7.076 Thread 0x000001e33c762800 Uncommon trap: reason=unstable_if action=reinterpret pc=0x000001e34c665378 method=java.util.concurrent.ConcurrentHashMap.putVal(Ljava/lang/Object;Ljava/lang/Object;Z)Ljava/lang/Object; @ 148 c2
Event: 7.289 Thread 0x000001e33c762800 Uncommon trap: reason=unstable_if action=reinterpret pc=0x000001e34c69664c method=java.net.URL.<init>(Ljava/net/URL;Ljava/lang/String;Ljava/net/URLStreamHandler;)V @ 347 c2
Event: 7.392 Thread 0x000001e3597ea000 Uncommon trap: reason=unstable_if action=reinterpret pc=0x000001e34c6ab258 method=java.util.WeakHashMap.expungeStaleEntries()V @ 9 c2
Event: 7.401 Thread 0x000001e3597ea000 Uncommon trap: reason=unstable_if action=reinterpret pc=0x000001e34c678ec4 method=sun.net.www.ParseUtil.firstEncodeIndex(Ljava/lang/String;)I @ 51 c2
Event: 7.401 Thread 0x000001e3597ea000 Uncommon trap: reason=unstable_if action=reinterpret pc=0x000001e34c649ab0 method=sun.net.www.ParseUtil.firstEncodeIndex(Ljava/lang/String;)I @ 51 c2
Event: 7.403 Thread 0x000001e3597ea000 Uncommon trap: reason=unstable_if action=reinterpret pc=0x000001e34c640f40 method=sun.net.www.ParseUtil.firstEncodeIndex(Ljava/lang/String;)I @ 51 c2
Event: 7.570 Thread 0x000001e3597ea000 Uncommon trap: reason=unstable_if action=reinterpret pc=0x000001e34c63d694 method=java.util.jar.JarFile.getVersionedEntry(Ljava/lang/String;Ljava/util/jar/JarEntry;)Ljava/util/jar/JarEntry; @ 7 c2
Event: 7.943 Thread 0x000001e33c762800 Uncommon trap: reason=unstable_if action=reinterpret pc=0x000001e34c62577c method=java.util.concurrent.ConcurrentHashMap.get(Ljava/lang/Object;)Ljava/lang/Object; @ 76 c2

Classes redefined (0 events):
No events

Internal exceptions (10 events):
Event: 7.955 Thread 0x000001e33c762800 Exception <a 'java/lang/ClassNotFoundException'{0x00000000e61493d0}: org/springframework/core/PriorityOrderedCustomizer> (0x00000000e61493d0) thrown at [t:/workspace/open/src/hotspot/share/classfile/systemDictionary.cpp, line 231]
Event: 7.980 Thread 0x000001e33c762800 Exception <a 'java/lang/ClassNotFoundException'{0x00000000e6163938}: org/springframework/core/OrderedCustomizer> (0x00000000e6163938) thrown at [t:/workspace/open/src/hotspot/share/classfile/systemDictionary.cpp, line 231]
Event: 7.982 Thread 0x000001e33c762800 Exception <a 'java/lang/ClassNotFoundException'{0x00000000e61848e0}: org/springframework/context/ResourceLoaderAwareCustomizer> (0x00000000e61848e0) thrown at [t:/workspace/open/src/hotspot/share/classfile/systemDictionary.cpp, line 231]
Event: 7.984 Thread 0x000001e33c762800 Exception <a 'java/lang/ClassNotFoundException'{0x00000000e61a1848}: org/springframework/beans/factory/AwareCustomizer> (0x00000000e61a1848) thrown at [t:/workspace/open/src/hotspot/share/classfile/systemDictionary.cpp, line 231]
Event: 7.985 Thread 0x000001e33c762800 Exception <a 'java/lang/ClassNotFoundException'{0x00000000e61c0cd8}: org/springframework/context/ApplicationStartupAwareCustomizer> (0x00000000e61c0cd8) thrown at [t:/workspace/open/src/hotspot/share/classfile/systemDictionary.cpp, line 231]
Event: 7.987 Thread 0x000001e33c762800 Exception <a 'java/lang/ClassNotFoundException'{0x00000000e61ddeb8}: org/springframework/beans/factory/AwareCustomizer> (0x00000000e61ddeb8) thrown at [t:/workspace/open/src/hotspot/share/classfile/systemDictionary.cpp, line 231]
Event: 7.989 Thread 0x000001e33c762800 Exception <a 'java/lang/ClassNotFoundException'{0x00000000e61fdbe0}: org/springframework/beans/factory/BeanClassLoaderAwareCustomizer> (0x00000000e61fdbe0) thrown at [t:/workspace/open/src/hotspot/share/classfile/systemDictionary.cpp, line 231]
Event: 7.992 Thread 0x000001e33c762800 Exception <a 'java/lang/ClassNotFoundException'{0x00000000e6084860}: org/springframework/beans/factory/AwareCustomizer> (0x00000000e6084860) thrown at [t:/workspace/open/src/hotspot/share/classfile/systemDictionary.cpp, line 231]
Event: 7.993 Thread 0x000001e33c762800 Exception <a 'java/lang/ClassNotFoundException'{0x00000000e60a2138}: org/springframework/context/EnvironmentAwareCustomizer> (0x00000000e60a2138) thrown at [t:/workspace/open/src/hotspot/share/classfile/systemDictionary.cpp, line 231]
Event: 7.995 Thread 0x000001e33c762800 Exception <a 'java/lang/ClassNotFoundException'{0x00000000e60bf030}: org/springframework/beans/factory/AwareCustomizer> (0x00000000e60bf030) thrown at [t:/workspace/open/src/hotspot/share/classfile/systemDictionary.cpp, line 231]

Events (10 events):
Event: 8.230 loading class org/hibernate/validator/internal/constraintvalidators/bv/time/futureorpresent/AbstractFutureOrPresentJavaTimeValidator
Event: 8.230 loading class org/hibernate/validator/internal/constraintvalidators/bv/time/futureorpresent/AbstractFutureOrPresentJavaTimeValidator done
Event: 8.231 loading class org/hibernate/validator/internal/constraintvalidators/bv/time/futureorpresent/FutureOrPresentValidatorForInstant
Event: 8.231 loading class org/hibernate/validator/internal/constraintvalidators/bv/time/futureorpresent/FutureOrPresentValidatorForInstant done
Event: 8.232 loading class org/hibernate/validator/internal/constraintvalidators/bv/time/futureorpresent/FutureOrPresentValidatorForJapaneseDate
Event: 8.232 loading class org/hibernate/validator/internal/constraintvalidators/bv/time/futureorpresent/FutureOrPresentValidatorForJapaneseDate done
Event: 8.232 loading class org/hibernate/validator/internal/constraintvalidators/bv/time/futureorpresent/FutureOrPresentValidatorForLocalDate
Event: 8.232 loading class org/hibernate/validator/internal/constraintvalidators/bv/time/futureorpresent/FutureOrPresentValidatorForLocalDate done
Event: 8.233 loading class org/hibernate/validator/internal/constraintvalidators/bv/time/futureorpresent/FutureOrPresentValidatorForLocalDateTime
Event: 8.233 loading class org/hibernate/validator/internal/constraintvalidators/bv/time/futureorpresent/FutureOrPresentValidatorForLocalDateTime done


Dynamic libraries:
0x00007ff7baf60000 - 0x00007ff7bafa5000 	C:\01DevelopKits\jdk-11\bin\java.exe
0x00007ffacd8b0000 - 0x00007ffacdaa8000 	C:\Windows\SYSTEM32\ntdll.dll
0x00007ffaccd70000 - 0x00007ffacce2f000 	C:\Windows\System32\KERNEL32.DLL
0x00007ffacb470000 - 0x00007ffacb766000 	C:\Windows\System32\KERNELBASE.dll
0x00007ffacb910000 - 0x00007ffacbaad000 	C:\Windows\System32\USER32.dll
0x00007ffacb2e0000 - 0x00007ffacb302000 	C:\Windows\System32\win32u.dll
0x00007ffacc9d0000 - 0x00007ffacc9fc000 	C:\Windows\System32\GDI32.dll
0x00007ffacb0d0000 - 0x00007ffacb1e5000 	C:\Windows\System32\gdi32full.dll
0x00007ffacb870000 - 0x00007ffacb90d000 	C:\Windows\System32\msvcp_win.dll
0x00007ffacb770000 - 0x00007ffacb870000 	C:\Windows\System32\ucrtbase.dll
0x00007ffaca2d0000 - 0x00007ffaca56a000 	C:\Windows\WinSxS\amd64_microsoft.windows.common-controls_6595b64144ccf1df_6.0.19041.1110_none_60b5254171f9507e\COMCTL32.dll
0x00007ffacbab0000 - 0x00007ffacbb4e000 	C:\Windows\System32\msvcrt.dll
0x00007ffaccb90000 - 0x00007ffaccbc0000 	C:\Windows\System32\IMM32.DLL
0x00007ffac3da0000 - 0x00007ffac3db6000 	C:\01DevelopKits\jdk-11\bin\vcruntime140.dll
0x00007ffa993a0000 - 0x00007ffa9944a000 	C:\01DevelopKits\jdk-11\bin\msvcp140.dll
0x00007ffa665b0000 - 0x00007ffa670f1000 	C:\01DevelopKits\jdk-11\bin\server\jvm.dll
0x00007ffacd5e0000 - 0x00007ffacd68f000 	C:\Windows\System32\ADVAPI32.dll
0x00007ffacd390000 - 0x00007ffacd42c000 	C:\Windows\System32\sechost.dll
0x00007ffacca60000 - 0x00007ffaccb86000 	C:\Windows\System32\RPCRT4.dll
0x00007ffacc050000 - 0x00007ffacc058000 	C:\Windows\System32\PSAPI.DLL
0x00007ffaa4f20000 - 0x00007ffaa4f29000 	C:\Windows\SYSTEM32\WSOCK32.dll
0x00007ffaccbc0000 - 0x00007ffaccc2b000 	C:\Windows\System32\WS2_32.dll
0x00007ffab7dd0000 - 0x00007ffab7df7000 	C:\Windows\SYSTEM32\WINMM.dll
0x00007ffac7c60000 - 0x00007ffac7c6a000 	C:\Windows\SYSTEM32\VERSION.dll
0x00007ffac7ff0000 - 0x00007ffac8002000 	C:\Windows\SYSTEM32\kernel.appcore.dll
0x00007ffac3d80000 - 0x00007ffac3d91000 	C:\01DevelopKits\jdk-11\bin\verify.dll
0x00007ffacaad0000 - 0x00007ffacacb4000 	C:\Windows\SYSTEM32\DBGHELP.DLL
0x00007ffaca8e0000 - 0x00007ffaca914000 	C:\Windows\SYSTEM32\dbgcore.DLL
0x00007ffacaf90000 - 0x00007ffacb012000 	C:\Windows\System32\bcryptPrimitives.dll
0x00007ffabbec0000 - 0x00007ffabbee8000 	C:\01DevelopKits\jdk-11\bin\java.dll
0x00007ffac2410000 - 0x00007ffac2426000 	C:\01DevelopKits\jdk-11\bin\zip.dll
0x00007ffac40b0000 - 0x00007ffac40ba000 	C:\01DevelopKits\jdk-11\bin\jimage.dll
0x00007ffacc190000 - 0x00007ffacc8d4000 	C:\Windows\System32\SHELL32.dll
0x00007ffac82f0000 - 0x00007ffac8a83000 	C:\Windows\SYSTEM32\windows.storage.dll
0x00007ffacd030000 - 0x00007ffacd384000 	C:\Windows\System32\combase.dll
0x00007ffaca570000 - 0x00007ffaca59e000 	C:\Windows\SYSTEM32\Wldp.dll
0x00007ffacd760000 - 0x00007ffacd80d000 	C:\Windows\System32\SHCORE.dll
0x00007ffacc970000 - 0x00007ffacc9c5000 	C:\Windows\System32\shlwapi.dll
0x00007ffacaec0000 - 0x00007ffacaee5000 	C:\Windows\SYSTEM32\profapi.dll
0x00007ffac3d60000 - 0x00007ffac3d79000 	C:\01DevelopKits\jdk-11\bin\net.dll
0x00007ffabc500000 - 0x00007ffabc60a000 	C:\Windows\SYSTEM32\WINHTTP.dll
0x00007ffaca120000 - 0x00007ffaca18a000 	C:\Windows\system32\mswsock.dll
0x00007ffaa3710000 - 0x00007ffaa3723000 	C:\01DevelopKits\jdk-11\bin\nio.dll
0x00007ffacad70000 - 0x00007ffacad88000 	C:\Windows\SYSTEM32\CRYPTSP.dll
0x00007ffac9970000 - 0x00007ffac99a4000 	C:\Windows\system32\rsaenh.dll
0x00007ffacb1f0000 - 0x00007ffacb217000 	C:\Windows\System32\bcrypt.dll
0x00007ffacae80000 - 0x00007ffacaeae000 	C:\Windows\SYSTEM32\USERENV.dll
0x00007ffaca190000 - 0x00007ffaca19c000 	C:\Windows\SYSTEM32\CRYPTBASE.dll
0x00007ffac9d10000 - 0x00007ffac9d4b000 	C:\Windows\SYSTEM32\IPHLPAPI.DLL
0x00007ffaccd60000 - 0x00007ffaccd68000 	C:\Windows\System32\NSI.dll
0x00007ffac0090000 - 0x00007ffac00a7000 	C:\Windows\SYSTEM32\dhcpcsvc6.DLL
0x00007ffac0590000 - 0x00007ffac05ad000 	C:\Windows\SYSTEM32\dhcpcsvc.DLL
0x00007ffac9d50000 - 0x00007ffac9e1a000 	C:\Windows\SYSTEM32\DNSAPI.dll
0x00007ffac4690000 - 0x00007ffac4699000 	C:\01DevelopKits\jdk-11\bin\management.dll
0x00007ffac4680000 - 0x00007ffac468c000 	C:\01DevelopKits\jdk-11\bin\management_ext.dll
0x00007ffaa8f90000 - 0x00007ffaa8fa7000 	C:\Windows\system32\napinsp.dll
0x00007ffaabd50000 - 0x00007ffaabd6b000 	C:\Windows\system32\pnrpnsp.dll
0x00007ffac4ff0000 - 0x00007ffac5005000 	C:\Windows\system32\wshbth.dll
0x00007ffac5bb0000 - 0x00007ffac5bcd000 	C:\Windows\system32\NLAapi.dll
0x00007ffaac160000 - 0x00007ffaac172000 	C:\Windows\System32\winrnr.dll
0x00007ffab70e0000 - 0x00007ffab70ea000 	C:\Windows\System32\rasadhlp.dll
0x00007ffab8030000 - 0x00007ffab80b2000 	C:\Windows\System32\fwpuclnt.dll

dbghelp: loaded successfully - version: 4.0.5 - missing functions: none
symbol engine: initialized successfully - sym options: 0x614 - pdb path: .;C:\01DevelopKits\jdk-11\bin;C:\Windows\SYSTEM32;C:\Windows\WinSxS\amd64_microsoft.windows.common-controls_6595b64144ccf1df_6.0.19041.1110_none_60b5254171f9507e;C:\01DevelopKits\jdk-11\bin\server

VM Arguments:
jvm_args: -Dorg.gradle.internal.worker.tmpdir=C:\01DevelopKits\cafe-bom\build\tmp\test\work -Dorg.gradle.native=false -Xmx512m -Dfile.encoding=x-windows-949 -Duser.country=KR -Duser.language=ko -Duser.variant -ea 
java_command: worker.org.gradle.process.internal.worker.GradleWorkerMain 'Gradle Test Executor 1'
java_class_path (initial): C:\\Users\\thsu1\\.gradle\\caches\\8.2.1\\workerMain\\gradle-worker.jar;C:\\01DevelopKits\\cafe-bom\\build\\classes\\java\\test;C:\\01DevelopKits\\cafe-bom\\build\\classes\\java\\main;C:\\01DevelopKits\\cafe-bom\\build\\resources\\main;C:\\Users\\thsu1\\.gradle\\caches\\modules-2\\files-2.1\\org.springframework.boot\\spring-boot-starter-data-jpa\\2.7.14\\ad7d3be24a386ec45ce020b8922e9d056f7a6835\\spring-boot-starter-data-jpa-2.7.14.jar;C:\\Users\\thsu1\\.gradle\\caches\\modules-2\\files-2.1\\org.springframework.boot\\spring-boot-starter-validation\\2.7.14\\6e88ca463b6d7294f3206da9a57a645ca41b9665\\spring-boot-starter-validation-2.7.14.jar;C:\\Users\\thsu1\\.gradle\\caches\\modules-2\\files-2.1\\org.springframework.boot\\spring-boot-starter-web\\2.7.14\\300b311c5fb98a2ee547df33a9d37782dddb496e\\spring-boot-starter-web-2.7.14.jar;C:\\Users\\thsu1\\.gradle\\caches\\modules-2\\files-2.1\\org.springframework.boot\\spring-boot-starter-webflux\\2.7.14\\7a198069c7f8936fef0a9f176d221f790ca0a70f\\spring-boot-starter-webflux-2.7.14.jar;C:\\Users\\thsu1\\.gradle\\caches\\modules-2\\files-2.1\\io.jsonwebtoken\\jjwt\\0.9.1\\54d2abfc3e63a28824d35bf600d6a5d627da681a\\jjwt-0.9.1.jar;C:\\Users\\thsu1\\.gradle\\caches\\modules-2\\files-2.1\\org.springframework.boot\\spring-boot-starter-json\\2.7.14\\34fbe387993dafef8b2c29516ebe54fec7108181\\spring-boot-starter-json-2.7.14.jar;C:\\Users\\thsu1\\.gradle\\caches\\modules-2\\files-2.1\\com.fasterxml.jackson.datatype\\jackson-datatype-jsr310\\2.13.5\\8ba3b868e81d7fc6ead686bd2353859b111d9eaf\\jackson-datatype-jsr310-2.13.5.jar;C:\\Users\\thsu1\\.gradle\\caches\\modules-2\\files-2.1\\com.fasterxml.jackson.module\\jackson-module-parameter-names\\2.13.5\\a401a99e7a45450fd3ef76e82ba39005fd1a8c22\\jackson-module-parameter-names-2.13.5.jar;C:\\Users\\thsu1\\.gradle\\caches\\modules-2\\files-2.1\\io.springfox\\springfox-boot-starter\\3.0.0\\5486365e263f8acca014b97efa50c3419d58e8f6\\springfox-boot-starter-3.0.0.jar;C:\\U
Launcher Type: SUN_STANDARD

[Global flags]
     intx CICompilerCount                          = 3                                         {product} {ergonomic}
     uint ConcGCThreads                            = 1                                         {product} {ergonomic}
     uint G1ConcRefinementThreads                  = 4                                         {product} {ergonomic}
   size_t G1HeapRegionSize                         = 1048576                                   {product} {ergonomic}
    uintx GCDrainStackTargetSize                   = 64                                        {product} {ergonomic}
   size_t InitialHeapSize                          = 134217728                                 {product} {ergonomic}
   size_t MarkStackSize                            = 4194304                                   {product} {ergonomic}
   size_t MaxHeapSize                              = 536870912                                 {product} {command line}
   size_t MaxNewSize                               = 321912832                                 {product} {ergonomic}
   size_t MinHeapDeltaBytes                        = 1048576                                   {product} {ergonomic}
    uintx NonNMethodCodeHeapSize                   = 5830092                                {pd product} {ergonomic}
    uintx NonProfiledCodeHeapSize                  = 122914074                              {pd product} {ergonomic}
    uintx ProfiledCodeHeapSize                     = 122914074                              {pd product} {ergonomic}
    uintx ReservedCodeCacheSize                    = 251658240                              {pd product} {ergonomic}
     bool SegmentedCodeCache                       = true                                      {product} {ergonomic}
     bool UseCompressedClassPointers               = true                                 {lp64_product} {ergonomic}
     bool UseCompressedOops                        = true                                 {lp64_product} {ergonomic}
     bool UseG1GC                                  = true                                      {product} {ergonomic}
     bool UseLargePagesIndividualAllocation        = false                                  {pd product} {ergonomic}

Logging:
Log output configuration:
 #0: stdout all=warning uptime,level,tags
 #1: stderr all=off uptime,level,tags

Environment Variables:
JAVA_HOME=C:\01DevelopKits\jdk-11
PATH=C:\Program Files\Common Files\Oracle\Java\javapath;C:\01DevelopKits\app\oracle\product\11.2.0\server\bin;C:\Windows\system32;C:\Windows;C:\Windows\System32\Wbem;C:\Windows\System32\WindowsPowerShell\v1.0\;C:\Windows\System32\OpenSSH\;C:\01DevelopKits\jdk-11\bin;C:\Program Files\Git\cmd;C:\Program Files\MySQL\MySQL Shell 8.0\bin\;C:\Users\thsu1\AppData\Local\Microsoft\WindowsApps;;C:\Users\thsu1\AppData\Local\Programs\Microsoft VS Code\bin;C:\IntelliJ IDEA Community Edition 2023.1.1\bin;
USERNAME=thsu1
OS=Windows_NT
PROCESSOR_IDENTIFIER=Intel64 Family 6 Model 78 Stepping 3, GenuineIntel



---------------  S Y S T E M  ---------------

OS: Windows 10 , 64 bit Build 19041 (10.0.19041.3155)

CPU:total 4 (initial active 4) (2 cores per cpu, 2 threads per core) family 6 model 78 stepping 3, cmov, cx8, fxsr, mmx, sse, sse2, sse3, ssse3, sse4.1, sse4.2, popcnt, avx, avx2, aes, clmul, erms, 3dnowpref, lzcnt, ht, tsc, tscinvbit, bmi1, bmi2, adx, fma

Memory: 4k page, system-wide physical 8108M (710M free)
TotalPageFile size 16166M (AvailPageFile size 4M)
current process WorkingSet (physical memory assigned to process): 178M, peak: 182M
current process commit charge ("private bytes"): 279M, peak: 281M

vm_info: OpenJDK 64-Bit Server VM (11+28) for windows-amd64 JRE (11+28), built on Aug 23 2018 03:04:58 by "mach5one" with MS VC++ 15.5 (VS2017)

END.
