#
# There is insufficient memory for the Java Runtime Environment to continue.
# Native memory allocation (mmap) failed to map 134217728 bytes for Failed to commit area from 0x00000000e0000000 to 0x00000000e8000000 of length 134217728.
# Possible reasons:
#   The system is out of physical RAM or swap space
#   The process is running with CompressedOops enabled, and the Java Heap may be blocking the growth of the native heap
# Possible solutions:
#   Reduce memory load on the system
#   Increase physical memory or swap space
#   Check if swap backing store is full
#   Decrease Java heap size (-Xmx/-Xms)
#   Decrease number of Java threads
#   Decrease Java thread stack sizes (-Xss)
#   Set larger code cache with -XX:ReservedCodeCacheSize=
# This output file may be truncated or incomplete.
#
#  Out of Memory Error (t:/workspace/open/src/hotspot/os/windows/os_windows.cpp:3269), pid=13004, tid=5464
#
# JRE version:  (11.0+28) (build )
# Java VM: OpenJDK 64-Bit Server VM (11+28, mixed mode, aot, sharing, tiered, compressed oops, g1 gc, windows-amd64)
# No core dump will be written. Minidumps are not enabled by default on client versions of Windows
#

---------------  S U M M A R Y ------------

Command Line: -Dorg.gradle.internal.worker.tmpdir=C:\01DevelopKits\cafe-bom\build\tmp\test\work -Dorg.gradle.native=false -Xmx512m -Dfile.encoding=x-windows-949 -Duser.country=KR -Duser.language=ko -Duser.variant -ea worker.org.gradle.process.internal.worker.GradleWorkerMain 'Gradle Test Executor 3'

Host: Intel(R) Core(TM) i5-6200U CPU @ 2.30GHz, 4 cores, 7G,  Windows 10 , 64 bit Build 19041 (10.0.19041.3155)
Time: Mon Sep 11 18:33:17 2023 대한민국 표준시 elapsed time: 0 seconds (0d 0h 0m 0s)

---------------  T H R E A D  ---------------

Current thread (0x0000013b61e21000):  JavaThread "Unknown thread" [_thread_in_vm, id=5464, stack(0x0000000335a00000,0x0000000335b00000)]

Stack: [0x0000000335a00000,0x0000000335b00000]
Native frames: (J=compiled Java code, j=interpreted, Vv=VM code, C=native code)
V  [jvm.dll+0x63adaa]
V  [jvm.dll+0x77852f]
V  [jvm.dll+0x779b18]
V  [jvm.dll+0x77a1d3]
V  [jvm.dll+0x2624c8]
V  [jvm.dll+0x63825a]
V  [jvm.dll+0x62cb15]
V  [jvm.dll+0x31563c]
V  [jvm.dll+0x3154c2]
V  [jvm.dll+0x31ad36]
V  [jvm.dll+0x36726f]
V  [jvm.dll+0x366c90]
V  [jvm.dll+0x2f2378]
V  [jvm.dll+0x2f34d6]
V  [jvm.dll+0x7517d7]
V  [jvm.dll+0x752f1f]
V  [jvm.dll+0x374099]
V  [jvm.dll+0x738059]
V  [jvm.dll+0x3e35fd]
V  [jvm.dll+0x3e5961]
C  [java.exe+0x3603]
C  [java.exe+0x1746c]
C  [KERNEL32.DLL+0x17614]
C  [ntdll.dll+0x526b1]


---------------  P R O C E S S  ---------------

Threads class SMR info:
_java_thread_list=0x0000013b5fc4e9e0, length=0, elements={
}

Java Threads: ( => current thread )

Other Threads:
  0x0000013b61e3d000 GCTaskThread "GC Thread#0" [stack: 0x0000000335b00000,0x0000000335c00000] [id=3528]
  0x0000013b61e4c800 ConcurrentGCThread "G1 Main Marker" [stack: 0x0000000335c00000,0x0000000335d00000] [id=4960]
  0x0000013b61e4e000 ConcurrentGCThread "G1 Conc#0" [stack: 0x0000000335d00000,0x0000000335e00000] [id=808]

[error occurred during error reporting (printing all threads), id 0xc0000005, EXCEPTION_ACCESS_VIOLATION (0xc0000005) at pc=0x00007ffa668b0d37]

VM state:not at safepoint (not fully initialized)

VM Mutex/Monitor currently owned by a thread:  ([mutex/lock_event])
[0x0000013b61e20650] Heap_lock - owner thread: 0x0000013b61e21000

Heap address: 0x00000000e0000000, size: 512 MB, Compressed Oops mode: Non-zero based: 0x00000000e0000000
Narrow klass base: 0x0000000000000000, Narrow klass shift: 0

GC Heap History (0 events):
No events

Deoptimization events (0 events):
No events

Classes redefined (0 events):
No events

Internal exceptions (0 events):
No events

Events (0 events):
No events


Dynamic libraries:
0x00007ff7baf60000 - 0x00007ff7bafa5000 	C:\01DevelopKits\jdk-11\bin\java.exe
0x00007ffacd8b0000 - 0x00007ffacdaa8000 	C:\Windows\SYSTEM32\ntdll.dll
0x00007ffaccd70000 - 0x00007ffacce2f000 	C:\Windows\System32\KERNEL32.DLL
0x00007ffacb470000 - 0x00007ffacb766000 	C:\Windows\System32\KERNELBASE.dll
0x00007ffacb910000 - 0x00007ffacbaad000 	C:\Windows\System32\USER32.dll
0x00007ffacb2e0000 - 0x00007ffacb302000 	C:\Windows\System32\win32u.dll
0x00007ffacc9d0000 - 0x00007ffacc9fc000 	C:\Windows\System32\GDI32.dll
0x00007ffacb0d0000 - 0x00007ffacb1e5000 	C:\Windows\System32\gdi32full.dll
0x00007ffacb870000 - 0x00007ffacb90d000 	C:\Windows\System32\msvcp_win.dll
0x00007ffacb770000 - 0x00007ffacb870000 	C:\Windows\System32\ucrtbase.dll
0x00007ffaca2d0000 - 0x00007ffaca56a000 	C:\Windows\WinSxS\amd64_microsoft.windows.common-controls_6595b64144ccf1df_6.0.19041.1110_none_60b5254171f9507e\COMCTL32.dll
0x00007ffacbab0000 - 0x00007ffacbb4e000 	C:\Windows\System32\msvcrt.dll
0x00007ffaccb90000 - 0x00007ffaccbc0000 	C:\Windows\System32\IMM32.DLL
0x00007ffac3da0000 - 0x00007ffac3db6000 	C:\01DevelopKits\jdk-11\bin\vcruntime140.dll
0x00007ffa993a0000 - 0x00007ffa9944a000 	C:\01DevelopKits\jdk-11\bin\msvcp140.dll
0x00007ffa665b0000 - 0x00007ffa670f1000 	C:\01DevelopKits\jdk-11\bin\server\jvm.dll
0x00007ffacd5e0000 - 0x00007ffacd68f000 	C:\Windows\System32\ADVAPI32.dll
0x00007ffacd390000 - 0x00007ffacd42c000 	C:\Windows\System32\sechost.dll
0x00007ffacca60000 - 0x00007ffaccb86000 	C:\Windows\System32\RPCRT4.dll
0x00007ffacc050000 - 0x00007ffacc058000 	C:\Windows\System32\PSAPI.DLL
0x00007ffaa4f20000 - 0x00007ffaa4f29000 	C:\Windows\SYSTEM32\WSOCK32.dll
0x00007ffaccbc0000 - 0x00007ffaccc2b000 	C:\Windows\System32\WS2_32.dll
0x00007ffab7dd0000 - 0x00007ffab7df7000 	C:\Windows\SYSTEM32\WINMM.dll
0x00007ffac7c60000 - 0x00007ffac7c6a000 	C:\Windows\SYSTEM32\VERSION.dll
0x00007ffac7ff0000 - 0x00007ffac8002000 	C:\Windows\SYSTEM32\kernel.appcore.dll
0x00007ffac3d80000 - 0x00007ffac3d91000 	C:\01DevelopKits\jdk-11\bin\verify.dll
0x00007ffacaad0000 - 0x00007ffacacb4000 	C:\Windows\SYSTEM32\DBGHELP.DLL
0x00007ffaca8e0000 - 0x00007ffaca914000 	C:\Windows\SYSTEM32\dbgcore.DLL
0x00007ffacaf90000 - 0x00007ffacb012000 	C:\Windows\System32\bcryptPrimitives.dll
0x00007ffabbec0000 - 0x00007ffabbee8000 	C:\01DevelopKits\jdk-11\bin\java.dll
0x00007ffac2410000 - 0x00007ffac2426000 	C:\01DevelopKits\jdk-11\bin\zip.dll
0x00007ffac40b0000 - 0x00007ffac40ba000 	C:\01DevelopKits\jdk-11\bin\jimage.dll

dbghelp: loaded successfully - version: 4.0.5 - missing functions: none
symbol engine: initialized successfully - sym options: 0x614 - pdb path: .;C:\01DevelopKits\jdk-11\bin;C:\Windows\SYSTEM32;C:\Windows\WinSxS\amd64_microsoft.windows.common-controls_6595b64144ccf1df_6.0.19041.1110_none_60b5254171f9507e;C:\01DevelopKits\jdk-11\bin\server

VM Arguments:
jvm_args: -Dorg.gradle.internal.worker.tmpdir=C:\01DevelopKits\cafe-bom\build\tmp\test\work -Dorg.gradle.native=false -Xmx512m -Dfile.encoding=x-windows-949 -Duser.country=KR -Duser.language=ko -Duser.variant -ea 
java_command: worker.org.gradle.process.internal.worker.GradleWorkerMain 'Gradle Test Executor 3'
java_class_path (initial): C:\\Users\\thsu1\\.gradle\\caches\\8.2.1\\workerMain\\gradle-worker.jar;C:\\01DevelopKits\\cafe-bom\\build\\classes\\java\\test;C:\\01DevelopKits\\cafe-bom\\build\\classes\\java\\main;C:\\01DevelopKits\\cafe-bom\\build\\resources\\main;C:\\Users\\thsu1\\.gradle\\caches\\modules-2\\files-2.1\\org.springframework.boot\\spring-boot-starter-data-jpa\\2.7.14\\ad7d3be24a386ec45ce020b8922e9d056f7a6835\\spring-boot-starter-data-jpa-2.7.14.jar;C:\\Users\\thsu1\\.gradle\\caches\\modules-2\\files-2.1\\org.springframework.boot\\spring-boot-starter-validation\\2.7.14\\6e88ca463b6d7294f3206da9a57a645ca41b9665\\spring-boot-starter-validation-2.7.14.jar;C:\\Users\\thsu1\\.gradle\\caches\\modules-2\\files-2.1\\org.springframework.boot\\spring-boot-starter-web\\2.7.14\\300b311c5fb98a2ee547df33a9d37782dddb496e\\spring-boot-starter-web-2.7.14.jar;C:\\Users\\thsu1\\.gradle\\caches\\modules-2\\files-2.1\\org.springframework.boot\\spring-boot-starter-webflux\\2.7.14\\7a198069c7f8936fef0a9f176d221f790ca0a70f\\spring-boot-starter-webflux-2.7.14.jar;C:\\Users\\thsu1\\.gradle\\caches\\modules-2\\files-2.1\\io.jsonwebtoken\\jjwt\\0.9.1\\54d2abfc3e63a28824d35bf600d6a5d627da681a\\jjwt-0.9.1.jar;C:\\Users\\thsu1\\.gradle\\caches\\modules-2\\files-2.1\\org.springframework.boot\\spring-boot-starter-json\\2.7.14\\34fbe387993dafef8b2c29516ebe54fec7108181\\spring-boot-starter-json-2.7.14.jar;C:\\Users\\thsu1\\.gradle\\caches\\modules-2\\files-2.1\\com.fasterxml.jackson.datatype\\jackson-datatype-jsr310\\2.13.5\\8ba3b868e81d7fc6ead686bd2353859b111d9eaf\\jackson-datatype-jsr310-2.13.5.jar;C:\\Users\\thsu1\\.gradle\\caches\\modules-2\\files-2.1\\com.fasterxml.jackson.module\\jackson-module-parameter-names\\2.13.5\\a401a99e7a45450fd3ef76e82ba39005fd1a8c22\\jackson-module-parameter-names-2.13.5.jar;C:\\Users\\thsu1\\.gradle\\caches\\modules-2\\files-2.1\\io.springfox\\springfox-boot-starter\\3.0.0\\5486365e263f8acca014b97efa50c3419d58e8f6\\springfox-boot-starter-3.0.0.jar;C:\\U
Launcher Type: SUN_STANDARD

[Global flags]
     intx CICompilerCount                          = 3                                         {product} {ergonomic}
     uint ConcGCThreads                            = 1                                         {product} {ergonomic}
     uint G1ConcRefinementThreads                  = 4                                         {product} {ergonomic}
   size_t G1HeapRegionSize                         = 1048576                                   {product} {ergonomic}
    uintx GCDrainStackTargetSize                   = 64                                        {product} {ergonomic}
   size_t InitialHeapSize                          = 134217728                                 {product} {ergonomic}
   size_t MarkStackSize                            = 4194304                                   {product} {ergonomic}
   size_t MaxHeapSize                              = 536870912                                 {product} {command line}
   size_t MinHeapDeltaBytes                        = 1048576                                   {product} {ergonomic}
    uintx NonNMethodCodeHeapSize                   = 5830092                                {pd product} {ergonomic}
    uintx NonProfiledCodeHeapSize                  = 122914074                              {pd product} {ergonomic}
    uintx ProfiledCodeHeapSize                     = 122914074                              {pd product} {ergonomic}
    uintx ReservedCodeCacheSize                    = 251658240                              {pd product} {ergonomic}
     bool SegmentedCodeCache                       = true                                      {product} {ergonomic}
     bool UseCompressedClassPointers               = true                                 {lp64_product} {ergonomic}
     bool UseCompressedOops                        = true                                 {lp64_product} {ergonomic}
     bool UseG1GC                                  = true                                      {product} {ergonomic}
     bool UseLargePagesIndividualAllocation        = false                                  {pd product} {ergonomic}

Logging:
Log output configuration:
 #0: stdout all=warning uptime,level,tags
 #1: stderr all=off uptime,level,tags

Environment Variables:
JAVA_HOME=C:\01DevelopKits\jdk-11
PATH=C:\Program Files\Common Files\Oracle\Java\javapath;C:\01DevelopKits\app\oracle\product\11.2.0\server\bin;C:\Windows\system32;C:\Windows;C:\Windows\System32\Wbem;C:\Windows\System32\WindowsPowerShell\v1.0\;C:\Windows\System32\OpenSSH\;C:\01DevelopKits\jdk-11\bin;C:\Program Files\Git\cmd;C:\Program Files\MySQL\MySQL Shell 8.0\bin\;C:\Users\thsu1\AppData\Local\Microsoft\WindowsApps;;C:\Users\thsu1\AppData\Local\Programs\Microsoft VS Code\bin;C:\IntelliJ IDEA Community Edition 2023.1.1\bin;
USERNAME=thsu1
OS=Windows_NT
PROCESSOR_IDENTIFIER=Intel64 Family 6 Model 78 Stepping 3, GenuineIntel



---------------  S Y S T E M  ---------------

OS: Windows 10 , 64 bit Build 19041 (10.0.19041.3155)

CPU:total 4 (initial active 4) (2 cores per cpu, 2 threads per core) family 6 model 78 stepping 3, cmov, cx8, fxsr, mmx, sse, sse2, sse3, ssse3, sse4.1, sse4.2, popcnt, avx, avx2, aes, clmul, erms, 3dnowpref, lzcnt, ht, tsc, tscinvbit, bmi1, bmi2, adx, fma

Memory: 4k page, system-wide physical 8108M (791M free)
TotalPageFile size 16166M (AvailPageFile size 52M)
current process WorkingSet (physical memory assigned to process): 10M, peak: 10M
current process commit charge ("private bytes"): 51M, peak: 179M

vm_info: OpenJDK 64-Bit Server VM (11+28) for windows-amd64 JRE (11+28), built on Aug 23 2018 03:04:58 by "mach5one" with MS VC++ 15.5 (VS2017)

END.
