#
# There is insufficient memory for the Java Runtime Environment to continue.
# Native memory allocation (malloc) failed to allocate 1588336 bytes for Chunk::new
# Possible reasons:
#   The system is out of physical RAM or swap space
#   The process is running with CompressedOops enabled, and the Java Heap may be blocking the growth of the native heap
# Possible solutions:
#   Reduce memory load on the system
#   Increase physical memory or swap space
#   Check if swap backing store is full
#   Decrease Java heap size (-Xmx/-Xms)
#   Decrease number of Java threads
#   Decrease Java thread stack sizes (-Xss)
#   Set larger code cache with -XX:ReservedCodeCacheSize=
#   JVM is running with Unscaled Compressed Oops mode in which the Java heap is
#     placed in the first 4GB address space. The Java Heap base address is the
#     maximum limit for the native heap growth. Please use -XX:HeapBaseMinAddress
#     to set the Java Heap base and to place the Java Heap above 4GB virtual address.
# This output file may be truncated or incomplete.
#
#  Out of Memory Error (t:/workspace/open/src/hotspot/share/memory/arena.cpp:197), pid=13388, tid=6048
#
# JRE version: OpenJDK Runtime Environment (11.0+28) (build 11+28)
# Java VM: OpenJDK 64-Bit Server VM (11+28, mixed mode, tiered, compressed oops, g1 gc, windows-amd64)
# No core dump will be written. Minidumps are not enabled by default on client versions of Windows
#

---------------  S U M M A R Y ------------

Command Line: --add-opens=java.base/java.util=ALL-UNNAMED --add-opens=java.base/java.lang=ALL-UNNAMED --add-opens=java.base/java.lang.invoke=ALL-UNNAMED --add-opens=java.prefs/java.util.prefs=ALL-UNNAMED --add-opens=java.base/java.nio.charset=ALL-UNNAMED --add-opens=java.base/java.net=ALL-UNNAMED --add-opens=java.base/java.util.concurrent.atomic=ALL-UNNAMED -XX:MaxMetaspaceSize=384m -XX:+HeapDumpOnOutOfMemoryError -Xms256m -Xmx512m -Dfile.encoding=x-windows-949 -Duser.country=KR -Duser.language=ko -Duser.variant -javaagent:C:\Users\thsu1\.gradle\wrapper\dists\gradle-8.2.1-bin\5hap6b9n41hkg4jeh2au2pllh\gradle-8.2.1\lib\agents\gradle-instrumentation-agent-8.2.1.jar org.gradle.launcher.daemon.bootstrap.GradleDaemon 8.2.1

Host: Intel(R) Core(TM) i5-6200U CPU @ 2.30GHz, 4 cores, 7G,  Windows 10 , 64 bit Build 19041 (10.0.19041.3155)
Time: Mon Sep 11 18:29:31 2023 대한민국 표준시 elapsed time: 310 seconds (0d 0h 5m 10s)

---------------  T H R E A D  ---------------

Current thread (0x0000018b47ed7800):  JavaThread "C2 CompilerThread1" daemon [_thread_in_native, id=6048, stack(0x0000004e8fd00000,0x0000004e8fe00000)]


Current CompileTask:
C2: 310019 16046       4       com.sun.tools.javac.comp.Resolve$4::argumentsAcceptable (69 bytes)

Stack: [0x0000004e8fd00000,0x0000004e8fe00000]
Native frames: (J=compiled Java code, j=interpreted, Vv=VM code, C=native code)
V  [jvm.dll+0x63adaa]
V  [jvm.dll+0x77852f]
V  [jvm.dll+0x779b18]
V  [jvm.dll+0x77a1d3]
V  [jvm.dll+0x2624c8]
V  [jvm.dll+0xc5b61]
V  [jvm.dll+0xc60fc]
V  [jvm.dll+0x36e6d7]
V  [jvm.dll+0x33b433]
V  [jvm.dll+0x33a80a]
V  [jvm.dll+0x21c365]
V  [jvm.dll+0x21b50a]
V  [jvm.dll+0x198400]
V  [jvm.dll+0x22a4ff]
V  [jvm.dll+0x228b18]
V  [jvm.dll+0x73dc3d]
V  [jvm.dll+0x639e42]
C  [ucrtbase.dll+0x21bb2]
C  [KERNEL32.DLL+0x17614]
C  [ntdll.dll+0x526b1]


---------------  P R O C E S S  ---------------

Threads class SMR info:
_java_thread_list=0x0000018b482049e0, length=89, elements={
0x0000018b26dd4000, 0x0000018b42025000, 0x0000018b42030000, 0x0000018b4293d000,
0x0000018b4293e000, 0x0000018b4293f000, 0x0000018b4205b000, 0x0000018b4295e000,
0x0000018b41fbb800, 0x0000018b42cd4000, 0x0000018b449ca000, 0x0000018b4391e800,
0x0000018b442ef800, 0x0000018b436f4000, 0x0000018b436f4800, 0x0000018b436f2000,
0x0000018b436f3000, 0x0000018b46eda800, 0x0000018b46edc000, 0x0000018b46ed7000,
0x0000018b46edf800, 0x0000018b46edd800, 0x0000018b46ee1000, 0x0000018b46ee0000,
0x0000018b46ee3800, 0x0000018b48591000, 0x0000018b48592000, 0x0000018b48593800,
0x0000018b4858f800, 0x0000018b48593000, 0x0000018b48590800, 0x0000018b4858e000,
0x0000018b48595800, 0x0000018b48596000, 0x0000018b48599800, 0x0000018b48597000,
0x0000018b4859a000, 0x0000018b48597800, 0x0000018b48594800, 0x0000018b4859b000,
0x0000018b48598800, 0x0000018b4859c000, 0x0000018b4859c800, 0x0000018b46edb800,
0x0000018b46ed9800, 0x0000018b46edd000, 0x0000018b46ed8000, 0x0000018b46ed9000,
0x0000018b46ee6000, 0x0000018b46ee4800, 0x0000018b46ee2800, 0x0000018b46ee5000,
0x0000018b46ee2000, 0x0000018b47144000, 0x0000018b47141800, 0x0000018b47145800,
0x0000018b47146800, 0x0000018b47140800, 0x0000018b47142000, 0x0000018b47143000,
0x0000018b47147000, 0x0000018b47148000, 0x0000018b47149000, 0x0000018b47149800,
0x0000018b4714a800, 0x0000018b47144800, 0x0000018b4714b000, 0x0000018b4714c000,
0x0000018b4714d000, 0x0000018b4714d800, 0x0000018b4714e800, 0x0000018b4714f800,
0x0000018b46c80000, 0x0000018b46c83000, 0x0000018b46c84000, 0x0000018b46c81000,
0x0000018b46c81800, 0x0000018b46c85000, 0x0000018b46c7f000, 0x0000018b46c85800,
0x0000018b46c82800, 0x0000018b4410a000, 0x0000018b44106000, 0x0000018b44109000,
0x0000018b44108800, 0x0000018b44106800, 0x0000018b44104000, 0x0000018b44107800,
0x0000018b47ed7800
}

Java Threads: ( => current thread )
  0x0000018b26dd4000 JavaThread "main" [_thread_blocked, id=12792, stack(0x0000004e8c500000,0x0000004e8c600000)]
  0x0000018b42025000 JavaThread "Reference Handler" daemon [_thread_blocked, id=14216, stack(0x0000004e8cc00000,0x0000004e8cd00000)]
  0x0000018b42030000 JavaThread "Finalizer" daemon [_thread_blocked, id=16276, stack(0x0000004e8cd00000,0x0000004e8ce00000)]
  0x0000018b4293d000 JavaThread "Signal Dispatcher" daemon [_thread_blocked, id=7792, stack(0x0000004e8ce00000,0x0000004e8cf00000)]
  0x0000018b4293e000 JavaThread "Attach Listener" daemon [_thread_blocked, id=2376, stack(0x0000004e8cf00000,0x0000004e8d000000)]
  0x0000018b4293f000 JavaThread "C2 CompilerThread0" daemon [_thread_in_native, id=12748, stack(0x0000004e8d000000,0x0000004e8d100000)]
  0x0000018b4205b000 JavaThread "C1 CompilerThread0" daemon [_thread_blocked, id=13424, stack(0x0000004e8d100000,0x0000004e8d200000)]
  0x0000018b4295e000 JavaThread "Sweeper thread" daemon [_thread_blocked, id=15956, stack(0x0000004e8d200000,0x0000004e8d300000)]
  0x0000018b41fbb800 JavaThread "Common-Cleaner" daemon [_thread_blocked, id=11640, stack(0x0000004e8d300000,0x0000004e8d400000)]
  0x0000018b42cd4000 JavaThread "Service Thread" daemon [_thread_blocked, id=16272, stack(0x0000004e8d400000,0x0000004e8d500000)]
  0x0000018b449ca000 JavaThread "Daemon health stats" [_thread_blocked, id=13616, stack(0x0000004e8da00000,0x0000004e8db00000)]
  0x0000018b4391e800 JavaThread "Incoming local TCP Connector on port 64238" [_thread_in_native, id=6512, stack(0x0000004e8d900000,0x0000004e8da00000)]
  0x0000018b442ef800 JavaThread "Daemon periodic checks" [_thread_blocked, id=14632, stack(0x0000004e8db00000,0x0000004e8dc00000)]
  0x0000018b436f4000 JavaThread "Cache worker for journal cache (C:\Users\thsu1\.gradle\caches\journal-1)" [_thread_blocked, id=14740, stack(0x0000004e8e300000,0x0000004e8e400000)]
  0x0000018b436f4800 JavaThread "File lock request listener" [_thread_in_native, id=8316, stack(0x0000004e8e400000,0x0000004e8e500000)]
  0x0000018b436f2000 JavaThread "Cache worker for file hash cache (C:\Users\thsu1\.gradle\caches\8.2.1\fileHashes)" [_thread_blocked, id=8572, stack(0x0000004e8e500000,0x0000004e8e600000)]
  0x0000018b436f3000 JavaThread "File watcher server" daemon [_thread_in_native, id=8392, stack(0x0000004e8e700000,0x0000004e8e800000)]
  0x0000018b46eda800 JavaThread "File watcher consumer" daemon [_thread_blocked, id=16356, stack(0x0000004e8e800000,0x0000004e8e900000)]
  0x0000018b46edc000 JavaThread "Cache worker for file content cache (C:\Users\thsu1\.gradle\caches\8.2.1\fileContent)" [_thread_blocked, id=3592, stack(0x0000004e8eb00000,0x0000004e8ec00000)]
  0x0000018b46ed7000 JavaThread "Cache worker for execution history cache (C:\Users\thsu1\.gradle\caches\8.2.1\executionHistory)" [_thread_blocked, id=14744, stack(0x0000004e8ee00000,0x0000004e8ef00000)]
  0x0000018b46edf800 JavaThread "jar transforms" [_thread_blocked, id=15448, stack(0x0000004e8ef00000,0x0000004e8f000000)]
  0x0000018b46edd800 JavaThread "jar transforms Thread 2" [_thread_blocked, id=2840, stack(0x0000004e8f000000,0x0000004e8f100000)]
  0x0000018b46ee1000 JavaThread "jar transforms Thread 3" [_thread_blocked, id=4712, stack(0x0000004e8f100000,0x0000004e8f200000)]
  0x0000018b46ee0000 JavaThread "jar transforms Thread 4" [_thread_blocked, id=12336, stack(0x0000004e8f200000,0x0000004e8f300000)]
  0x0000018b46ee3800 JavaThread "Memory manager" [_thread_blocked, id=6924, stack(0x0000004e8f800000,0x0000004e8f900000)]
  0x0000018b48591000 JavaThread "Cache worker for Java compile cache (C:\Users\thsu1\.gradle\caches\8.2.1\javaCompile)" [_thread_blocked, id=11384, stack(0x0000004e92300000,0x0000004e92400000)]
  0x0000018b48592000 JavaThread "Daemon Thread 2" [_thread_blocked, id=3572, stack(0x0000004e8c400000,0x0000004e8c500000)]
  0x0000018b48593800 JavaThread "Daemon Thread 3" [_thread_blocked, id=13580, stack(0x0000004e8dd00000,0x0000004e8de00000)]
  0x0000018b4858f800 JavaThread "Handler for socket connection from /127.0.0.1:64238 to /127.0.0.1:64302" [_thread_in_native, id=12428, stack(0x0000004e8de00000,0x0000004e8df00000)]
  0x0000018b48593000 JavaThread "Cancel handler" [_thread_blocked, id=2780, stack(0x0000004e8df00000,0x0000004e8e000000)]
  0x0000018b48590800 JavaThread "Daemon worker Thread 2" [_thread_blocked, id=6160, stack(0x0000004e8dc00000,0x0000004e8dd00000)]
  0x0000018b4858e000 JavaThread "Asynchronous log dispatcher for DefaultDaemonConnection: socket connection from /127.0.0.1:64238 to /127.0.0.1:64302" [_thread_blocked, id=13008, stack(0x0000004e8e000000,0x0000004e8e100000)]
  0x0000018b48595800 JavaThread "Stdin handler" [_thread_blocked, id=7220, stack(0x0000004e8e100000,0x0000004e8e200000)]
  0x0000018b48596000 JavaThread "Daemon client event forwarder" [_thread_blocked, id=2556, stack(0x0000004e8e200000,0x0000004e8e300000)]
  0x0000018b48599800 JavaThread "Cache worker for checksums cache (C:\01DevelopKits\cafe-bom\.gradle\8.2.1\checksums)" [_thread_blocked, id=15860, stack(0x0000004e8e600000,0x0000004e8e700000)]
  0x0000018b48597000 JavaThread "Cache worker for cache directory md-rule (C:\Users\thsu1\.gradle\caches\8.2.1\md-rule)" [_thread_blocked, id=12676, stack(0x0000004e8e900000,0x0000004e8ea00000)]
  0x0000018b4859a000 JavaThread "Cache worker for file hash cache (C:\01DevelopKits\cafe-bom\.gradle\8.2.1\fileHashes)" [_thread_blocked, id=15740, stack(0x0000004e8ea00000,0x0000004e8eb00000)]
  0x0000018b48597800 JavaThread "Cache worker for cache directory md-supplier (C:\Users\thsu1\.gradle\caches\8.2.1\md-supplier)" [_thread_blocked, id=6884, stack(0x0000004e8ec00000,0x0000004e8ed00000)]
  0x0000018b48594800 JavaThread "Cache worker for dependencies-accessors (C:\01DevelopKits\cafe-bom\.gradle\8.2.1\dependencies-accessors)" [_thread_blocked, id=10492, stack(0x0000004e8ed00000,0x0000004e8ee00000)]
  0x0000018b4859b000 JavaThread "Cache worker for Build Output Cleanup Cache (C:\01DevelopKits\cafe-bom\.gradle\buildOutputCleanup)" [_thread_blocked, id=1344, stack(0x0000004e8f300000,0x0000004e8f400000)]
  0x0000018b48598800 JavaThread "Unconstrained build operations" [_thread_blocked, id=3728, stack(0x0000004e8f400000,0x0000004e8f500000)]
  0x0000018b4859c000 JavaThread "Unconstrained build operations Thread 2" [_thread_blocked, id=15216, stack(0x0000004e8f500000,0x0000004e8f600000)]
  0x0000018b4859c800 JavaThread "Unconstrained build operations Thread 3" [_thread_blocked, id=7820, stack(0x0000004e8f600000,0x0000004e8f700000)]
  0x0000018b46edb800 JavaThread "included builds" [_thread_in_native, id=7660, stack(0x0000004e8f700000,0x0000004e8f800000)]
  0x0000018b46ed9800 JavaThread "Execution worker" [_thread_blocked, id=12352, stack(0x0000004e8f900000,0x0000004e8fa00000)]
  0x0000018b46edd000 JavaThread "Execution worker Thread 2" [_thread_blocked, id=7432, stack(0x0000004e8fa00000,0x0000004e8fb00000)]
  0x0000018b46ed8000 JavaThread "Execution worker Thread 3" [_thread_blocked, id=13144, stack(0x0000004e8fb00000,0x0000004e8fc00000)]
  0x0000018b46ed9000 JavaThread "Cache worker for execution history cache (C:\01DevelopKits\cafe-bom\.gradle\8.2.1\executionHistory)" [_thread_blocked, id=16072, stack(0x0000004e8fc00000,0x0000004e8fd00000)]
  0x0000018b46ee6000 JavaThread "Unconstrained build operations Thread 4" [_thread_blocked, id=8332, stack(0x0000004e8fe00000,0x0000004e8ff00000)]
  0x0000018b46ee4800 JavaThread "Unconstrained build operations Thread 5" [_thread_blocked, id=7672, stack(0x0000004e8ff00000,0x0000004e90000000)]
  0x0000018b46ee2800 JavaThread "Unconstrained build operations Thread 6" [_thread_blocked, id=10084, stack(0x0000004e90000000,0x0000004e90100000)]
  0x0000018b46ee5000 JavaThread "Unconstrained build operations Thread 7" [_thread_blocked, id=16068, stack(0x0000004e90100000,0x0000004e90200000)]
  0x0000018b46ee2000 JavaThread "Unconstrained build operations Thread 8" [_thread_blocked, id=13524, stack(0x0000004e90200000,0x0000004e90300000)]
  0x0000018b47144000 JavaThread "Unconstrained build operations Thread 9" [_thread_blocked, id=8636, stack(0x0000004e90300000,0x0000004e90400000)]
  0x0000018b47141800 JavaThread "Unconstrained build operations Thread 10" [_thread_blocked, id=15368, stack(0x0000004e90400000,0x0000004e90500000)]
  0x0000018b47145800 JavaThread "Unconstrained build operations Thread 11" [_thread_blocked, id=9276, stack(0x0000004e90500000,0x0000004e90600000)]
  0x0000018b47146800 JavaThread "Unconstrained build operations Thread 12" [_thread_blocked, id=10332, stack(0x0000004e90600000,0x0000004e90700000)]
  0x0000018b47140800 JavaThread "Unconstrained build operations Thread 13" [_thread_blocked, id=4020, stack(0x0000004e90700000,0x0000004e90800000)]
  0x0000018b47142000 JavaThread "Unconstrained build operations Thread 14" [_thread_blocked, id=3160, stack(0x0000004e90800000,0x0000004e90900000)]
  0x0000018b47143000 JavaThread "Unconstrained build operations Thread 15" [_thread_blocked, id=6876, stack(0x0000004e90900000,0x0000004e90a00000)]
  0x0000018b47147000 JavaThread "Unconstrained build operations Thread 16" [_thread_blocked, id=12524, stack(0x0000004e90a00000,0x0000004e90b00000)]
  0x0000018b47148000 JavaThread "Unconstrained build operations Thread 17" [_thread_blocked, id=7628, stack(0x0000004e90b00000,0x0000004e90c00000)]
  0x0000018b47149000 JavaThread "Unconstrained build operations Thread 18" [_thread_blocked, id=15268, stack(0x0000004e90c00000,0x0000004e90d00000)]
  0x0000018b47149800 JavaThread "Unconstrained build operations Thread 19" [_thread_blocked, id=10036, stack(0x0000004e90d00000,0x0000004e90e00000)]
  0x0000018b4714a800 JavaThread "Unconstrained build operations Thread 20" [_thread_blocked, id=4588, stack(0x0000004e90e00000,0x0000004e90f00000)]
  0x0000018b47144800 JavaThread "Unconstrained build operations Thread 21" [_thread_blocked, id=11520, stack(0x0000004e90f00000,0x0000004e91000000)]
  0x0000018b4714b000 JavaThread "Unconstrained build operations Thread 22" [_thread_blocked, id=5620, stack(0x0000004e91000000,0x0000004e91100000)]
  0x0000018b4714c000 JavaThread "Unconstrained build operations Thread 23" [_thread_blocked, id=10740, stack(0x0000004e91100000,0x0000004e91200000)]
  0x0000018b4714d000 JavaThread "Unconstrained build operations Thread 24" [_thread_blocked, id=2368, stack(0x0000004e91200000,0x0000004e91300000)]
  0x0000018b4714d800 JavaThread "Unconstrained build operations Thread 25" [_thread_blocked, id=12136, stack(0x0000004e91300000,0x0000004e91400000)]
  0x0000018b4714e800 JavaThread "Unconstrained build operations Thread 26" [_thread_blocked, id=15852, stack(0x0000004e91400000,0x0000004e91500000)]
  0x0000018b4714f800 JavaThread "Unconstrained build operations Thread 27" [_thread_blocked, id=15092, stack(0x0000004e91500000,0x0000004e91600000)]
  0x0000018b46c80000 JavaThread "Unconstrained build operations Thread 28" [_thread_blocked, id=8444, stack(0x0000004e91600000,0x0000004e91700000)]
  0x0000018b46c83000 JavaThread "Unconstrained build operations Thread 29" [_thread_blocked, id=16088, stack(0x0000004e91700000,0x0000004e91800000)]
  0x0000018b46c84000 JavaThread "Unconstrained build operations Thread 30" [_thread_blocked, id=10048, stack(0x0000004e91800000,0x0000004e91900000)]
  0x0000018b46c81000 JavaThread "Unconstrained build operations Thread 31" [_thread_blocked, id=9136, stack(0x0000004e91900000,0x0000004e91a00000)]
  0x0000018b46c81800 JavaThread "Unconstrained build operations Thread 32" [_thread_blocked, id=6172, stack(0x0000004e91a00000,0x0000004e91b00000)]
  0x0000018b46c85000 JavaThread "Unconstrained build operations Thread 33" [_thread_blocked, id=3300, stack(0x0000004e91b00000,0x0000004e91c00000)]
  0x0000018b46c7f000 JavaThread "Unconstrained build operations Thread 34" [_thread_blocked, id=11008, stack(0x0000004e91c00000,0x0000004e91d00000)]
  0x0000018b46c85800 JavaThread "Unconstrained build operations Thread 35" [_thread_blocked, id=15816, stack(0x0000004e91d00000,0x0000004e91e00000)]
  0x0000018b46c82800 JavaThread "Unconstrained build operations Thread 36" [_thread_blocked, id=14528, stack(0x0000004e91e00000,0x0000004e91f00000)]
  0x0000018b4410a000 JavaThread "Unconstrained build operations Thread 37" [_thread_blocked, id=7388, stack(0x0000004e91f00000,0x0000004e92000000)]
  0x0000018b44106000 JavaThread "Unconstrained build operations Thread 38" [_thread_blocked, id=13820, stack(0x0000004e92000000,0x0000004e92100000)]
  0x0000018b44109000 JavaThread "Unconstrained build operations Thread 39" [_thread_blocked, id=7540, stack(0x0000004e92100000,0x0000004e92200000)]
  0x0000018b44108800 JavaThread "Unconstrained build operations Thread 40" [_thread_blocked, id=3468, stack(0x0000004e92200000,0x0000004e92300000)]
  0x0000018b44106800 JavaThread "Build operations" [_thread_blocked, id=1740, stack(0x0000004e92400000,0x0000004e92500000)]
  0x0000018b44104000 JavaThread "Build operations Thread 2" [_thread_blocked, id=14464, stack(0x0000004e92500000,0x0000004e92600000)]
  0x0000018b44107800 JavaThread "Build operations Thread 3" [_thread_blocked, id=5684, stack(0x0000004e92600000,0x0000004e92700000)]
=>0x0000018b47ed7800 JavaThread "C2 CompilerThread1" daemon [_thread_in_native, id=6048, stack(0x0000004e8fd00000,0x0000004e8fe00000)]

Other Threads:
  0x0000018b42002800 VMThread "VM Thread" [stack: 0x0000004e8cb00000,0x0000004e8cc00000] [id=6548]
  0x0000018b42cb4800 WatcherThread [stack: 0x0000004e8d500000,0x0000004e8d600000] [id=14708]
  0x0000018b26deb000 GCTaskThread "GC Thread#0" [stack: 0x0000004e8c600000,0x0000004e8c700000] [id=14944]
  0x0000018b42d40800 GCTaskThread "GC Thread#1" [stack: 0x0000004e8d600000,0x0000004e8d700000] [id=5508]
  0x0000018b42cb2800 GCTaskThread "GC Thread#2" [stack: 0x0000004e8d700000,0x0000004e8d800000] [id=9212]
  0x0000018b42cb3000 GCTaskThread "GC Thread#3" [stack: 0x0000004e8d800000,0x0000004e8d900000] [id=2288]
  0x0000018b26dfb000 ConcurrentGCThread "G1 Main Marker" [stack: 0x0000004e8c700000,0x0000004e8c800000] [id=10044]
  0x0000018b26dfc000 ConcurrentGCThread "G1 Conc#0" [stack: 0x0000004e8c800000,0x0000004e8c900000] [id=2084]
  0x0000018b41e92800 ConcurrentGCThread "G1 Refine#0" [stack: 0x0000004e8c900000,0x0000004e8ca00000] [id=9944]
  0x0000018b47789000 ConcurrentGCThread "G1 Refine#1" [stack: 0x0000004e92700000,0x0000004e92800000] [id=12840]
  0x0000018b46f24000 ConcurrentGCThread "G1 Refine#2" [stack: 0x0000004e92800000,0x0000004e92900000] [id=13716]
  0x0000018b47786000 ConcurrentGCThread "G1 Refine#3" [stack: 0x0000004e92900000,0x0000004e92a00000] [id=14036]
  0x0000018b41e93800 ConcurrentGCThread "G1 Young RemSet Sampling" [stack: 0x0000004e8ca00000,0x0000004e8cb00000] [id=5236]

Threads with active compile tasks:
C2 CompilerThread015946       4       com.sun.tools.javac.comp.Resolve::findMethod (428 bytes)
C2 CompilerThread116046       4       com.sun.tools.javac.comp.Resolve$4::argumentsAcceptable (69 bytes)

VM state:not at safepoint (normal execution)

VM Mutex/Monitor currently owned by a thread: None

Heap address: 0x00000000e0000000, size: 512 MB, Compressed Oops mode: 32-bit
Narrow klass base: 0x0000000000000000, Narrow klass shift: 3
Compressed class space size: 394264576 Address: 0x0000000100000000

Heap:
 garbage-first heap   total 262144K, used 161513K [0x00000000e0000000, 0x0000000100000000)
  region size 1024K, 31 young (31744K), 11 survivors (11264K)
 Metaspace       used 79364K, capacity 82361K, committed 82940K, reserved 456704K
  class space    used 9990K, capacity 11154K, committed 11340K, reserved 385024K
Heap Regions: E=young(eden), S=young(survivor), O=old, HS=humongous(starts), HC=humongous(continues), CS=collection set, F=free, A=archive, TAMS=top-at-mark-start (previous, next)
|   0|0x00000000e0000000, 0x00000000e0100000, 0x00000000e0100000|100%| O|  |TAMS 0x00000000e0100000, 0x00000000e0000000| Untracked 
|   1|0x00000000e0100000, 0x00000000e0200000, 0x00000000e0200000|100%| O|  |TAMS 0x00000000e0200000, 0x00000000e0100000| Untracked 
|   2|0x00000000e0200000, 0x00000000e0300000, 0x00000000e0300000|100%|HS|  |TAMS 0x00000000e0300000, 0x00000000e0200000| Complete 
|   3|0x00000000e0300000, 0x00000000e0400000, 0x00000000e0400000|100%|HC|  |TAMS 0x00000000e0400000, 0x00000000e0300000| Complete 
|   4|0x00000000e0400000, 0x00000000e0500000, 0x00000000e0500000|100%|HC|  |TAMS 0x00000000e0500000, 0x00000000e0400000| Complete 
|   5|0x00000000e0500000, 0x00000000e0600000, 0x00000000e0600000|100%|HC|  |TAMS 0x00000000e0600000, 0x00000000e0500000| Complete 
|   6|0x00000000e0600000, 0x00000000e0700000, 0x00000000e0700000|100%| O|  |TAMS 0x00000000e0700000, 0x00000000e0600000| Untracked 
|   7|0x00000000e0700000, 0x00000000e0800000, 0x00000000e0800000|100%| O|  |TAMS 0x00000000e0800000, 0x00000000e0700000| Untracked 
|   8|0x00000000e0800000, 0x00000000e0900000, 0x00000000e0900000|100%| O|  |TAMS 0x00000000e0900000, 0x00000000e0800000| Untracked 
|   9|0x00000000e0900000, 0x00000000e0a00000, 0x00000000e0a00000|100%| O|  |TAMS 0x00000000e0a00000, 0x00000000e0900000| Untracked 
|  10|0x00000000e0a00000, 0x00000000e0b00000, 0x00000000e0b00000|100%| O|  |TAMS 0x00000000e0b00000, 0x00000000e0a00000| Untracked 
|  11|0x00000000e0b00000, 0x00000000e0c00000, 0x00000000e0c00000|100%| O|  |TAMS 0x00000000e0c00000, 0x00000000e0b00000| Untracked 
|  12|0x00000000e0c00000, 0x00000000e0d00000, 0x00000000e0d00000|100%| O|  |TAMS 0x00000000e0d00000, 0x00000000e0c00000| Untracked 
|  13|0x00000000e0d00000, 0x00000000e0e00000, 0x00000000e0e00000|100%| O|  |TAMS 0x00000000e0e00000, 0x00000000e0d00000| Untracked 
|  14|0x00000000e0e00000, 0x00000000e0f00000, 0x00000000e0f00000|100%| O|  |TAMS 0x00000000e0f00000, 0x00000000e0e00000| Untracked 
|  15|0x00000000e0f00000, 0x00000000e1000000, 0x00000000e1000000|100%| O|  |TAMS 0x00000000e1000000, 0x00000000e0f00000| Untracked 
|  16|0x00000000e1000000, 0x00000000e1100000, 0x00000000e1100000|100%| O|  |TAMS 0x00000000e1100000, 0x00000000e1000000| Untracked 
|  17|0x00000000e1100000, 0x00000000e1200000, 0x00000000e1200000|100%| O|  |TAMS 0x00000000e1200000, 0x00000000e1100000| Untracked 
|  18|0x00000000e1200000, 0x00000000e1300000, 0x00000000e1300000|100%| O|  |TAMS 0x00000000e1300000, 0x00000000e1200000| Untracked 
|  19|0x00000000e1300000, 0x00000000e1400000, 0x00000000e1400000|100%| O|  |TAMS 0x00000000e1400000, 0x00000000e1300000| Untracked 
|  20|0x00000000e1400000, 0x00000000e1500000, 0x00000000e1500000|100%| O|  |TAMS 0x00000000e1500000, 0x00000000e1400000| Untracked 
|  21|0x00000000e1500000, 0x00000000e1600000, 0x00000000e1600000|100%| O|  |TAMS 0x00000000e1600000, 0x00000000e1500000| Untracked 
|  22|0x00000000e1600000, 0x00000000e1700000, 0x00000000e1700000|100%| O|  |TAMS 0x00000000e1700000, 0x00000000e1600000| Untracked 
|  23|0x00000000e1700000, 0x00000000e1800000, 0x00000000e1800000|100%| O|  |TAMS 0x00000000e1800000, 0x00000000e1700000| Untracked 
|  24|0x00000000e1800000, 0x00000000e1900000, 0x00000000e1900000|100%| O|  |TAMS 0x00000000e1900000, 0x00000000e1800000| Untracked 
|  25|0x00000000e1900000, 0x00000000e1a00000, 0x00000000e1a00000|100%| O|  |TAMS 0x00000000e1a00000, 0x00000000e1900000| Untracked 
|  26|0x00000000e1a00000, 0x00000000e1b00000, 0x00000000e1b00000|100%| O|  |TAMS 0x00000000e1b00000, 0x00000000e1a00000| Untracked 
|  27|0x00000000e1b00000, 0x00000000e1c00000, 0x00000000e1c00000|100%| O|  |TAMS 0x00000000e1c00000, 0x00000000e1b00000| Untracked 
|  28|0x00000000e1c00000, 0x00000000e1d00000, 0x00000000e1d00000|100%| O|  |TAMS 0x00000000e1d00000, 0x00000000e1c00000| Untracked 
|  29|0x00000000e1d00000, 0x00000000e1e00000, 0x00000000e1e00000|100%| O|  |TAMS 0x00000000e1e00000, 0x00000000e1d00000| Untracked 
|  30|0x00000000e1e00000, 0x00000000e1f00000, 0x00000000e1f00000|100%| O|  |TAMS 0x00000000e1f00000, 0x00000000e1e00000| Untracked 
|  31|0x00000000e1f00000, 0x00000000e2000000, 0x00000000e2000000|100%| O|  |TAMS 0x00000000e2000000, 0x00000000e1f00000| Untracked 
|  32|0x00000000e2000000, 0x00000000e2100000, 0x00000000e2100000|100%| O|  |TAMS 0x00000000e2100000, 0x00000000e2000000| Untracked 
|  33|0x00000000e2100000, 0x00000000e2200000, 0x00000000e2200000|100%| O|  |TAMS 0x00000000e2200000, 0x00000000e2100000| Untracked 
|  34|0x00000000e2200000, 0x00000000e2300000, 0x00000000e2300000|100%| O|  |TAMS 0x00000000e2300000, 0x00000000e2200000| Untracked 
|  35|0x00000000e2300000, 0x00000000e2400000, 0x00000000e2400000|100%| O|  |TAMS 0x00000000e2400000, 0x00000000e2300000| Untracked 
|  36|0x00000000e2400000, 0x00000000e2500000, 0x00000000e2500000|100%| O|  |TAMS 0x00000000e2500000, 0x00000000e2400000| Untracked 
|  37|0x00000000e2500000, 0x00000000e2600000, 0x00000000e2600000|100%| O|  |TAMS 0x00000000e2600000, 0x00000000e2500000| Untracked 
|  38|0x00000000e2600000, 0x00000000e2700000, 0x00000000e2700000|100%| O|  |TAMS 0x00000000e2700000, 0x00000000e2600000| Untracked 
|  39|0x00000000e2700000, 0x00000000e2800000, 0x00000000e2800000|100%| O|  |TAMS 0x00000000e2700000, 0x00000000e2700000| Untracked 
|  40|0x00000000e2800000, 0x00000000e2900000, 0x00000000e2900000|100%| O|  |TAMS 0x00000000e2900000, 0x00000000e2800000| Untracked 
|  41|0x00000000e2900000, 0x00000000e2a00000, 0x00000000e2a00000|100%| O|  |TAMS 0x00000000e2a00000, 0x00000000e2900000| Untracked 
|  42|0x00000000e2a00000, 0x00000000e2b00000, 0x00000000e2b00000|100%| O|  |TAMS 0x00000000e2b00000, 0x00000000e2a00000| Untracked 
|  43|0x00000000e2b00000, 0x00000000e2c00000, 0x00000000e2c00000|100%| O|  |TAMS 0x00000000e2c00000, 0x00000000e2b00000| Untracked 
|  44|0x00000000e2c00000, 0x00000000e2d00000, 0x00000000e2d00000|100%| O|  |TAMS 0x00000000e2d00000, 0x00000000e2c00000| Untracked 
|  45|0x00000000e2d00000, 0x00000000e2e00000, 0x00000000e2e00000|100%| O|  |TAMS 0x00000000e2e00000, 0x00000000e2d00000| Untracked 
|  46|0x00000000e2e00000, 0x00000000e2f00000, 0x00000000e2f00000|100%| O|  |TAMS 0x00000000e2f00000, 0x00000000e2e00000| Untracked 
|  47|0x00000000e2f00000, 0x00000000e3000000, 0x00000000e3000000|100%| O|  |TAMS 0x00000000e3000000, 0x00000000e2f00000| Untracked 
|  48|0x00000000e3000000, 0x00000000e3100000, 0x00000000e3100000|100%|HS|  |TAMS 0x00000000e3100000, 0x00000000e3000000| Complete 
|  49|0x00000000e3100000, 0x00000000e3200000, 0x00000000e3200000|100%| O|  |TAMS 0x00000000e3200000, 0x00000000e3100000| Untracked 
|  50|0x00000000e3200000, 0x00000000e3300000, 0x00000000e3300000|100%| O|  |TAMS 0x00000000e3200000, 0x00000000e3200000| Untracked 
|  51|0x00000000e3300000, 0x00000000e3400000, 0x00000000e3400000|100%| O|  |TAMS 0x00000000e3400000, 0x00000000e3300000| Untracked 
|  52|0x00000000e3400000, 0x00000000e3500000, 0x00000000e3500000|100%| O|  |TAMS 0x00000000e3500000, 0x00000000e3400000| Untracked 
|  53|0x00000000e3500000, 0x00000000e3600000, 0x00000000e3600000|100%| O|  |TAMS 0x00000000e3600000, 0x00000000e3500000| Untracked 
|  54|0x00000000e3600000, 0x00000000e3700000, 0x00000000e3700000|100%| O|  |TAMS 0x00000000e3700000, 0x00000000e3600000| Untracked 
|  55|0x00000000e3700000, 0x00000000e3800000, 0x00000000e3800000|100%| O|  |TAMS 0x00000000e3800000, 0x00000000e3700000| Untracked 
|  56|0x00000000e3800000, 0x00000000e3900000, 0x00000000e3900000|100%|HS|  |TAMS 0x00000000e3800000, 0x00000000e3800000| Complete 
|  57|0x00000000e3900000, 0x00000000e3a00000, 0x00000000e3a00000|100%| O|  |TAMS 0x00000000e3900000, 0x00000000e3900000| Untracked 
|  58|0x00000000e3a00000, 0x00000000e3b00000, 0x00000000e3b00000|100%| O|  |TAMS 0x00000000e3b00000, 0x00000000e3a00000| Untracked 
|  59|0x00000000e3b00000, 0x00000000e3c00000, 0x00000000e3c00000|100%| O|  |TAMS 0x00000000e3c00000, 0x00000000e3b00000| Untracked 
|  60|0x00000000e3c00000, 0x00000000e3d00000, 0x00000000e3d00000|100%| O|  |TAMS 0x00000000e3d00000, 0x00000000e3c00000| Untracked 
|  61|0x00000000e3d00000, 0x00000000e3e00000, 0x00000000e3e00000|100%| O|  |TAMS 0x00000000e3e00000, 0x00000000e3d00000| Untracked 
|  62|0x00000000e3e00000, 0x00000000e3f00000, 0x00000000e3f00000|100%| O|  |TAMS 0x00000000e3f00000, 0x00000000e3e00000| Untracked 
|  63|0x00000000e3f00000, 0x00000000e4000000, 0x00000000e4000000|100%| O|  |TAMS 0x00000000e4000000, 0x00000000e3f00000| Untracked 
|  64|0x00000000e4000000, 0x00000000e4100000, 0x00000000e4100000|100%| O|  |TAMS 0x00000000e4100000, 0x00000000e4000000| Untracked 
|  65|0x00000000e4100000, 0x00000000e4200000, 0x00000000e4200000|100%| O|  |TAMS 0x00000000e4200000, 0x00000000e4100000| Untracked 
|  66|0x00000000e4200000, 0x00000000e4300000, 0x00000000e4300000|100%| O|  |TAMS 0x00000000e4300000, 0x00000000e4200000| Untracked 
|  67|0x00000000e4300000, 0x00000000e4400000, 0x00000000e4400000|100%| O|  |TAMS 0x00000000e4400000, 0x00000000e4300000| Untracked 
|  68|0x00000000e4400000, 0x00000000e4500000, 0x00000000e4500000|100%| O|  |TAMS 0x00000000e4500000, 0x00000000e4400000| Untracked 
|  69|0x00000000e4500000, 0x00000000e4600000, 0x00000000e4600000|100%| O|  |TAMS 0x00000000e4600000, 0x00000000e4500000| Untracked 
|  70|0x00000000e4600000, 0x00000000e4700000, 0x00000000e4700000|100%| O|  |TAMS 0x00000000e4700000, 0x00000000e4600000| Untracked 
|  71|0x00000000e4700000, 0x00000000e4800000, 0x00000000e4800000|100%| O|  |TAMS 0x00000000e4800000, 0x00000000e4700000| Untracked 
|  72|0x00000000e4800000, 0x00000000e4900000, 0x00000000e4900000|100%| O|  |TAMS 0x00000000e4900000, 0x00000000e4800000| Untracked 
|  73|0x00000000e4900000, 0x00000000e4a00000, 0x00000000e4a00000|100%| O|  |TAMS 0x00000000e4a00000, 0x00000000e4900000| Untracked 
|  74|0x00000000e4a00000, 0x00000000e4b00000, 0x00000000e4b00000|100%| O|  |TAMS 0x00000000e4a00000, 0x00000000e4a00000| Untracked 
|  75|0x00000000e4b00000, 0x00000000e4c00000, 0x00000000e4c00000|100%| O|  |TAMS 0x00000000e4b00000, 0x00000000e4b00000| Untracked 
|  76|0x00000000e4c00000, 0x00000000e4d00000, 0x00000000e4d00000|100%| O|  |TAMS 0x00000000e4d00000, 0x00000000e4c00000| Untracked 
|  77|0x00000000e4d00000, 0x00000000e4e00000, 0x00000000e4e00000|100%| O|  |TAMS 0x00000000e4e00000, 0x00000000e4d00000| Untracked 
|  78|0x00000000e4e00000, 0x00000000e4f00000, 0x00000000e4f00000|100%| O|  |TAMS 0x00000000e4e00000, 0x00000000e4e00000| Untracked 
|  79|0x00000000e4f00000, 0x00000000e5000000, 0x00000000e5000000|100%| O|  |TAMS 0x00000000e4f00000, 0x00000000e4f00000| Untracked 
|  80|0x00000000e5000000, 0x00000000e5100000, 0x00000000e5100000|100%| O|  |TAMS 0x00000000e5100000, 0x00000000e5000000| Untracked 
|  81|0x00000000e5100000, 0x00000000e5200000, 0x00000000e5200000|100%| O|  |TAMS 0x00000000e5100000, 0x00000000e5100000| Untracked 
|  82|0x00000000e5200000, 0x00000000e5300000, 0x00000000e5300000|100%| O|  |TAMS 0x00000000e5300000, 0x00000000e5200000| Untracked 
|  83|0x00000000e5300000, 0x00000000e5400000, 0x00000000e5400000|100%| O|  |TAMS 0x00000000e5300000, 0x00000000e5300000| Untracked 
|  84|0x00000000e5400000, 0x00000000e5500000, 0x00000000e5500000|100%| O|  |TAMS 0x00000000e5500000, 0x00000000e5400000| Untracked 
|  85|0x00000000e5500000, 0x00000000e5600000, 0x00000000e5600000|100%| O|  |TAMS 0x00000000e5500000, 0x00000000e5500000| Untracked 
|  86|0x00000000e5600000, 0x00000000e5700000, 0x00000000e5700000|100%| O|  |TAMS 0x00000000e5600000, 0x00000000e5600000| Untracked 
|  87|0x00000000e5700000, 0x00000000e5800000, 0x00000000e5800000|100%| O|  |TAMS 0x00000000e5800000, 0x00000000e5700000| Untracked 
|  88|0x00000000e5800000, 0x00000000e5900000, 0x00000000e5900000|100%| O|  |TAMS 0x00000000e5900000, 0x00000000e5800000| Untracked 
|  89|0x00000000e5900000, 0x00000000e5a00000, 0x00000000e5a00000|100%| O|  |TAMS 0x00000000e5a00000, 0x00000000e5900000| Untracked 
|  90|0x00000000e5a00000, 0x00000000e5b00000, 0x00000000e5b00000|100%| O|  |TAMS 0x00000000e5a00000, 0x00000000e5a00000| Untracked 
|  91|0x00000000e5b00000, 0x00000000e5c00000, 0x00000000e5c00000|100%| O|  |TAMS 0x00000000e5b00000, 0x00000000e5b00000| Untracked 
|  92|0x00000000e5c00000, 0x00000000e5d00000, 0x00000000e5d00000|100%| O|  |TAMS 0x00000000e5d00000, 0x00000000e5c00000| Untracked 
|  93|0x00000000e5d00000, 0x00000000e5e00000, 0x00000000e5e00000|100%| O|  |TAMS 0x00000000e5d00000, 0x00000000e5d00000| Untracked 
|  94|0x00000000e5e00000, 0x00000000e5f00000, 0x00000000e5f00000|100%| O|  |TAMS 0x00000000e5f00000, 0x00000000e5e00000| Untracked 
|  95|0x00000000e5f00000, 0x00000000e6000000, 0x00000000e6000000|100%| O|  |TAMS 0x00000000e5f00000, 0x00000000e5f00000| Untracked 
|  96|0x00000000e6000000, 0x00000000e6100000, 0x00000000e6100000|100%| O|  |TAMS 0x00000000e6100000, 0x00000000e6000000| Untracked 
|  97|0x00000000e6100000, 0x00000000e6200000, 0x00000000e6200000|100%| O|  |TAMS 0x00000000e6200000, 0x00000000e6100000| Untracked 
|  98|0x00000000e6200000, 0x00000000e6300000, 0x00000000e6300000|100%| O|  |TAMS 0x00000000e6300000, 0x00000000e6200000| Untracked 
|  99|0x00000000e6300000, 0x00000000e6400000, 0x00000000e6400000|100%| O|  |TAMS 0x00000000e6400000, 0x00000000e6300000| Untracked 
| 100|0x00000000e6400000, 0x00000000e6500000, 0x00000000e6500000|100%| O|  |TAMS 0x00000000e6400000, 0x00000000e6400000| Untracked 
| 101|0x00000000e6500000, 0x00000000e6600000, 0x00000000e6600000|100%| O|  |TAMS 0x00000000e6500000, 0x00000000e6500000| Untracked 
| 102|0x00000000e6600000, 0x00000000e6700000, 0x00000000e6700000|100%| O|  |TAMS 0x00000000e6700000, 0x00000000e6600000| Untracked 
| 103|0x00000000e6700000, 0x00000000e6800000, 0x00000000e6800000|100%| O|  |TAMS 0x00000000e6800000, 0x00000000e6700000| Untracked 
| 104|0x00000000e6800000, 0x00000000e6900000, 0x00000000e6900000|100%| O|  |TAMS 0x00000000e6800000, 0x00000000e6800000| Untracked 
| 105|0x00000000e6900000, 0x00000000e6a00000, 0x00000000e6a00000|100%| O|  |TAMS 0x00000000e6900000, 0x00000000e6900000| Untracked 
| 106|0x00000000e6a00000, 0x00000000e6b00000, 0x00000000e6b00000|100%| O|  |TAMS 0x00000000e6b00000, 0x00000000e6a00000| Untracked 
| 107|0x00000000e6b00000, 0x00000000e6c00000, 0x00000000e6c00000|100%| O|  |TAMS 0x00000000e6c00000, 0x00000000e6b00000| Untracked 
| 108|0x00000000e6c00000, 0x00000000e6d00000, 0x00000000e6d00000|100%| O|  |TAMS 0x00000000e6d00000, 0x00000000e6c00000| Untracked 
| 109|0x00000000e6d00000, 0x00000000e6e00000, 0x00000000e6e00000|100%| O|  |TAMS 0x00000000e6e00000, 0x00000000e6d00000| Untracked 
| 110|0x00000000e6e00000, 0x00000000e6f00000, 0x00000000e6f00000|100%| O|  |TAMS 0x00000000e6f00000, 0x00000000e6e00000| Untracked 
| 111|0x00000000e6f00000, 0x00000000e7000000, 0x00000000e7000000|100%| O|  |TAMS 0x00000000e7000000, 0x00000000e6f00000| Untracked 
| 112|0x00000000e7000000, 0x00000000e7100000, 0x00000000e7100000|100%| O|  |TAMS 0x00000000e706ca00, 0x00000000e7000000| Untracked 
| 113|0x00000000e7100000, 0x00000000e7200000, 0x00000000e7200000|100%| O|  |TAMS 0x00000000e7100000, 0x00000000e7100000| Untracked 
| 114|0x00000000e7200000, 0x00000000e7300000, 0x00000000e7300000|100%| O|  |TAMS 0x00000000e7200000, 0x00000000e7200000| Untracked 
| 115|0x00000000e7300000, 0x00000000e7400000, 0x00000000e7400000|100%| O|  |TAMS 0x00000000e7300000, 0x00000000e7300000| Untracked 
| 116|0x00000000e7400000, 0x00000000e7500000, 0x00000000e7500000|100%| O|  |TAMS 0x00000000e7400000, 0x00000000e7400000| Untracked 
| 117|0x00000000e7500000, 0x00000000e7600000, 0x00000000e7600000|100%| O|  |TAMS 0x00000000e7500000, 0x00000000e7500000| Untracked 
| 118|0x00000000e7600000, 0x00000000e7700000, 0x00000000e7700000|100%| O|  |TAMS 0x00000000e7600000, 0x00000000e7600000| Untracked 
| 119|0x00000000e7700000, 0x00000000e7800000, 0x00000000e7800000|100%| O|  |TAMS 0x00000000e7700000, 0x00000000e7700000| Untracked 
| 120|0x00000000e7800000, 0x00000000e7900000, 0x00000000e7900000|100%| O|  |TAMS 0x00000000e7800000, 0x00000000e7800000| Untracked 
| 121|0x00000000e7900000, 0x00000000e7a00000, 0x00000000e7a00000|100%| O|  |TAMS 0x00000000e7900000, 0x00000000e7900000| Untracked 
| 122|0x00000000e7a00000, 0x00000000e7b00000, 0x00000000e7b00000|100%| O|  |TAMS 0x00000000e7a00000, 0x00000000e7a00000| Untracked 
| 123|0x00000000e7b00000, 0x00000000e7c00000, 0x00000000e7c00000|100%| O|  |TAMS 0x00000000e7b00000, 0x00000000e7b00000| Untracked 
| 124|0x00000000e7c00000, 0x00000000e7d00000, 0x00000000e7d00000|100%| O|  |TAMS 0x00000000e7c00000, 0x00000000e7c00000| Untracked 
| 125|0x00000000e7d00000, 0x00000000e7e00000, 0x00000000e7e00000|100%| O|  |TAMS 0x00000000e7d00000, 0x00000000e7d00000| Untracked 
| 126|0x00000000e7e00000, 0x00000000e7f00000, 0x00000000e7f00000|100%| O|  |TAMS 0x00000000e7e00000, 0x00000000e7e00000| Untracked 
| 127|0x00000000e7f00000, 0x00000000e7fba600, 0x00000000e8000000| 72%| O|  |TAMS 0x00000000e7f00000, 0x00000000e7f00000| Untracked 
| 128|0x00000000e8000000, 0x00000000e8000000, 0x00000000e8100000|  0%| F|  |TAMS 0x00000000e8000000, 0x00000000e8000000| Untracked 
| 129|0x00000000e8100000, 0x00000000e8100000, 0x00000000e8200000|  0%| F|  |TAMS 0x00000000e8100000, 0x00000000e8100000| Untracked 
| 130|0x00000000e8200000, 0x00000000e8200000, 0x00000000e8300000|  0%| F|  |TAMS 0x00000000e8200000, 0x00000000e8200000| Untracked 
| 131|0x00000000e8300000, 0x00000000e8300000, 0x00000000e8400000|  0%| F|  |TAMS 0x00000000e8300000, 0x00000000e8300000| Untracked 
| 132|0x00000000e8400000, 0x00000000e8400000, 0x00000000e8500000|  0%| F|  |TAMS 0x00000000e8400000, 0x00000000e8400000| Untracked 
| 133|0x00000000e8500000, 0x00000000e8500000, 0x00000000e8600000|  0%| F|  |TAMS 0x00000000e8500000, 0x00000000e8500000| Untracked 
| 134|0x00000000e8600000, 0x00000000e8600000, 0x00000000e8700000|  0%| F|  |TAMS 0x00000000e8600000, 0x00000000e8600000| Untracked 
| 135|0x00000000e8700000, 0x00000000e8700000, 0x00000000e8800000|  0%| F|  |TAMS 0x00000000e8700000, 0x00000000e8700000| Untracked 
| 136|0x00000000e8800000, 0x00000000e8800000, 0x00000000e8900000|  0%| F|  |TAMS 0x00000000e8800000, 0x00000000e8800000| Untracked 
| 137|0x00000000e8900000, 0x00000000e8900000, 0x00000000e8a00000|  0%| F|  |TAMS 0x00000000e8900000, 0x00000000e8900000| Untracked 
| 138|0x00000000e8a00000, 0x00000000e8a00000, 0x00000000e8b00000|  0%| F|  |TAMS 0x00000000e8a00000, 0x00000000e8a00000| Untracked 
| 139|0x00000000e8b00000, 0x00000000e8b00000, 0x00000000e8c00000|  0%| F|  |TAMS 0x00000000e8b00000, 0x00000000e8b00000| Untracked 
| 140|0x00000000e8c00000, 0x00000000e8c00000, 0x00000000e8d00000|  0%| F|  |TAMS 0x00000000e8c00000, 0x00000000e8c00000| Untracked 
| 141|0x00000000e8d00000, 0x00000000e8d00000, 0x00000000e8e00000|  0%| F|  |TAMS 0x00000000e8d00000, 0x00000000e8d00000| Untracked 
| 142|0x00000000e8e00000, 0x00000000e8e00000, 0x00000000e8f00000|  0%| F|  |TAMS 0x00000000e8e00000, 0x00000000e8e00000| Untracked 
| 143|0x00000000e8f00000, 0x00000000e8f00000, 0x00000000e9000000|  0%| F|  |TAMS 0x00000000e8f00000, 0x00000000e8f00000| Untracked 
| 144|0x00000000e9000000, 0x00000000e9000000, 0x00000000e9100000|  0%| F|  |TAMS 0x00000000e9000000, 0x00000000e9000000| Untracked 
| 145|0x00000000e9100000, 0x00000000e9100000, 0x00000000e9200000|  0%| F|  |TAMS 0x00000000e9100000, 0x00000000e9100000| Untracked 
| 146|0x00000000e9200000, 0x00000000e9200000, 0x00000000e9300000|  0%| F|  |TAMS 0x00000000e9200000, 0x00000000e9200000| Untracked 
| 147|0x00000000e9300000, 0x00000000e9300000, 0x00000000e9400000|  0%| F|  |TAMS 0x00000000e9300000, 0x00000000e9300000| Untracked 
| 148|0x00000000e9400000, 0x00000000e9400000, 0x00000000e9500000|  0%| F|  |TAMS 0x00000000e9400000, 0x00000000e9400000| Untracked 
| 149|0x00000000e9500000, 0x00000000e9500000, 0x00000000e9600000|  0%| F|  |TAMS 0x00000000e9500000, 0x00000000e9500000| Untracked 
| 150|0x00000000e9600000, 0x00000000e9600000, 0x00000000e9700000|  0%| F|  |TAMS 0x00000000e9600000, 0x00000000e9600000| Untracked 
| 151|0x00000000e9700000, 0x00000000e9700000, 0x00000000e9800000|  0%| F|  |TAMS 0x00000000e9700000, 0x00000000e9700000| Untracked 
| 152|0x00000000e9800000, 0x00000000e9800000, 0x00000000e9900000|  0%| F|  |TAMS 0x00000000e9800000, 0x00000000e9800000| Untracked 
| 153|0x00000000e9900000, 0x00000000e9900000, 0x00000000e9a00000|  0%| F|  |TAMS 0x00000000e9900000, 0x00000000e9900000| Untracked 
| 154|0x00000000e9a00000, 0x00000000e9a00000, 0x00000000e9b00000|  0%| F|  |TAMS 0x00000000e9a00000, 0x00000000e9a00000| Untracked 
| 155|0x00000000e9b00000, 0x00000000e9b00000, 0x00000000e9c00000|  0%| F|  |TAMS 0x00000000e9b00000, 0x00000000e9b00000| Untracked 
| 156|0x00000000e9c00000, 0x00000000e9c00000, 0x00000000e9d00000|  0%| F|  |TAMS 0x00000000e9c00000, 0x00000000e9c00000| Untracked 
| 157|0x00000000e9d00000, 0x00000000e9d00000, 0x00000000e9e00000|  0%| F|  |TAMS 0x00000000e9d00000, 0x00000000e9d00000| Untracked 
| 158|0x00000000e9e00000, 0x00000000e9e00000, 0x00000000e9f00000|  0%| F|  |TAMS 0x00000000e9e00000, 0x00000000e9e00000| Untracked 
| 159|0x00000000e9f00000, 0x00000000e9f00000, 0x00000000ea000000|  0%| F|  |TAMS 0x00000000e9f00000, 0x00000000e9f00000| Untracked 
| 160|0x00000000ea000000, 0x00000000ea000000, 0x00000000ea100000|  0%| F|  |TAMS 0x00000000ea000000, 0x00000000ea000000| Untracked 
| 161|0x00000000ea100000, 0x00000000ea100000, 0x00000000ea200000|  0%| F|  |TAMS 0x00000000ea100000, 0x00000000ea100000| Untracked 
| 162|0x00000000ea200000, 0x00000000ea200000, 0x00000000ea300000|  0%| F|  |TAMS 0x00000000ea200000, 0x00000000ea200000| Untracked 
| 163|0x00000000ea300000, 0x00000000ea300000, 0x00000000ea400000|  0%| F|  |TAMS 0x00000000ea300000, 0x00000000ea300000| Untracked 
| 164|0x00000000ea400000, 0x00000000ea400000, 0x00000000ea500000|  0%| F|  |TAMS 0x00000000ea400000, 0x00000000ea400000| Untracked 
| 165|0x00000000ea500000, 0x00000000ea500000, 0x00000000ea600000|  0%| F|  |TAMS 0x00000000ea500000, 0x00000000ea500000| Untracked 
| 166|0x00000000ea600000, 0x00000000ea700000, 0x00000000ea700000|100%| S|CS|TAMS 0x00000000ea600000, 0x00000000ea600000| Complete 
| 167|0x00000000ea700000, 0x00000000ea800000, 0x00000000ea800000|100%| S|CS|TAMS 0x00000000ea700000, 0x00000000ea700000| Complete 
| 168|0x00000000ea800000, 0x00000000ea900000, 0x00000000ea900000|100%| S|CS|TAMS 0x00000000ea800000, 0x00000000ea800000| Complete 
| 169|0x00000000ea900000, 0x00000000eaa00000, 0x00000000eaa00000|100%| S|CS|TAMS 0x00000000ea900000, 0x00000000ea900000| Complete 
| 170|0x00000000eaa00000, 0x00000000eaa00000, 0x00000000eab00000|  0%| F|  |TAMS 0x00000000eaa00000, 0x00000000eaa00000| Untracked 
| 171|0x00000000eab00000, 0x00000000eab00000, 0x00000000eac00000|  0%| F|  |TAMS 0x00000000eab00000, 0x00000000eab00000| Untracked 
| 172|0x00000000eac00000, 0x00000000eac00000, 0x00000000ead00000|  0%| F|  |TAMS 0x00000000eac00000, 0x00000000eac00000| Untracked 
| 173|0x00000000ead00000, 0x00000000eae00000, 0x00000000eae00000|100%| S|CS|TAMS 0x00000000ead00000, 0x00000000ead00000| Complete 
| 174|0x00000000eae00000, 0x00000000eaf00000, 0x00000000eaf00000|100%| S|CS|TAMS 0x00000000eae00000, 0x00000000eae00000| Complete 
| 175|0x00000000eaf00000, 0x00000000eb000000, 0x00000000eb000000|100%| S|CS|TAMS 0x00000000eaf00000, 0x00000000eaf00000| Complete 
| 176|0x00000000eb000000, 0x00000000eb100000, 0x00000000eb100000|100%| S|CS|TAMS 0x00000000eb000000, 0x00000000eb000000| Complete 
| 177|0x00000000eb100000, 0x00000000eb200000, 0x00000000eb200000|100%| S|CS|TAMS 0x00000000eb100000, 0x00000000eb100000| Complete 
| 178|0x00000000eb200000, 0x00000000eb300000, 0x00000000eb300000|100%| S|CS|TAMS 0x00000000eb200000, 0x00000000eb200000| Complete 
| 179|0x00000000eb300000, 0x00000000eb400000, 0x00000000eb400000|100%| S|CS|TAMS 0x00000000eb300000, 0x00000000eb300000| Complete 
| 180|0x00000000eb400000, 0x00000000eb400000, 0x00000000eb500000|  0%| F|  |TAMS 0x00000000eb400000, 0x00000000eb400000| Untracked 
| 181|0x00000000eb500000, 0x00000000eb500000, 0x00000000eb600000|  0%| F|  |TAMS 0x00000000eb500000, 0x00000000eb500000| Untracked 
| 182|0x00000000eb600000, 0x00000000eb600000, 0x00000000eb700000|  0%| F|  |TAMS 0x00000000eb600000, 0x00000000eb600000| Untracked 
| 183|0x00000000eb700000, 0x00000000eb700000, 0x00000000eb800000|  0%| F|  |TAMS 0x00000000eb700000, 0x00000000eb700000| Untracked 
| 184|0x00000000eb800000, 0x00000000eb800000, 0x00000000eb900000|  0%| F|  |TAMS 0x00000000eb800000, 0x00000000eb800000| Untracked 
| 185|0x00000000eb900000, 0x00000000eb900000, 0x00000000eba00000|  0%| F|  |TAMS 0x00000000eb900000, 0x00000000eb900000| Untracked 
| 186|0x00000000eba00000, 0x00000000eba00000, 0x00000000ebb00000|  0%| F|  |TAMS 0x00000000eba00000, 0x00000000eba00000| Untracked 
| 187|0x00000000ebb00000, 0x00000000ebb00000, 0x00000000ebc00000|  0%| F|  |TAMS 0x00000000ebb00000, 0x00000000ebb00000| Untracked 
| 188|0x00000000ebc00000, 0x00000000ebc00000, 0x00000000ebd00000|  0%| F|  |TAMS 0x00000000ebc00000, 0x00000000ebc00000| Untracked 
| 189|0x00000000ebd00000, 0x00000000ebd00000, 0x00000000ebe00000|  0%| F|  |TAMS 0x00000000ebd00000, 0x00000000ebd00000| Untracked 
| 190|0x00000000ebe00000, 0x00000000ebe00000, 0x00000000ebf00000|  0%| F|  |TAMS 0x00000000ebe00000, 0x00000000ebe00000| Untracked 
| 191|0x00000000ebf00000, 0x00000000ebf00000, 0x00000000ec000000|  0%| F|  |TAMS 0x00000000ebf00000, 0x00000000ebf00000| Untracked 
| 192|0x00000000ec000000, 0x00000000ec000000, 0x00000000ec100000|  0%| F|  |TAMS 0x00000000ec000000, 0x00000000ec000000| Untracked 
| 193|0x00000000ec100000, 0x00000000ec100000, 0x00000000ec200000|  0%| F|  |TAMS 0x00000000ec100000, 0x00000000ec100000| Untracked 
| 194|0x00000000ec200000, 0x00000000ec200000, 0x00000000ec300000|  0%| F|  |TAMS 0x00000000ec200000, 0x00000000ec200000| Untracked 
| 195|0x00000000ec300000, 0x00000000ec300000, 0x00000000ec400000|  0%| F|  |TAMS 0x00000000ec300000, 0x00000000ec300000| Untracked 
| 196|0x00000000ec400000, 0x00000000ec400000, 0x00000000ec500000|  0%| F|  |TAMS 0x00000000ec400000, 0x00000000ec400000| Untracked 
| 197|0x00000000ec500000, 0x00000000ec500000, 0x00000000ec600000|  0%| F|  |TAMS 0x00000000ec500000, 0x00000000ec500000| Untracked 
| 198|0x00000000ec600000, 0x00000000ec600000, 0x00000000ec700000|  0%| F|  |TAMS 0x00000000ec600000, 0x00000000ec600000| Untracked 
| 199|0x00000000ec700000, 0x00000000ec700000, 0x00000000ec800000|  0%| F|  |TAMS 0x00000000ec700000, 0x00000000ec700000| Untracked 
| 200|0x00000000ec800000, 0x00000000ec800000, 0x00000000ec900000|  0%| F|  |TAMS 0x00000000ec800000, 0x00000000ec800000| Untracked 
| 201|0x00000000ec900000, 0x00000000ec900000, 0x00000000eca00000|  0%| F|  |TAMS 0x00000000ec900000, 0x00000000ec900000| Untracked 
| 202|0x00000000eca00000, 0x00000000eca00000, 0x00000000ecb00000|  0%| F|  |TAMS 0x00000000eca00000, 0x00000000eca00000| Untracked 
| 203|0x00000000ecb00000, 0x00000000ecb00000, 0x00000000ecc00000|  0%| F|  |TAMS 0x00000000ecb00000, 0x00000000ecb00000| Untracked 
| 204|0x00000000ecc00000, 0x00000000ecc00000, 0x00000000ecd00000|  0%| F|  |TAMS 0x00000000ecc00000, 0x00000000ecc00000| Untracked 
| 205|0x00000000ecd00000, 0x00000000ecd00000, 0x00000000ece00000|  0%| F|  |TAMS 0x00000000ecd00000, 0x00000000ecd00000| Untracked 
| 206|0x00000000ece00000, 0x00000000ece00000, 0x00000000ecf00000|  0%| F|  |TAMS 0x00000000ece00000, 0x00000000ece00000| Untracked 
| 207|0x00000000ecf00000, 0x00000000ecf00000, 0x00000000ed000000|  0%| F|  |TAMS 0x00000000ecf00000, 0x00000000ecf00000| Untracked 
| 208|0x00000000ed000000, 0x00000000ed000000, 0x00000000ed100000|  0%| F|  |TAMS 0x00000000ed000000, 0x00000000ed000000| Untracked 
| 209|0x00000000ed100000, 0x00000000ed100000, 0x00000000ed200000|  0%| F|  |TAMS 0x00000000ed100000, 0x00000000ed100000| Untracked 
| 210|0x00000000ed200000, 0x00000000ed200000, 0x00000000ed300000|  0%| F|  |TAMS 0x00000000ed200000, 0x00000000ed200000| Untracked 
| 211|0x00000000ed300000, 0x00000000ed300000, 0x00000000ed400000|  0%| F|  |TAMS 0x00000000ed300000, 0x00000000ed300000| Untracked 
| 212|0x00000000ed400000, 0x00000000ed400000, 0x00000000ed500000|  0%| F|  |TAMS 0x00000000ed400000, 0x00000000ed400000| Untracked 
| 213|0x00000000ed500000, 0x00000000ed500000, 0x00000000ed600000|  0%| F|  |TAMS 0x00000000ed500000, 0x00000000ed500000| Untracked 
| 214|0x00000000ed600000, 0x00000000ed600000, 0x00000000ed700000|  0%| F|  |TAMS 0x00000000ed600000, 0x00000000ed600000| Untracked 
| 215|0x00000000ed700000, 0x00000000ed700000, 0x00000000ed800000|  0%| F|  |TAMS 0x00000000ed700000, 0x00000000ed700000| Untracked 
| 216|0x00000000ed800000, 0x00000000ed800000, 0x00000000ed900000|  0%| F|  |TAMS 0x00000000ed800000, 0x00000000ed800000| Untracked 
| 217|0x00000000ed900000, 0x00000000ed900000, 0x00000000eda00000|  0%| F|  |TAMS 0x00000000ed900000, 0x00000000ed900000| Untracked 
| 218|0x00000000eda00000, 0x00000000eda00000, 0x00000000edb00000|  0%| F|  |TAMS 0x00000000eda00000, 0x00000000eda00000| Untracked 
| 219|0x00000000edb00000, 0x00000000edb00000, 0x00000000edc00000|  0%| F|  |TAMS 0x00000000edb00000, 0x00000000edb00000| Untracked 
| 220|0x00000000edc00000, 0x00000000edc00000, 0x00000000edd00000|  0%| F|  |TAMS 0x00000000edc00000, 0x00000000edc00000| Untracked 
| 221|0x00000000edd00000, 0x00000000edd00000, 0x00000000ede00000|  0%| F|  |TAMS 0x00000000edd00000, 0x00000000edd00000| Untracked 
| 222|0x00000000ede00000, 0x00000000ede00000, 0x00000000edf00000|  0%| F|  |TAMS 0x00000000ede00000, 0x00000000ede00000| Untracked 
| 223|0x00000000edf00000, 0x00000000edf00000, 0x00000000ee000000|  0%| F|  |TAMS 0x00000000edf00000, 0x00000000edf00000| Untracked 
| 224|0x00000000ee000000, 0x00000000ee000000, 0x00000000ee100000|  0%| F|  |TAMS 0x00000000ee000000, 0x00000000ee000000| Untracked 
| 225|0x00000000ee100000, 0x00000000ee100000, 0x00000000ee200000|  0%| F|  |TAMS 0x00000000ee100000, 0x00000000ee100000| Untracked 
| 226|0x00000000ee200000, 0x00000000ee200000, 0x00000000ee300000|  0%| F|  |TAMS 0x00000000ee200000, 0x00000000ee200000| Untracked 
| 227|0x00000000ee300000, 0x00000000ee300000, 0x00000000ee400000|  0%| F|  |TAMS 0x00000000ee300000, 0x00000000ee300000| Untracked 
| 228|0x00000000ee400000, 0x00000000ee400000, 0x00000000ee500000|  0%| F|  |TAMS 0x00000000ee400000, 0x00000000ee400000| Untracked 
| 229|0x00000000ee500000, 0x00000000ee500000, 0x00000000ee600000|  0%| F|  |TAMS 0x00000000ee500000, 0x00000000ee500000| Untracked 
| 230|0x00000000ee600000, 0x00000000ee600000, 0x00000000ee700000|  0%| F|  |TAMS 0x00000000ee600000, 0x00000000ee600000| Untracked 
| 231|0x00000000ee700000, 0x00000000ee700000, 0x00000000ee800000|  0%| F|  |TAMS 0x00000000ee700000, 0x00000000ee700000| Untracked 
| 232|0x00000000ee800000, 0x00000000ee800000, 0x00000000ee900000|  0%| F|  |TAMS 0x00000000ee800000, 0x00000000ee800000| Untracked 
| 233|0x00000000ee900000, 0x00000000ee900000, 0x00000000eea00000|  0%| F|  |TAMS 0x00000000ee900000, 0x00000000ee900000| Untracked 
| 234|0x00000000eea00000, 0x00000000eea00000, 0x00000000eeb00000|  0%| F|  |TAMS 0x00000000eea00000, 0x00000000eea00000| Untracked 
| 235|0x00000000eeb00000, 0x00000000eeb00000, 0x00000000eec00000|  0%| F|  |TAMS 0x00000000eeb00000, 0x00000000eeb00000| Untracked 
| 236|0x00000000eec00000, 0x00000000eec01cd0, 0x00000000eed00000|  0%| E|  |TAMS 0x00000000eec00000, 0x00000000eec00000| Complete 
| 237|0x00000000eed00000, 0x00000000eee00000, 0x00000000eee00000|100%| E|CS|TAMS 0x00000000eed00000, 0x00000000eed00000| Complete 
| 238|0x00000000eee00000, 0x00000000eef00000, 0x00000000eef00000|100%| E|CS|TAMS 0x00000000eee00000, 0x00000000eee00000| Complete 
| 239|0x00000000eef00000, 0x00000000ef000000, 0x00000000ef000000|100%| E|CS|TAMS 0x00000000eef00000, 0x00000000eef00000| Complete 
| 240|0x00000000ef000000, 0x00000000ef100000, 0x00000000ef100000|100%| E|CS|TAMS 0x00000000ef000000, 0x00000000ef000000| Complete 
| 241|0x00000000ef100000, 0x00000000ef200000, 0x00000000ef200000|100%| E|CS|TAMS 0x00000000ef100000, 0x00000000ef100000| Complete 
| 242|0x00000000ef200000, 0x00000000ef300000, 0x00000000ef300000|100%| E|CS|TAMS 0x00000000ef200000, 0x00000000ef200000| Complete 
| 243|0x00000000ef300000, 0x00000000ef400000, 0x00000000ef400000|100%| E|CS|TAMS 0x00000000ef300000, 0x00000000ef300000| Complete 
| 244|0x00000000ef400000, 0x00000000ef500000, 0x00000000ef500000|100%| E|CS|TAMS 0x00000000ef400000, 0x00000000ef400000| Complete 
| 245|0x00000000ef500000, 0x00000000ef600000, 0x00000000ef600000|100%| E|CS|TAMS 0x00000000ef500000, 0x00000000ef500000| Complete 
| 246|0x00000000ef600000, 0x00000000ef700000, 0x00000000ef700000|100%| E|CS|TAMS 0x00000000ef600000, 0x00000000ef600000| Complete 
| 247|0x00000000ef700000, 0x00000000ef800000, 0x00000000ef800000|100%| E|CS|TAMS 0x00000000ef700000, 0x00000000ef700000| Complete 
| 248|0x00000000ef800000, 0x00000000ef900000, 0x00000000ef900000|100%| E|CS|TAMS 0x00000000ef800000, 0x00000000ef800000| Complete 
| 249|0x00000000ef900000, 0x00000000efa00000, 0x00000000efa00000|100%| E|CS|TAMS 0x00000000ef900000, 0x00000000ef900000| Complete 
| 250|0x00000000efa00000, 0x00000000efb00000, 0x00000000efb00000|100%| E|CS|TAMS 0x00000000efa00000, 0x00000000efa00000| Complete 
| 251|0x00000000efb00000, 0x00000000efc00000, 0x00000000efc00000|100%| E|CS|TAMS 0x00000000efb00000, 0x00000000efb00000| Complete 
| 252|0x00000000efc00000, 0x00000000efd00000, 0x00000000efd00000|100%| E|CS|TAMS 0x00000000efc00000, 0x00000000efc00000| Complete 
| 253|0x00000000efd00000, 0x00000000efe00000, 0x00000000efe00000|100%| E|CS|TAMS 0x00000000efd00000, 0x00000000efd00000| Complete 
| 254|0x00000000efe00000, 0x00000000eff00000, 0x00000000eff00000|100%| E|CS|TAMS 0x00000000efe00000, 0x00000000efe00000| Complete 
| 255|0x00000000eff00000, 0x00000000f0000000, 0x00000000f0000000|100%| E|CS|TAMS 0x00000000eff00000, 0x00000000eff00000| Complete 

Card table byte_map: [0x0000018b3e820000,0x0000018b3e920000] _byte_map_base: 0x0000018b3e120000

Marking Bits (Prev, Next): (CMBitMap*) 0x0000018b26df7fe8, (CMBitMap*) 0x0000018b26df8020
 Prev Bits: [0x0000018b3ea20000, 0x0000018b3f220000)
 Next Bits: [0x0000018b3f220000, 0x0000018b3fa20000)

Polling page: 0x0000018b26cf0000

Metaspace:

Usage:
  Non-class:     69.54 MB capacity,    67.75 MB ( 97%) used,     1.45 MB (  2%) free+waste,   344.75 KB ( <1%) overhead. 
      Class:     10.89 MB capacity,     9.76 MB ( 90%) used,  1005.61 KB (  9%) free+waste,   157.56 KB (  1%) overhead. 
       Both:     80.43 MB capacity,    77.50 MB ( 96%) used,     2.44 MB (  3%) free+waste,   502.31 KB ( <1%) overhead. 

Virtual space:
  Non-class space:       70.00 MB reserved,      69.92 MB (>99%) committed 
      Class space:      376.00 MB reserved,      11.07 MB (  3%) committed 
             Both:      446.00 MB reserved,      81.00 MB ( 18%) committed 

Chunk freelists:
   Non-Class:  25.13 KB
       Class:  18.50 KB
        Both:  43.63 KB

CodeHeap 'non-profiled nmethods': size=120064Kb used=10102Kb max_used=10102Kb free=109962Kb
 bounds [0x0000018b36bb0000, 0x0000018b375a0000, 0x0000018b3e0f0000]
CodeHeap 'profiled nmethods': size=120000Kb used=30433Kb max_used=31049Kb free=89567Kb
 bounds [0x0000018b2f680000, 0x0000018b31510000, 0x0000018b36bb0000]
CodeHeap 'non-nmethods': size=5696Kb used=2274Kb max_used=2344Kb free=3421Kb
 bounds [0x0000018b2f0f0000, 0x0000018b2f360000, 0x0000018b2f680000]
 total_blobs=21336 nmethods=13435 adapters=773
 compilation: enabled
              stopped_count=0, restarted_count=0
 full_count=0

Compilation events (10 events):
Event: 309.851 Thread 0x0000018b47ed7800 nmethod 16042 0x0000018b3758e090 code [0x0000018b3758e420, 0x0000018b3758f628]
Event: 309.851 Thread 0x0000018b47ed7800 16037       4       com.sun.tools.javac.comp.Infer$CheckBounds$$Lambda$1517/0x0000000100a8f840::apply (12 bytes)
Event: 309.860 Thread 0x0000018b47ed7800 nmethod 16037 0x0000018b3715cd10 code [0x0000018b3715cee0, 0x0000018b3715d318]
Event: 309.860 Thread 0x0000018b47ed7800 16045       4       com.sun.tools.javac.code.Type::isInterface (22 bytes)
Event: 309.861 Thread 0x0000018b47ed7800 nmethod 16045 0x0000018b3715c990 code [0x0000018b3715cb40, 0x0000018b3715cc28]
Event: 309.861 Thread 0x0000018b47ed7800 16044       4       com.sun.tools.javac.tree.TreeInfo::args (54 bytes)
Event: 309.863 Thread 0x0000018b47ed7800 nmethod 16044 0x0000018b3715c490 code [0x0000018b3715c640, 0x0000018b3715c738]
Event: 309.863 Thread 0x0000018b47ed7800 16046       4       com.sun.tools.javac.comp.Resolve$4::argumentsAcceptable (69 bytes)
Event: 309.907 Thread 0x0000018b4205b000 16052   !   3       java.nio.charset.Charset::defaultCharset (53 bytes)
Event: 309.908 Thread 0x0000018b4205b000 nmethod 16052 0x0000018b2fee9c90 code [0x0000018b2fee9f80, 0x0000018b2feeaf20]

GC Heap History (10 events):
Event: 303.849 GC heap before
{Heap before GC invocations=35 (full 0):
 garbage-first heap   total 262144K, used 140159K [0x00000000e0000000, 0x0000000100000000)
  region size 1024K, 12 young (12288K), 5 survivors (5120K)
 Metaspace       used 79207K, capacity 82156K, committed 82940K, reserved 456704K
  class space    used 9989K, capacity 11153K, committed 11340K, reserved 385024K
}
Event: 303.864 GC heap after
{Heap after GC invocations=36 (full 0):
 garbage-first heap   total 262144K, used 110289K [0x00000000e0000000, 0x0000000100000000)
  region size 1024K, 2 young (2048K), 2 survivors (2048K)
 Metaspace       used 79207K, capacity 82156K, committed 82940K, reserved 456704K
  class space    used 9989K, capacity 11153K, committed 11340K, reserved 385024K
}
Event: 303.922 GC heap before
{Heap before GC invocations=36 (full 0):
 garbage-first heap   total 262144K, used 120529K [0x00000000e0000000, 0x0000000100000000)
  region size 1024K, 12 young (12288K), 2 survivors (2048K)
 Metaspace       used 79207K, capacity 82156K, committed 82940K, reserved 456704K
  class space    used 9989K, capacity 11153K, committed 11340K, reserved 385024K
}
Event: 303.928 GC heap after
{Heap after GC invocations=37 (full 0):
 garbage-first heap   total 262144K, used 110576K [0x00000000e0000000, 0x0000000100000000)
  region size 1024K, 2 young (2048K), 2 survivors (2048K)
 Metaspace       used 79207K, capacity 82156K, committed 82940K, reserved 456704K
  class space    used 9989K, capacity 11153K, committed 11340K, reserved 385024K
}
Event: 305.449 GC heap before
{Heap before GC invocations=37 (full 0):
 garbage-first heap   total 262144K, used 196592K [0x00000000e0000000, 0x0000000100000000)
  region size 1024K, 86 young (88064K), 2 survivors (2048K)
 Metaspace       used 79254K, capacity 82230K, committed 82940K, reserved 456704K
  class space    used 9990K, capacity 11154K, committed 11340K, reserved 385024K
}
Event: 305.461 GC heap after
{Heap after GC invocations=38 (full 0):
 garbage-first heap   total 262144K, used 117732K [0x00000000e0000000, 0x0000000100000000)
  region size 1024K, 8 young (8192K), 8 survivors (8192K)
 Metaspace       used 79254K, capacity 82230K, committed 82940K, reserved 456704K
  class space    used 9990K, capacity 11154K, committed 11340K, reserved 385024K
}
Event: 307.206 GC heap before
{Heap before GC invocations=38 (full 0):
 garbage-first heap   total 262144K, used 202724K [0x00000000e0000000, 0x0000000100000000)
  region size 1024K, 91 young (93184K), 8 survivors (8192K)
 Metaspace       used 79276K, capacity 82231K, committed 82940K, reserved 456704K
  class space    used 9990K, capacity 11154K, committed 11340K, reserved 385024K
}
Event: 307.222 GC heap after
{Heap after GC invocations=39 (full 0):
 garbage-first heap   total 262144K, used 128340K [0x00000000e0000000, 0x0000000100000000)
  region size 1024K, 11 young (11264K), 11 survivors (11264K)
 Metaspace       used 79276K, capacity 82231K, committed 82940K, reserved 456704K
  class space    used 9990K, capacity 11154K, committed 11340K, reserved 385024K
}
Event: 309.359 GC heap before
{Heap before GC invocations=39 (full 0):
 garbage-first heap   total 262144K, used 206164K [0x00000000e0000000, 0x0000000100000000)
  region size 1024K, 87 young (89088K), 11 survivors (11264K)
 Metaspace       used 79318K, capacity 82297K, committed 82940K, reserved 456704K
  class space    used 9990K, capacity 11154K, committed 11340K, reserved 385024K
}
Event: 309.379 GC heap after
{Heap after GC invocations=40 (full 0):
 garbage-first heap   total 262144K, used 142057K [0x00000000e0000000, 0x0000000100000000)
  region size 1024K, 11 young (11264K), 11 survivors (11264K)
 Metaspace       used 79318K, capacity 82297K, committed 82940K, reserved 456704K
  class space    used 9990K, capacity 11154K, committed 11340K, reserved 385024K
}

Deoptimization events (10 events):
Event: 300.205 Thread 0x0000018b48590800 Uncommon trap: reason=bimorphic_or_optimized_type_check action=maybe_recompile pc=0x0000018b370ad598 method=java.util.concurrent.ConcurrentHashMap.putAll(Ljava/util/Map;)V @ 23 c2
Event: 300.239 Thread 0x0000018b48590800 Uncommon trap: reason=speculate_class_check action=maybe_recompile pc=0x0000018b373c1768 method=java.util.stream.AbstractPipeline.evaluate(Ljava/util/Spliterator;ZLjava/util/function/IntFunction;)Ljava/util/stream/Node; @ 23 c2
Event: 300.275 Thread 0x0000018b48590800 Uncommon trap: reason=class_check action=maybe_recompile pc=0x0000018b36fdd2d8 method=org.gradle.api.internal.artifacts.dependencies.AbstractVersionConstraint.hashCode()I @ 7 c2
Event: 300.277 Thread 0x0000018b48590800 Uncommon trap: reason=bimorphic_or_optimized_type_check action=maybe_recompile pc=0x0000018b370ad598 method=java.util.concurrent.ConcurrentHashMap.putAll(Ljava/util/Map;)V @ 23 c2
Event: 300.281 Thread 0x0000018b48590800 Uncommon trap: reason=unstable_if action=reinterpret pc=0x0000018b36fec968 method=org.gradle.api.internal.artifacts.dependencies.DefaultImmutableVersionConstraint.<init>(Ljava/lang/String;Ljava/lang/String;Ljava/lang/String;Ljava/util/List;Ljava/lang/Stri
Event: 303.758 Thread 0x0000018b46ed9800 Uncommon trap: reason=profile_predicate action=maybe_recompile pc=0x0000018b36e49e14 method=sun.nio.cs.ISO_8859_1$Decoder.decodeArrayLoop(Ljava/nio/ByteBuffer;Ljava/nio/CharBuffer;)Ljava/nio/charset/CoderResult; @ 133 c2
Event: 303.759 Thread 0x0000018b46ed9800 Uncommon trap: reason=profile_predicate action=maybe_recompile pc=0x0000018b36e49e14 method=sun.nio.cs.ISO_8859_1$Decoder.decodeArrayLoop(Ljava/nio/ByteBuffer;Ljava/nio/CharBuffer;)Ljava/nio/charset/CoderResult; @ 133 c2
Event: 303.759 Thread 0x0000018b46ed9800 Uncommon trap: reason=profile_predicate action=maybe_recompile pc=0x0000018b36e49e14 method=sun.nio.cs.ISO_8859_1$Decoder.decodeArrayLoop(Ljava/nio/ByteBuffer;Ljava/nio/CharBuffer;)Ljava/nio/charset/CoderResult; @ 133 c2
Event: 304.191 Thread 0x0000018b46edb800 Uncommon trap: reason=class_check action=make_not_entrant pc=0x0000018b374ef630 method=java.util.ArrayDeque.toArray(Ljava/lang/Class;)[Ljava/lang/Object; @ 45 c2
Event: 304.917 Thread 0x0000018b46edb800 Uncommon trap: reason=null_check action=make_not_entrant pc=0x0000018b37461cf0 method=org.gradle.tooling.internal.provider.runner.ClientBuildEventGenerator$Enabled.accept(Lorg/gradle/internal/operations/BuildOperationDescriptor;)Lorg/gradle/tooling/intern

Classes redefined (0 events):
No events

Internal exceptions (10 events):
Event: 309.111 Thread 0x0000018b46edb800 Exception <a 'sun/nio/fs/WindowsException'{0x00000000ebef8378}> (0x00000000ebef8378) thrown at [t:/workspace/open/src/hotspot/share/prims/jni.cpp, line 615]
Event: 309.111 Thread 0x0000018b46edb800 Exception <a 'sun/nio/fs/WindowsException'{0x00000000ebef8658}> (0x00000000ebef8658) thrown at [t:/workspace/open/src/hotspot/share/prims/jni.cpp, line 615]
Event: 309.111 Thread 0x0000018b46edb800 Exception <a 'sun/nio/fs/WindowsException'{0x00000000ebefcd80}> (0x00000000ebefcd80) thrown at [t:/workspace/open/src/hotspot/share/prims/jni.cpp, line 615]
Event: 309.111 Thread 0x0000018b46edb800 Exception <a 'sun/nio/fs/WindowsException'{0x00000000ebefd070}> (0x00000000ebefd070) thrown at [t:/workspace/open/src/hotspot/share/prims/jni.cpp, line 615]
Event: 309.304 Thread 0x0000018b46edb800 Exception <a 'sun/nio/fs/WindowsException'{0x00000000eb5ae150}> (0x00000000eb5ae150) thrown at [t:/workspace/open/src/hotspot/share/prims/jni.cpp, line 615]
Event: 309.304 Thread 0x0000018b46edb800 Exception <a 'sun/nio/fs/WindowsException'{0x00000000eb5ae468}> (0x00000000eb5ae468) thrown at [t:/workspace/open/src/hotspot/share/prims/jni.cpp, line 615]
Event: 309.304 Thread 0x0000018b46edb800 Exception <a 'sun/nio/fs/WindowsException'{0x00000000eb5b15f0}> (0x00000000eb5b15f0) thrown at [t:/workspace/open/src/hotspot/share/prims/jni.cpp, line 615]
Event: 309.304 Thread 0x0000018b46edb800 Exception <a 'sun/nio/fs/WindowsException'{0x00000000eb5b18f0}> (0x00000000eb5b18f0) thrown at [t:/workspace/open/src/hotspot/share/prims/jni.cpp, line 615]
Event: 309.305 Thread 0x0000018b46edb800 Exception <a 'sun/nio/fs/WindowsException'{0x00000000eb5b5450}> (0x00000000eb5b5450) thrown at [t:/workspace/open/src/hotspot/share/prims/jni.cpp, line 615]
Event: 309.305 Thread 0x0000018b46edb800 Exception <a 'sun/nio/fs/WindowsException'{0x00000000eb5b5768}> (0x00000000eb5b5768) thrown at [t:/workspace/open/src/hotspot/share/prims/jni.cpp, line 615]

Events (10 events):
Event: 309.490 Thread 0x0000018b4295e000 flushing nmethod 0x0000018b3101ad90
Event: 309.490 Thread 0x0000018b4295e000 flushing nmethod 0x0000018b3101b110
Event: 309.490 Thread 0x0000018b4295e000 flushing nmethod 0x0000018b31045190
Event: 309.490 Thread 0x0000018b4295e000 flushing nmethod 0x0000018b3106c810
Event: 309.490 Thread 0x0000018b4295e000 flushing nmethod 0x0000018b31076510
Event: 309.490 Thread 0x0000018b4295e000 flushing nmethod 0x0000018b31088510
Event: 309.490 Thread 0x0000018b4295e000 flushing nmethod 0x0000018b310c3190
Event: 309.490 Thread 0x0000018b4295e000 flushing nmethod 0x0000018b310d5990
Event: 309.490 Thread 0x0000018b4295e000 flushing nmethod 0x0000018b310f9210
Event: 309.491 Thread 0x0000018b4295e000 flushing nmethod 0x0000018b31156110


Dynamic libraries:
0x00007ff7baf60000 - 0x00007ff7bafa5000 	C:\01DevelopKits\jdk-11\bin\java.exe
0x00007ffacd8b0000 - 0x00007ffacdaa8000 	C:\Windows\SYSTEM32\ntdll.dll
0x00007ffaccd70000 - 0x00007ffacce2f000 	C:\Windows\System32\KERNEL32.DLL
0x00007ffacb470000 - 0x00007ffacb766000 	C:\Windows\System32\KERNELBASE.dll
0x00007ffacb910000 - 0x00007ffacbaad000 	C:\Windows\System32\USER32.dll
0x00007ffacb2e0000 - 0x00007ffacb302000 	C:\Windows\System32\win32u.dll
0x00007ffacc9d0000 - 0x00007ffacc9fc000 	C:\Windows\System32\GDI32.dll
0x00007ffacb0d0000 - 0x00007ffacb1e5000 	C:\Windows\System32\gdi32full.dll
0x00007ffacb870000 - 0x00007ffacb90d000 	C:\Windows\System32\msvcp_win.dll
0x00007ffacb770000 - 0x00007ffacb870000 	C:\Windows\System32\ucrtbase.dll
0x00007ffaca2d0000 - 0x00007ffaca56a000 	C:\Windows\WinSxS\amd64_microsoft.windows.common-controls_6595b64144ccf1df_6.0.19041.1110_none_60b5254171f9507e\COMCTL32.dll
0x00007ffacbab0000 - 0x00007ffacbb4e000 	C:\Windows\System32\msvcrt.dll
0x00007ffaccb90000 - 0x00007ffaccbc0000 	C:\Windows\System32\IMM32.DLL
0x00007ffac3da0000 - 0x00007ffac3db6000 	C:\01DevelopKits\jdk-11\bin\vcruntime140.dll
0x00007ffa993a0000 - 0x00007ffa9944a000 	C:\01DevelopKits\jdk-11\bin\msvcp140.dll
0x00007ffa665b0000 - 0x00007ffa670f1000 	C:\01DevelopKits\jdk-11\bin\server\jvm.dll
0x00007ffacd5e0000 - 0x00007ffacd68f000 	C:\Windows\System32\ADVAPI32.dll
0x00007ffacd390000 - 0x00007ffacd42c000 	C:\Windows\System32\sechost.dll
0x00007ffacca60000 - 0x00007ffaccb86000 	C:\Windows\System32\RPCRT4.dll
0x00007ffacc050000 - 0x00007ffacc058000 	C:\Windows\System32\PSAPI.DLL
0x00007ffaa4f20000 - 0x00007ffaa4f29000 	C:\Windows\SYSTEM32\WSOCK32.dll
0x00007ffab7dd0000 - 0x00007ffab7df7000 	C:\Windows\SYSTEM32\WINMM.dll
0x00007ffaccbc0000 - 0x00007ffaccc2b000 	C:\Windows\System32\WS2_32.dll
0x00007ffac7c60000 - 0x00007ffac7c6a000 	C:\Windows\SYSTEM32\VERSION.dll
0x00007ffac7ff0000 - 0x00007ffac8002000 	C:\Windows\SYSTEM32\kernel.appcore.dll
0x00007ffac3d80000 - 0x00007ffac3d91000 	C:\01DevelopKits\jdk-11\bin\verify.dll
0x00007ffacaad0000 - 0x00007ffacacb4000 	C:\Windows\SYSTEM32\DBGHELP.DLL
0x00007ffaca8e0000 - 0x00007ffaca914000 	C:\Windows\SYSTEM32\dbgcore.DLL
0x00007ffacaf90000 - 0x00007ffacb012000 	C:\Windows\System32\bcryptPrimitives.dll
0x00007ffabbec0000 - 0x00007ffabbee8000 	C:\01DevelopKits\jdk-11\bin\java.dll
0x00007ffac2440000 - 0x00007ffac246f000 	C:\01DevelopKits\jdk-11\bin\instrument.dll
0x00007ffac2410000 - 0x00007ffac2426000 	C:\01DevelopKits\jdk-11\bin\zip.dll
0x00007ffac40b0000 - 0x00007ffac40ba000 	C:\01DevelopKits\jdk-11\bin\jimage.dll
0x00007ffacc190000 - 0x00007ffacc8d4000 	C:\Windows\System32\SHELL32.dll
0x00007ffac82f0000 - 0x00007ffac8a83000 	C:\Windows\SYSTEM32\windows.storage.dll
0x00007ffacd030000 - 0x00007ffacd384000 	C:\Windows\System32\combase.dll
0x00007ffaca570000 - 0x00007ffaca59e000 	C:\Windows\SYSTEM32\Wldp.dll
0x00007ffacd760000 - 0x00007ffacd80d000 	C:\Windows\System32\SHCORE.dll
0x00007ffacc970000 - 0x00007ffacc9c5000 	C:\Windows\System32\shlwapi.dll
0x00007ffacaec0000 - 0x00007ffacaee5000 	C:\Windows\SYSTEM32\profapi.dll
0x00007ffac3d60000 - 0x00007ffac3d79000 	C:\01DevelopKits\jdk-11\bin\net.dll
0x00007ffabc500000 - 0x00007ffabc60a000 	C:\Windows\SYSTEM32\WINHTTP.dll
0x00007ffaca120000 - 0x00007ffaca18a000 	C:\Windows\system32\mswsock.dll
0x00007ffaa3710000 - 0x00007ffaa3723000 	C:\01DevelopKits\jdk-11\bin\nio.dll
0x00007ffac5d30000 - 0x00007ffac5d57000 	C:\Users\thsu1\.gradle\native\68d5fa5c4cc2d200863cafc0d521ce42e7d3e7ee720ec0a83991735586a16f82\windows-amd64\native-platform.dll
0x00007ffa95c60000 - 0x00007ffa95da4000 	C:\Users\thsu1\.gradle\native\e376f236ea51e6404a007f0833ffe2c6e607c4080706a723a18a27aeea778392\windows-amd64\native-platform-file-events.dll
0x00007ffac4690000 - 0x00007ffac4699000 	C:\01DevelopKits\jdk-11\bin\management.dll
0x00007ffac4680000 - 0x00007ffac468c000 	C:\01DevelopKits\jdk-11\bin\management_ext.dll
0x00007ffacad70000 - 0x00007ffacad88000 	C:\Windows\SYSTEM32\CRYPTSP.dll
0x00007ffac9970000 - 0x00007ffac99a4000 	C:\Windows\system32\rsaenh.dll
0x00007ffacb1f0000 - 0x00007ffacb217000 	C:\Windows\System32\bcrypt.dll
0x00007ffacae80000 - 0x00007ffacaeae000 	C:\Windows\SYSTEM32\USERENV.dll
0x00007ffaca190000 - 0x00007ffaca19c000 	C:\Windows\SYSTEM32\CRYPTBASE.dll
0x00007ffac9d10000 - 0x00007ffac9d4b000 	C:\Windows\SYSTEM32\IPHLPAPI.DLL
0x00007ffaccd60000 - 0x00007ffaccd68000 	C:\Windows\System32\NSI.dll
0x00007ffac0090000 - 0x00007ffac00a7000 	C:\Windows\SYSTEM32\dhcpcsvc6.DLL
0x00007ffac0590000 - 0x00007ffac05ad000 	C:\Windows\SYSTEM32\dhcpcsvc.DLL
0x00007ffac9d50000 - 0x00007ffac9e1a000 	C:\Windows\SYSTEM32\DNSAPI.dll

dbghelp: loaded successfully - version: 4.0.5 - missing functions: none
symbol engine: initialized successfully - sym options: 0x614 - pdb path: .;C:\01DevelopKits\jdk-11\bin;C:\Windows\SYSTEM32;C:\Windows\WinSxS\amd64_microsoft.windows.common-controls_6595b64144ccf1df_6.0.19041.1110_none_60b5254171f9507e;C:\01DevelopKits\jdk-11\bin\server;C:\Users\thsu1\.gradle\native\68d5fa5c4cc2d200863cafc0d521ce42e7d3e7ee720ec0a83991735586a16f82\windows-amd64;C:\Users\thsu1\.gradle\native\e376f236ea51e6404a007f0833ffe2c6e607c4080706a723a18a27aeea778392\windows-amd64

VM Arguments:
jvm_args: --add-opens=java.base/java.util=ALL-UNNAMED --add-opens=java.base/java.lang=ALL-UNNAMED --add-opens=java.base/java.lang.invoke=ALL-UNNAMED --add-opens=java.prefs/java.util.prefs=ALL-UNNAMED --add-opens=java.base/java.nio.charset=ALL-UNNAMED --add-opens=java.base/java.net=ALL-UNNAMED --add-opens=java.base/java.util.concurrent.atomic=ALL-UNNAMED -XX:MaxMetaspaceSize=384m -XX:+HeapDumpOnOutOfMemoryError -Xms256m -Xmx512m -Dfile.encoding=x-windows-949 -Duser.country=KR -Duser.language=ko -Duser.variant -javaagent:C:\Users\thsu1\.gradle\wrapper\dists\gradle-8.2.1-bin\5hap6b9n41hkg4jeh2au2pllh\gradle-8.2.1\lib\agents\gradle-instrumentation-agent-8.2.1.jar 
java_command: org.gradle.launcher.daemon.bootstrap.GradleDaemon 8.2.1
java_class_path (initial): C:\Users\thsu1\.gradle\wrapper\dists\gradle-8.2.1-bin\5hap6b9n41hkg4jeh2au2pllh\gradle-8.2.1\lib\gradle-launcher-8.2.1.jar
Launcher Type: SUN_STANDARD

[Global flags]
     intx CICompilerCount                          = 3                                         {product} {ergonomic}
   size_t CompressedClassSpaceSize                 = 394264576                                 {product} {ergonomic}
     uint ConcGCThreads                            = 1                                         {product} {ergonomic}
     uint G1ConcRefinementThreads                  = 4                                         {product} {ergonomic}
   size_t G1HeapRegionSize                         = 1048576                                   {product} {ergonomic}
    uintx GCDrainStackTargetSize                   = 64                                        {product} {ergonomic}
     bool HeapDumpOnOutOfMemoryError               = true                                   {manageable} {command line}
   size_t InitialHeapSize                          = 268435456                                 {product} {command line}
   size_t MarkStackSize                            = 4194304                                   {product} {ergonomic}
   size_t MaxHeapSize                              = 536870912                                 {product} {command line}
   size_t MaxMetaspaceSize                         = 402653184                                 {product} {command line}
   size_t MaxNewSize                               = 321912832                                 {product} {ergonomic}
   size_t MinHeapDeltaBytes                        = 1048576                                   {product} {ergonomic}
    uintx NonNMethodCodeHeapSize                   = 5830092                                {pd product} {ergonomic}
    uintx NonProfiledCodeHeapSize                  = 122914074                              {pd product} {ergonomic}
    uintx ProfiledCodeHeapSize                     = 122914074                              {pd product} {ergonomic}
    uintx ReservedCodeCacheSize                    = 251658240                              {pd product} {ergonomic}
     bool SegmentedCodeCache                       = true                                      {product} {ergonomic}
     bool UseCompressedClassPointers               = true                                 {lp64_product} {ergonomic}
     bool UseCompressedOops                        = true                                 {lp64_product} {ergonomic}
     bool UseG1GC                                  = true                                      {product} {ergonomic}
     bool UseLargePagesIndividualAllocation        = false                                  {pd product} {ergonomic}

Logging:
Log output configuration:
 #0: stdout all=warning uptime,level,tags
 #1: stderr all=off uptime,level,tags

Environment Variables:
JAVA_HOME=C:\01DevelopKits\jdk-11
PATH=C:\Program Files\Common Files\Oracle\Java\javapath;C:\01DevelopKits\app\oracle\product\11.2.0\server\bin;C:\Windows\system32;C:\Windows;C:\Windows\System32\Wbem;C:\Windows\System32\WindowsPowerShell\v1.0\;C:\Windows\System32\OpenSSH\;C:\01DevelopKits\jdk-11\bin;C:\Program Files\Git\cmd;C:\Program Files\MySQL\MySQL Shell 8.0\bin\;C:\Users\thsu1\AppData\Local\Microsoft\WindowsApps;;C:\Users\thsu1\AppData\Local\Programs\Microsoft VS Code\bin;C:\IntelliJ IDEA Community Edition 2023.1.1\bin;
USERNAME=thsu1
OS=Windows_NT
PROCESSOR_IDENTIFIER=Intel64 Family 6 Model 78 Stepping 3, GenuineIntel



---------------  S Y S T E M  ---------------

OS: Windows 10 , 64 bit Build 19041 (10.0.19041.3155)

CPU:total 4 (initial active 4) (2 cores per cpu, 2 threads per core) family 6 model 78 stepping 3, cmov, cx8, fxsr, mmx, sse, sse2, sse3, ssse3, sse4.1, sse4.2, popcnt, avx, avx2, aes, clmul, erms, 3dnowpref, lzcnt, ht, tsc, tscinvbit, bmi1, bmi2, adx, fma

Memory: 4k page, system-wide physical 8108M (609M free)
TotalPageFile size 16166M (AvailPageFile size 5M)
current process WorkingSet (physical memory assigned to process): 531M, peak: 531M
current process commit charge ("private bytes"): 565M, peak: 565M

vm_info: OpenJDK 64-Bit Server VM (11+28) for windows-amd64 JRE (11+28), built on Aug 23 2018 03:04:58 by "mach5one" with MS VC++ 15.5 (VS2017)

END.
