#
# There is insufficient memory for the Java Runtime Environment to continue.
# Native memory allocation (malloc) failed to allocate 738896 bytes for Chunk::new
# Possible reasons:
#   The system is out of physical RAM or swap space
#   The process is running with CompressedOops enabled, and the Java Heap may be blocking the growth of the native heap
# Possible solutions:
#   Reduce memory load on the system
#   Increase physical memory or swap space
#   Check if swap backing store is full
#   Decrease Java heap size (-Xmx/-Xms)
#   Decrease number of Java threads
#   Decrease Java thread stack sizes (-Xss)
#   Set larger code cache with -XX:ReservedCodeCacheSize=
#   JVM is running with Unscaled Compressed Oops mode in which the Java heap is
#     placed in the first 4GB address space. The Java Heap base address is the
#     maximum limit for the native heap growth. Please use -XX:HeapBaseMinAddress
#     to set the Java Heap base and to place the Java Heap above 4GB virtual address.
# This output file may be truncated or incomplete.
#
#  Out of Memory Error (t:/workspace/open/src/hotspot/share/memory/arena.cpp:197), pid=2252, tid=4384
#
# JRE version: OpenJDK Runtime Environment (11.0+28) (build 11+28)
# Java VM: OpenJDK 64-Bit Server VM (11+28, mixed mode, tiered, compressed oops, g1 gc, windows-amd64)
# No core dump will be written. Minidumps are not enabled by default on client versions of Windows
#

---------------  S U M M A R Y ------------

Command Line: -ea -Didea.test.cyclic.buffer.size=1048576 -javaagent:C:\IntelliJ IDEA Community Edition 2023.1.1\lib\idea_rt.jar=64422:C:\IntelliJ IDEA Community Edition 2023.1.1\bin -Dfile.encoding=UTF-8 com.intellij.rt.junit.JUnitStarter -ideVersion5 -junit5 com.zerobase.cafebom.cart.controller.CartControllerTest,successCartIdList

Host: Intel(R) Core(TM) i5-6200U CPU @ 2.30GHz, 4 cores, 7G,  Windows 10 , 64 bit Build 19041 (10.0.19041.3155)
Time: Mon Sep 11 18:36:21 2023 대한민국 표준시 elapsed time: 6 seconds (0d 0h 0m 6s)

---------------  T H R E A D  ---------------

Current thread (0x00000263af12b000):  JavaThread "C2 CompilerThread1" daemon [_thread_in_native, id=4384, stack(0x000000c234500000,0x000000c234600000)]


Current CompileTask:
C2:   6951 2500   !   4       jdk.internal.loader.BuiltinClassLoader::loadClassOrNull (143 bytes)

Stack: [0x000000c234500000,0x000000c234600000]
Native frames: (J=compiled Java code, j=interpreted, Vv=VM code, C=native code)
V  [jvm.dll+0x63adaa]
V  [jvm.dll+0x77852f]
V  [jvm.dll+0x779b18]
V  [jvm.dll+0x77a1d3]
V  [jvm.dll+0x2624c8]
V  [jvm.dll+0xc5b61]
V  [jvm.dll+0xc60fc]
V  [jvm.dll+0x2d0c84]
V  [jvm.dll+0x552d0f]
V  [jvm.dll+0x21dac5]
V  [jvm.dll+0x21b3e6]
V  [jvm.dll+0x198400]
V  [jvm.dll+0x22a4ff]
V  [jvm.dll+0x228b18]
V  [jvm.dll+0x73dc3d]
V  [jvm.dll+0x639e42]
C  [ucrtbase.dll+0x21bb2]
C  [KERNEL32.DLL+0x17614]
C  [ntdll.dll+0x526b1]


---------------  P R O C E S S  ---------------

Threads class SMR info:
_java_thread_list=0x00000263b0751670, length=13, elements={
0x000002638ec29800, 0x00000263ad765000, 0x00000263ad768800, 0x00000263ae06a000,
0x00000263ae06b000, 0x00000263ae06d800, 0x00000263ae072800, 0x00000263ae0a5800,
0x00000263ad6f3800, 0x00000263ae56f800, 0x00000263ae463000, 0x00000263af89d000,
0x00000263af12b000
}

Java Threads: ( => current thread )
  0x000002638ec29800 JavaThread "main" [_thread_in_native, id=10720, stack(0x000000c232f00000,0x000000c233000000)]
  0x00000263ad765000 JavaThread "Reference Handler" daemon [_thread_blocked, id=11384, stack(0x000000c233600000,0x000000c233700000)]
  0x00000263ad768800 JavaThread "Finalizer" daemon [_thread_blocked, id=8392, stack(0x000000c233700000,0x000000c233800000)]
  0x00000263ae06a000 JavaThread "Signal Dispatcher" daemon [_thread_blocked, id=12128, stack(0x000000c233800000,0x000000c233900000)]
  0x00000263ae06b000 JavaThread "Attach Listener" daemon [_thread_blocked, id=492, stack(0x000000c233900000,0x000000c233a00000)]
  0x00000263ae06d800 JavaThread "C2 CompilerThread0" daemon [_thread_in_native, id=7380, stack(0x000000c233a00000,0x000000c233b00000)]
  0x00000263ae072800 JavaThread "C1 CompilerThread0" daemon [_thread_in_native, id=12956, stack(0x000000c233b00000,0x000000c233c00000)]
  0x00000263ae0a5800 JavaThread "Sweeper thread" daemon [_thread_blocked, id=12200, stack(0x000000c233c00000,0x000000c233d00000)]
  0x00000263ad6f3800 JavaThread "Common-Cleaner" daemon [_thread_blocked, id=14996, stack(0x000000c233d00000,0x000000c233e00000)]
  0x00000263ae56f800 JavaThread "Monitor Ctrl-Break" daemon [_thread_in_native, id=11948, stack(0x000000c233e00000,0x000000c233f00000)]
  0x00000263ae463000 JavaThread "Service Thread" daemon [_thread_blocked, id=10084, stack(0x000000c233f00000,0x000000c234000000)]
  0x00000263af89d000 JavaThread "background-preinit" [_thread_in_native, id=1100, stack(0x000000c234300000,0x000000c234400000)]
=>0x00000263af12b000 JavaThread "C2 CompilerThread1" daemon [_thread_in_native, id=4384, stack(0x000000c234500000,0x000000c234600000)]

Other Threads:
  0x00000263ad73b800 VMThread "VM Thread" [stack: 0x000000c233500000,0x000000c233600000] [id=15860]
  0x00000263ae465000 WatcherThread [stack: 0x000000c234000000,0x000000c234100000] [id=3896]
  0x000002638ec42000 GCTaskThread "GC Thread#0" [stack: 0x000000c233000000,0x000000c233100000] [id=12840]
  0x00000263ae7bc800 GCTaskThread "GC Thread#1" [stack: 0x000000c234100000,0x000000c234200000] [id=1324]
  0x00000263ae62c800 GCTaskThread "GC Thread#2" [stack: 0x000000c234200000,0x000000c234300000] [id=15344]
  0x00000263af85a800 GCTaskThread "GC Thread#3" [stack: 0x000000c234400000,0x000000c234500000] [id=15708]
  0x000002638ec74000 ConcurrentGCThread "G1 Main Marker" [stack: 0x000000c233100000,0x000000c233200000] [id=14464]
  0x000002638ec75800 ConcurrentGCThread "G1 Conc#0" [stack: 0x000000c233200000,0x000000c233300000] [id=12524]
  0x00000263ad5a6800 ConcurrentGCThread "G1 Refine#0" [stack: 0x000000c233300000,0x000000c233400000] [id=14156]
  0x00000263ad5a7000 ConcurrentGCThread "G1 Young RemSet Sampling" [stack: 0x000000c233400000,0x000000c233500000] [id=2780]

Threads with active compile tasks:
C2 CompilerThread02538       4       java.lang.String::endsWith (15 bytes)
C1 CompilerThread02542       3       java.lang.reflect.ProxyGenerator$ProxyMethod::generateMethod (733 bytes)
C2 CompilerThread12500   !   4       jdk.internal.loader.BuiltinClassLoader::loadClassOrNull (143 bytes)

VM state:not at safepoint (normal execution)

VM Mutex/Monitor currently owned by a thread: None

Heap address: 0x0000000081400000, size: 2028 MB, Compressed Oops mode: 32-bit
Narrow klass base: 0x0000000000000000, Narrow klass shift: 3
Compressed class space size: 1073741824 Address: 0x0000000100000000

Heap:
 garbage-first heap   total 131072K, used 32000K [0x0000000081400000, 0x0000000100000000)
  region size 1024K, 23 young (23552K), 5 survivors (5120K)
 Metaspace       used 27707K, capacity 28597K, committed 28800K, reserved 1075200K
  class space    used 3289K, capacity 3650K, committed 3712K, reserved 1048576K
Heap Regions: E=young(eden), S=young(survivor), O=old, HS=humongous(starts), HC=humongous(continues), CS=collection set, F=free, A=archive, TAMS=top-at-mark-start (previous, next)
|   0|0x0000000081400000, 0x0000000081500000, 0x0000000081500000|100%|HS|  |TAMS 0x0000000081500000, 0x0000000081400000| Complete 
|   1|0x0000000081500000, 0x0000000081600000, 0x0000000081600000|100%| O|  |TAMS 0x0000000081600000, 0x0000000081500000| Untracked 
|   2|0x0000000081600000, 0x0000000081700000, 0x0000000081700000|100%| O|  |TAMS 0x0000000081700000, 0x0000000081600000| Untracked 
|   3|0x0000000081700000, 0x0000000081800000, 0x0000000081800000|100%| O|  |TAMS 0x0000000081800000, 0x0000000081700000| Untracked 
|   4|0x0000000081800000, 0x0000000081900000, 0x0000000081900000|100%| O|  |TAMS 0x0000000081900000, 0x0000000081800000| Untracked 
|   5|0x0000000081900000, 0x0000000081a00000, 0x0000000081a00000|100%| O|  |TAMS 0x0000000081a00000, 0x0000000081900000| Untracked 
|   6|0x0000000081a00000, 0x0000000081b00000, 0x0000000081b00000|100%| O|  |TAMS 0x0000000081b00000, 0x0000000081a00000| Untracked 
|   7|0x0000000081b00000, 0x0000000081c00000, 0x0000000081c00000|100%| O|  |TAMS 0x0000000081c00000, 0x0000000081b00000| Untracked 
|   8|0x0000000081c00000, 0x0000000081d00000, 0x0000000081d00000|100%| O|  |TAMS 0x0000000081d00000, 0x0000000081c00000| Untracked 
|   9|0x0000000081d00000, 0x0000000081ddd800, 0x0000000081e00000| 86%| O|  |TAMS 0x0000000081ddd800, 0x0000000081d00000| Untracked 
|  10|0x0000000081e00000, 0x0000000081e00000, 0x0000000081f00000|  0%| F|  |TAMS 0x0000000081e00000, 0x0000000081e00000| Untracked 
|  11|0x0000000081f00000, 0x0000000081f00000, 0x0000000082000000|  0%| F|  |TAMS 0x0000000081f00000, 0x0000000081f00000| Untracked 
|  12|0x0000000082000000, 0x0000000082000000, 0x0000000082100000|  0%| F|  |TAMS 0x0000000082000000, 0x0000000082000000| Untracked 
|  13|0x0000000082100000, 0x0000000082100000, 0x0000000082200000|  0%| F|  |TAMS 0x0000000082100000, 0x0000000082100000| Untracked 
|  14|0x0000000082200000, 0x0000000082200000, 0x0000000082300000|  0%| F|  |TAMS 0x0000000082200000, 0x0000000082200000| Untracked 
|  15|0x0000000082300000, 0x0000000082300000, 0x0000000082400000|  0%| F|  |TAMS 0x0000000082300000, 0x0000000082300000| Untracked 
|  16|0x0000000082400000, 0x0000000082400000, 0x0000000082500000|  0%| F|  |TAMS 0x0000000082400000, 0x0000000082400000| Untracked 
|  17|0x0000000082500000, 0x0000000082500000, 0x0000000082600000|  0%| F|  |TAMS 0x0000000082500000, 0x0000000082500000| Untracked 
|  18|0x0000000082600000, 0x0000000082600000, 0x0000000082700000|  0%| F|  |TAMS 0x0000000082600000, 0x0000000082600000| Untracked 
|  19|0x0000000082700000, 0x0000000082700000, 0x0000000082800000|  0%| F|  |TAMS 0x0000000082700000, 0x0000000082700000| Untracked 
|  20|0x0000000082800000, 0x0000000082800000, 0x0000000082900000|  0%| F|  |TAMS 0x0000000082800000, 0x0000000082800000| Untracked 
|  21|0x0000000082900000, 0x0000000082900000, 0x0000000082a00000|  0%| F|  |TAMS 0x0000000082900000, 0x0000000082900000| Untracked 
|  22|0x0000000082a00000, 0x0000000082a00000, 0x0000000082b00000|  0%| F|  |TAMS 0x0000000082a00000, 0x0000000082a00000| Untracked 
|  23|0x0000000082b00000, 0x0000000082b00000, 0x0000000082c00000|  0%| F|  |TAMS 0x0000000082b00000, 0x0000000082b00000| Untracked 
|  24|0x0000000082c00000, 0x0000000082c00000, 0x0000000082d00000|  0%| F|  |TAMS 0x0000000082c00000, 0x0000000082c00000| Untracked 
|  25|0x0000000082d00000, 0x0000000082d00000, 0x0000000082e00000|  0%| F|  |TAMS 0x0000000082d00000, 0x0000000082d00000| Untracked 
|  26|0x0000000082e00000, 0x0000000082e00000, 0x0000000082f00000|  0%| F|  |TAMS 0x0000000082e00000, 0x0000000082e00000| Untracked 
|  27|0x0000000082f00000, 0x0000000082f00000, 0x0000000083000000|  0%| F|  |TAMS 0x0000000082f00000, 0x0000000082f00000| Untracked 
|  28|0x0000000083000000, 0x0000000083000000, 0x0000000083100000|  0%| F|  |TAMS 0x0000000083000000, 0x0000000083000000| Untracked 
|  29|0x0000000083100000, 0x0000000083100000, 0x0000000083200000|  0%| F|  |TAMS 0x0000000083100000, 0x0000000083100000| Untracked 
|  30|0x0000000083200000, 0x0000000083200000, 0x0000000083300000|  0%| F|  |TAMS 0x0000000083200000, 0x0000000083200000| Untracked 
|  31|0x0000000083300000, 0x0000000083300000, 0x0000000083400000|  0%| F|  |TAMS 0x0000000083300000, 0x0000000083300000| Untracked 
|  32|0x0000000083400000, 0x0000000083400000, 0x0000000083500000|  0%| F|  |TAMS 0x0000000083400000, 0x0000000083400000| Untracked 
|  33|0x0000000083500000, 0x0000000083500000, 0x0000000083600000|  0%| F|  |TAMS 0x0000000083500000, 0x0000000083500000| Untracked 
|  34|0x0000000083600000, 0x0000000083600000, 0x0000000083700000|  0%| F|  |TAMS 0x0000000083600000, 0x0000000083600000| Untracked 
|  35|0x0000000083700000, 0x0000000083700000, 0x0000000083800000|  0%| F|  |TAMS 0x0000000083700000, 0x0000000083700000| Untracked 
|  36|0x0000000083800000, 0x0000000083800000, 0x0000000083900000|  0%| F|  |TAMS 0x0000000083800000, 0x0000000083800000| Untracked 
|  37|0x0000000083900000, 0x0000000083900000, 0x0000000083a00000|  0%| F|  |TAMS 0x0000000083900000, 0x0000000083900000| Untracked 
|  38|0x0000000083a00000, 0x0000000083a00000, 0x0000000083b00000|  0%| F|  |TAMS 0x0000000083a00000, 0x0000000083a00000| Untracked 
|  39|0x0000000083b00000, 0x0000000083b00000, 0x0000000083c00000|  0%| F|  |TAMS 0x0000000083b00000, 0x0000000083b00000| Untracked 
|  40|0x0000000083c00000, 0x0000000083c00000, 0x0000000083d00000|  0%| F|  |TAMS 0x0000000083c00000, 0x0000000083c00000| Untracked 
|  41|0x0000000083d00000, 0x0000000083d00000, 0x0000000083e00000|  0%| F|  |TAMS 0x0000000083d00000, 0x0000000083d00000| Untracked 
|  42|0x0000000083e00000, 0x0000000083e00000, 0x0000000083f00000|  0%| F|  |TAMS 0x0000000083e00000, 0x0000000083e00000| Untracked 
|  43|0x0000000083f00000, 0x0000000083f00000, 0x0000000084000000|  0%| F|  |TAMS 0x0000000083f00000, 0x0000000083f00000| Untracked 
|  44|0x0000000084000000, 0x0000000084000000, 0x0000000084100000|  0%| F|  |TAMS 0x0000000084000000, 0x0000000084000000| Untracked 
|  45|0x0000000084100000, 0x0000000084100000, 0x0000000084200000|  0%| F|  |TAMS 0x0000000084100000, 0x0000000084100000| Untracked 
|  46|0x0000000084200000, 0x0000000084200000, 0x0000000084300000|  0%| F|  |TAMS 0x0000000084200000, 0x0000000084200000| Untracked 
|  47|0x0000000084300000, 0x0000000084300000, 0x0000000084400000|  0%| F|  |TAMS 0x0000000084300000, 0x0000000084300000| Untracked 
|  48|0x0000000084400000, 0x0000000084400000, 0x0000000084500000|  0%| F|  |TAMS 0x0000000084400000, 0x0000000084400000| Untracked 
|  49|0x0000000084500000, 0x0000000084500000, 0x0000000084600000|  0%| F|  |TAMS 0x0000000084500000, 0x0000000084500000| Untracked 
|  50|0x0000000084600000, 0x0000000084600000, 0x0000000084700000|  0%| F|  |TAMS 0x0000000084600000, 0x0000000084600000| Untracked 
|  51|0x0000000084700000, 0x0000000084700000, 0x0000000084800000|  0%| F|  |TAMS 0x0000000084700000, 0x0000000084700000| Untracked 
|  52|0x0000000084800000, 0x0000000084800000, 0x0000000084900000|  0%| F|  |TAMS 0x0000000084800000, 0x0000000084800000| Untracked 
|  53|0x0000000084900000, 0x0000000084900000, 0x0000000084a00000|  0%| F|  |TAMS 0x0000000084900000, 0x0000000084900000| Untracked 
|  54|0x0000000084a00000, 0x0000000084a00000, 0x0000000084b00000|  0%| F|  |TAMS 0x0000000084a00000, 0x0000000084a00000| Untracked 
|  55|0x0000000084b00000, 0x0000000084b00000, 0x0000000084c00000|  0%| F|  |TAMS 0x0000000084b00000, 0x0000000084b00000| Untracked 
|  56|0x0000000084c00000, 0x0000000084c00000, 0x0000000084d00000|  0%| F|  |TAMS 0x0000000084c00000, 0x0000000084c00000| Untracked 
|  57|0x0000000084d00000, 0x0000000084d00000, 0x0000000084e00000|  0%| F|  |TAMS 0x0000000084d00000, 0x0000000084d00000| Untracked 
|  58|0x0000000084e00000, 0x0000000084e00000, 0x0000000084f00000|  0%| F|  |TAMS 0x0000000084e00000, 0x0000000084e00000| Untracked 
|  59|0x0000000084f00000, 0x0000000084f00000, 0x0000000085000000|  0%| F|  |TAMS 0x0000000084f00000, 0x0000000084f00000| Untracked 
|  60|0x0000000085000000, 0x0000000085000000, 0x0000000085100000|  0%| F|  |TAMS 0x0000000085000000, 0x0000000085000000| Untracked 
|  61|0x0000000085100000, 0x0000000085100000, 0x0000000085200000|  0%| F|  |TAMS 0x0000000085100000, 0x0000000085100000| Untracked 
|  62|0x0000000085200000, 0x0000000085200000, 0x0000000085300000|  0%| F|  |TAMS 0x0000000085200000, 0x0000000085200000| Untracked 
|  63|0x0000000085300000, 0x0000000085300000, 0x0000000085400000|  0%| F|  |TAMS 0x0000000085300000, 0x0000000085300000| Untracked 
|  64|0x0000000085400000, 0x0000000085400000, 0x0000000085500000|  0%| F|  |TAMS 0x0000000085400000, 0x0000000085400000| Untracked 
|  65|0x0000000085500000, 0x0000000085500000, 0x0000000085600000|  0%| F|  |TAMS 0x0000000085500000, 0x0000000085500000| Untracked 
|  66|0x0000000085600000, 0x0000000085600000, 0x0000000085700000|  0%| F|  |TAMS 0x0000000085600000, 0x0000000085600000| Untracked 
|  67|0x0000000085700000, 0x0000000085700000, 0x0000000085800000|  0%| F|  |TAMS 0x0000000085700000, 0x0000000085700000| Untracked 
|  68|0x0000000085800000, 0x0000000085800000, 0x0000000085900000|  0%| F|  |TAMS 0x0000000085800000, 0x0000000085800000| Untracked 
|  69|0x0000000085900000, 0x0000000085900000, 0x0000000085a00000|  0%| F|  |TAMS 0x0000000085900000, 0x0000000085900000| Untracked 
|  70|0x0000000085a00000, 0x0000000085a00000, 0x0000000085b00000|  0%| F|  |TAMS 0x0000000085a00000, 0x0000000085a00000| Untracked 
|  71|0x0000000085b00000, 0x0000000085b62898, 0x0000000085c00000| 38%| S|CS|TAMS 0x0000000085b00000, 0x0000000085b00000| Complete 
|  72|0x0000000085c00000, 0x0000000085d00000, 0x0000000085d00000|100%| S|CS|TAMS 0x0000000085c00000, 0x0000000085c00000| Complete 
|  73|0x0000000085d00000, 0x0000000085e00000, 0x0000000085e00000|100%| S|CS|TAMS 0x0000000085d00000, 0x0000000085d00000| Complete 
|  74|0x0000000085e00000, 0x0000000085f00000, 0x0000000085f00000|100%| S|CS|TAMS 0x0000000085e00000, 0x0000000085e00000| Complete 
|  75|0x0000000085f00000, 0x0000000086000000, 0x0000000086000000|100%| S|CS|TAMS 0x0000000085f00000, 0x0000000085f00000| Complete 
|  76|0x0000000086000000, 0x0000000086000000, 0x0000000086100000|  0%| F|  |TAMS 0x0000000086000000, 0x0000000086000000| Untracked 
|  77|0x0000000086100000, 0x0000000086100000, 0x0000000086200000|  0%| F|  |TAMS 0x0000000086100000, 0x0000000086100000| Untracked 
|  78|0x0000000086200000, 0x0000000086200000, 0x0000000086300000|  0%| F|  |TAMS 0x0000000086200000, 0x0000000086200000| Untracked 
|  79|0x0000000086300000, 0x0000000086300000, 0x0000000086400000|  0%| F|  |TAMS 0x0000000086300000, 0x0000000086300000| Untracked 
|  80|0x0000000086400000, 0x0000000086400000, 0x0000000086500000|  0%| F|  |TAMS 0x0000000086400000, 0x0000000086400000| Untracked 
|  81|0x0000000086500000, 0x0000000086500000, 0x0000000086600000|  0%| F|  |TAMS 0x0000000086500000, 0x0000000086500000| Untracked 
|  82|0x0000000086600000, 0x0000000086600000, 0x0000000086700000|  0%| F|  |TAMS 0x0000000086600000, 0x0000000086600000| Untracked 
|  83|0x0000000086700000, 0x0000000086700000, 0x0000000086800000|  0%| F|  |TAMS 0x0000000086700000, 0x0000000086700000| Untracked 
|  84|0x0000000086800000, 0x0000000086800000, 0x0000000086900000|  0%| F|  |TAMS 0x0000000086800000, 0x0000000086800000| Untracked 
|  85|0x0000000086900000, 0x0000000086900000, 0x0000000086a00000|  0%| F|  |TAMS 0x0000000086900000, 0x0000000086900000| Untracked 
|  86|0x0000000086a00000, 0x0000000086a00000, 0x0000000086b00000|  0%| F|  |TAMS 0x0000000086a00000, 0x0000000086a00000| Untracked 
|  87|0x0000000086b00000, 0x0000000086b00000, 0x0000000086c00000|  0%| F|  |TAMS 0x0000000086b00000, 0x0000000086b00000| Untracked 
|  88|0x0000000086c00000, 0x0000000086c00000, 0x0000000086d00000|  0%| F|  |TAMS 0x0000000086c00000, 0x0000000086c00000| Untracked 
|  89|0x0000000086d00000, 0x0000000086d00000, 0x0000000086e00000|  0%| F|  |TAMS 0x0000000086d00000, 0x0000000086d00000| Untracked 
|  90|0x0000000086e00000, 0x0000000086e00000, 0x0000000086f00000|  0%| F|  |TAMS 0x0000000086e00000, 0x0000000086e00000| Untracked 
|  91|0x0000000086f00000, 0x0000000086f00000, 0x0000000087000000|  0%| F|  |TAMS 0x0000000086f00000, 0x0000000086f00000| Untracked 
|  92|0x0000000087000000, 0x0000000087000000, 0x0000000087100000|  0%| F|  |TAMS 0x0000000087000000, 0x0000000087000000| Untracked 
|  93|0x0000000087100000, 0x0000000087100000, 0x0000000087200000|  0%| F|  |TAMS 0x0000000087100000, 0x0000000087100000| Untracked 
|  94|0x0000000087200000, 0x0000000087200000, 0x0000000087300000|  0%| F|  |TAMS 0x0000000087200000, 0x0000000087200000| Untracked 
|  95|0x0000000087300000, 0x0000000087300000, 0x0000000087400000|  0%| F|  |TAMS 0x0000000087300000, 0x0000000087300000| Untracked 
|  96|0x0000000087400000, 0x0000000087400000, 0x0000000087500000|  0%| F|  |TAMS 0x0000000087400000, 0x0000000087400000| Untracked 
|  97|0x0000000087500000, 0x0000000087500000, 0x0000000087600000|  0%| F|  |TAMS 0x0000000087500000, 0x0000000087500000| Untracked 
|  98|0x0000000087600000, 0x0000000087600000, 0x0000000087700000|  0%| F|  |TAMS 0x0000000087600000, 0x0000000087600000| Untracked 
|  99|0x0000000087700000, 0x0000000087700000, 0x0000000087800000|  0%| F|  |TAMS 0x0000000087700000, 0x0000000087700000| Untracked 
| 100|0x0000000087800000, 0x0000000087800000, 0x0000000087900000|  0%| F|  |TAMS 0x0000000087800000, 0x0000000087800000| Untracked 
| 101|0x0000000087900000, 0x0000000087900000, 0x0000000087a00000|  0%| F|  |TAMS 0x0000000087900000, 0x0000000087900000| Untracked 
| 102|0x0000000087a00000, 0x0000000087a00000, 0x0000000087b00000|  0%| F|  |TAMS 0x0000000087a00000, 0x0000000087a00000| Untracked 
| 103|0x0000000087b00000, 0x0000000087b00000, 0x0000000087c00000|  0%| F|  |TAMS 0x0000000087b00000, 0x0000000087b00000| Untracked 
| 104|0x0000000087c00000, 0x0000000087c00000, 0x0000000087d00000|  0%| F|  |TAMS 0x0000000087c00000, 0x0000000087c00000| Untracked 
| 105|0x0000000087d00000, 0x0000000087d00000, 0x0000000087e00000|  0%| F|  |TAMS 0x0000000087d00000, 0x0000000087d00000| Untracked 
| 106|0x0000000087e00000, 0x0000000087e00000, 0x0000000087f00000|  0%| F|  |TAMS 0x0000000087e00000, 0x0000000087e00000| Untracked 
| 107|0x0000000087f00000, 0x0000000087f00000, 0x0000000088000000|  0%| F|  |TAMS 0x0000000087f00000, 0x0000000087f00000| Untracked 
| 108|0x0000000088000000, 0x0000000088000000, 0x0000000088100000|  0%| F|  |TAMS 0x0000000088000000, 0x0000000088000000| Untracked 
| 109|0x0000000088100000, 0x0000000088100000, 0x0000000088200000|  0%| F|  |TAMS 0x0000000088100000, 0x0000000088100000| Untracked 
| 110|0x0000000088200000, 0x0000000088300000, 0x0000000088300000|100%| E|  |TAMS 0x0000000088200000, 0x0000000088200000| Complete 
| 111|0x0000000088300000, 0x0000000088400000, 0x0000000088400000|100%| E|CS|TAMS 0x0000000088300000, 0x0000000088300000| Complete 
| 112|0x0000000088400000, 0x0000000088500000, 0x0000000088500000|100%| E|CS|TAMS 0x0000000088400000, 0x0000000088400000| Complete 
| 113|0x0000000088500000, 0x0000000088600000, 0x0000000088600000|100%| E|CS|TAMS 0x0000000088500000, 0x0000000088500000| Complete 
| 114|0x0000000088600000, 0x0000000088700000, 0x0000000088700000|100%| E|CS|TAMS 0x0000000088600000, 0x0000000088600000| Complete 
| 115|0x0000000088700000, 0x0000000088800000, 0x0000000088800000|100%| E|CS|TAMS 0x0000000088700000, 0x0000000088700000| Complete 
| 116|0x0000000088800000, 0x0000000088900000, 0x0000000088900000|100%| E|CS|TAMS 0x0000000088800000, 0x0000000088800000| Complete 
| 117|0x0000000088900000, 0x0000000088a00000, 0x0000000088a00000|100%| E|CS|TAMS 0x0000000088900000, 0x0000000088900000| Complete 
| 118|0x0000000088a00000, 0x0000000088b00000, 0x0000000088b00000|100%| E|CS|TAMS 0x0000000088a00000, 0x0000000088a00000| Complete 
| 119|0x0000000088b00000, 0x0000000088c00000, 0x0000000088c00000|100%| E|CS|TAMS 0x0000000088b00000, 0x0000000088b00000| Complete 
| 120|0x0000000088c00000, 0x0000000088d00000, 0x0000000088d00000|100%| E|CS|TAMS 0x0000000088c00000, 0x0000000088c00000| Complete 
| 121|0x0000000088d00000, 0x0000000088e00000, 0x0000000088e00000|100%| E|CS|TAMS 0x0000000088d00000, 0x0000000088d00000| Complete 
| 122|0x0000000088e00000, 0x0000000088f00000, 0x0000000088f00000|100%| E|CS|TAMS 0x0000000088e00000, 0x0000000088e00000| Complete 
| 123|0x0000000088f00000, 0x0000000089000000, 0x0000000089000000|100%| E|CS|TAMS 0x0000000088f00000, 0x0000000088f00000| Complete 
| 124|0x0000000089000000, 0x0000000089100000, 0x0000000089100000|100%| E|CS|TAMS 0x0000000089000000, 0x0000000089000000| Complete 
| 125|0x0000000089100000, 0x0000000089200000, 0x0000000089200000|100%| E|CS|TAMS 0x0000000089100000, 0x0000000089100000| Complete 
| 126|0x0000000089200000, 0x0000000089300000, 0x0000000089300000|100%| E|CS|TAMS 0x0000000089200000, 0x0000000089200000| Complete 
| 127|0x0000000089300000, 0x0000000089400000, 0x0000000089400000|100%| E|CS|TAMS 0x0000000089300000, 0x0000000089300000| Complete 

Card table byte_map: [0x00000263a6990000,0x00000263a6d90000] _byte_map_base: 0x00000263a6586000

Marking Bits (Prev, Next): (CMBitMap*) 0x000002638ec6b450, (CMBitMap*) 0x000002638ec6b418
 Prev Bits: [0x00000263a9140000, 0x00000263ab0f0000)
 Next Bits: [0x00000263a7190000, 0x00000263a9140000)

Polling page: 0x000002638ece0000

Metaspace:

Usage:
  Non-class:     24.37 MB capacity,    23.88 MB ( 98%) used,   397.40 KB (  2%) free+waste,   102.69 KB ( <1%) overhead. 
      Class:      3.57 MB capacity,     3.23 MB ( 90%) used,   299.73 KB (  8%) free+waste,    50.56 KB (  1%) overhead. 
       Both:     27.94 MB capacity,    27.11 MB ( 97%) used,   697.13 KB (  2%) free+waste,   153.25 KB ( <1%) overhead. 

Virtual space:
  Non-class space:       26.00 MB reserved,      24.50 MB ( 94%) committed 
      Class space:        1.00 GB reserved,       3.63 MB ( <1%) committed 
             Both:        1.03 GB reserved,      28.13 MB (  3%) committed 

Chunk freelists:
   Non-Class:  896 bytes
       Class:  0 bytes
        Both:  896 bytes

CodeHeap 'non-profiled nmethods': size=120064Kb used=1122Kb max_used=1122Kb free=118941Kb
 bounds [0x000002639ea30000, 0x000002639eca0000, 0x00000263a5f70000]
CodeHeap 'profiled nmethods': size=120000Kb used=5330Kb max_used=5330Kb free=114669Kb
 bounds [0x0000026397500000, 0x0000026397a40000, 0x000002639ea30000]
CodeHeap 'non-nmethods': size=5696Kb used=1131Kb max_used=1179Kb free=4565Kb
 bounds [0x0000026396f70000, 0x00000263971e0000, 0x0000026397500000]
 total_blobs=3576 nmethods=2445 adapters=361
 compilation: enabled
              stopped_count=0, restarted_count=0
 full_count=0

Compilation events (10 events):
Event: 6.918 Thread 0x00000263ae072800 2520       3       org.slf4j.impl.StaticLoggerBinder::getLoggerFactory (45 bytes)
Event: 6.919 Thread 0x00000263ae072800 nmethod 2520 0x0000026397a14e90 code [0x0000026397a15080, 0x0000026397a15470]
Event: 6.919 Thread 0x00000263ae072800 2521       3       org.slf4j.LoggerFactory::getLogger (12 bytes)
Event: 6.919 Thread 0x00000263ae072800 nmethod 2521 0x0000026397a15610 code [0x0000026397a157e0, 0x0000026397a15a20]
Event: 6.919 Thread 0x00000263ae072800 2522       3       ch.qos.logback.classic.LoggerContext::getLogger (6 bytes)
Event: 6.919 Thread 0x00000263ae072800 nmethod 2522 0x000002639768f490 code [0x000002639768f640, 0x000002639768f7d0]
Event: 6.921 Thread 0x00000263ae072800 2523       3       java.lang.reflect.ProxyGenerator$PrimitiveTypeInfo::get (13 bytes)
Event: 6.922 Thread 0x00000263ae072800 nmethod 2523 0x0000026397a15b10 code [0x0000026397a15ce0, 0x0000026397a15ff0]
Event: 6.936 Thread 0x00000263ae072800 2524       3       org.hibernate.validator.internal.util.TypeHelper::resolveTypeForClassAndHierarchy (61 bytes)
Event: 6.938 Thread 0x00000263ae072800 nmethod 2524 0x0000026397a16110 code [0x0000026397a16400, 0x0000026397a17430]

GC Heap History (10 events):
Event: 1.728 GC heap before
{Heap before GC invocations=1 (full 0):
 garbage-first heap   total 131072K, used 17210K [0x0000000081400000, 0x0000000100000000)
  region size 1024K, 9 young (9216K), 2 survivors (2048K)
 Metaspace       used 10799K, capacity 11110K, committed 11264K, reserved 1058816K
  class space    used 1042K, capacity 1155K, committed 1280K, reserved 1048576K
}
Event: 1.733 GC heap after
{Heap after GC invocations=2 (full 0):
 garbage-first heap   total 131072K, used 10510K [0x0000000081400000, 0x0000000100000000)
  region size 1024K, 1 young (1024K), 1 survivors (1024K)
 Metaspace       used 10799K, capacity 11110K, committed 11264K, reserved 1058816K
  class space    used 1042K, capacity 1155K, committed 1280K, reserved 1048576K
}
Event: 2.497 GC heap before
{Heap before GC invocations=2 (full 0):
 garbage-first heap   total 131072K, used 28942K [0x0000000081400000, 0x0000000100000000)
  region size 1024K, 19 young (19456K), 1 survivors (1024K)
 Metaspace       used 13573K, capacity 14078K, committed 14208K, reserved 1062912K
  class space    used 1410K, capacity 1594K, committed 1664K, reserved 1048576K
}
Event: 2.499 GC heap after
{Heap after GC invocations=3 (full 0):
 garbage-first heap   total 131072K, used 11065K [0x0000000081400000, 0x0000000100000000)
  region size 1024K, 1 young (1024K), 1 survivors (1024K)
 Metaspace       used 13573K, capacity 14078K, committed 14208K, reserved 1062912K
  class space    used 1410K, capacity 1594K, committed 1664K, reserved 1048576K
}
Event: 4.266 GC heap before
{Heap before GC invocations=3 (full 0):
 garbage-first heap   total 131072K, used 53049K [0x0000000081400000, 0x0000000100000000)
  region size 1024K, 42 young (43008K), 1 survivors (1024K)
 Metaspace       used 19458K, capacity 20149K, committed 20352K, reserved 1067008K
  class space    used 2119K, capacity 2386K, committed 2432K, reserved 1048576K
}
Event: 4.272 GC heap after
{Heap after GC invocations=4 (full 0):
 garbage-first heap   total 131072K, used 12798K [0x0000000081400000, 0x0000000100000000)
  region size 1024K, 3 young (3072K), 3 survivors (3072K)
 Metaspace       used 19458K, capacity 20149K, committed 20352K, reserved 1067008K
  class space    used 2119K, capacity 2386K, committed 2432K, reserved 1048576K
}
Event: 4.431 GC heap before
{Heap before GC invocations=4 (full 0):
 garbage-first heap   total 131072K, used 16894K [0x0000000081400000, 0x0000000100000000)
  region size 1024K, 8 young (8192K), 3 survivors (3072K)
 Metaspace       used 20457K, capacity 21150K, committed 21248K, reserved 1069056K
  class space    used 2223K, capacity 2485K, committed 2560K, reserved 1048576K
}
Event: 4.436 GC heap after
{Heap after GC invocations=5 (full 0):
 garbage-first heap   total 131072K, used 13156K [0x0000000081400000, 0x0000000100000000)
  region size 1024K, 3 young (3072K), 3 survivors (3072K)
 Metaspace       used 20457K, capacity 21150K, committed 21248K, reserved 1069056K
  class space    used 2223K, capacity 2485K, committed 2560K, reserved 1048576K
}
Event: 6.130 GC heap before
{Heap before GC invocations=6 (full 0):
 garbage-first heap   total 131072K, used 63332K [0x0000000081400000, 0x0000000100000000)
  region size 1024K, 52 young (53248K), 3 survivors (3072K)
 Metaspace       used 26029K, capacity 26981K, committed 27264K, reserved 1073152K
  class space    used 3036K, capacity 3409K, committed 3456K, reserved 1048576K
}
Event: 6.179 GC heap after
{Heap after GC invocations=7 (full 0):
 garbage-first heap   total 131072K, used 14592K [0x0000000081400000, 0x0000000100000000)
  region size 1024K, 5 young (5120K), 5 survivors (5120K)
 Metaspace       used 26029K, capacity 26981K, committed 27264K, reserved 1073152K
  class space    used 3036K, capacity 3409K, committed 3456K, reserved 1048576K
}

Deoptimization events (10 events):
Event: 4.301 Thread 0x000002638ec29800 Uncommon trap: reason=unstable_if action=reinterpret pc=0x000002639ea5ad94 method=java.util.HashMap.hash(Ljava/lang/Object;)I @ 1 c2
Event: 4.533 Thread 0x000002638ec29800 Uncommon trap: reason=unstable_if action=reinterpret pc=0x000002639ead39d4 method=java.lang.ref.SoftReference.get()Ljava/lang/Object; @ 6 c2
Event: 4.792 Thread 0x000002638ec29800 Uncommon trap: reason=unstable_if action=reinterpret pc=0x000002639eaf0a5c method=java.net.URLStreamHandler.parseURL(Ljava/net/URL;Ljava/lang/String;II)V @ 725 c2
Event: 4.804 Thread 0x000002638ec29800 Uncommon trap: reason=unstable_if action=reinterpret pc=0x000002639eadd694 method=java.lang.String.indexOf([BBILjava/lang/String;I)I @ 21 c2
Event: 4.806 Thread 0x000002638ec29800 Uncommon trap: reason=unstable_if action=reinterpret pc=0x000002639eae6e5c method=java.lang.String.indexOf([BBILjava/lang/String;I)I @ 21 c2
Event: 5.076 Thread 0x000002638ec29800 Uncommon trap: reason=unstable_if action=reinterpret pc=0x000002639ea87734 method=java.util.HashMap.hash(Ljava/lang/Object;)I @ 1 c2
Event: 5.600 Thread 0x000002638ec29800 Uncommon trap: reason=unstable_if action=reinterpret pc=0x000002639eae1a94 method=java.net.URL.<init>(Ljava/net/URL;Ljava/lang/String;Ljava/net/URLStreamHandler;)V @ 347 c2
Event: 5.769 Thread 0x00000263af89d000 Uncommon trap: reason=unstable_if action=reinterpret pc=0x000002639eaccff4 method=sun.net.www.ParseUtil.firstEncodeIndex(Ljava/lang/String;)I @ 51 c2
Event: 5.769 Thread 0x00000263af89d000 Uncommon trap: reason=unstable_if action=reinterpret pc=0x000002639eaa411c method=sun.net.www.ParseUtil.firstEncodeIndex(Ljava/lang/String;)I @ 51 c2
Event: 6.276 Thread 0x000002638ec29800 Uncommon trap: reason=unstable_if action=reinterpret pc=0x000002639ea9d5fc method=java.util.concurrent.ConcurrentHashMap.get(Ljava/lang/Object;)Ljava/lang/Object; @ 76 c2

Classes redefined (0 events):
No events

Internal exceptions (10 events):
Event: 6.288 Thread 0x000002638ec29800 Exception <a 'java/lang/ClassNotFoundException'{0x0000000088eff760}: org/springframework/core/PriorityOrderedCustomizer> (0x0000000088eff760) thrown at [t:/workspace/open/src/hotspot/share/classfile/systemDictionary.cpp, line 231]
Event: 6.289 Thread 0x000002638ec29800 Exception <a 'java/lang/ClassNotFoundException'{0x0000000088d1a788}: org/springframework/core/OrderedCustomizer> (0x0000000088d1a788) thrown at [t:/workspace/open/src/hotspot/share/classfile/systemDictionary.cpp, line 231]
Event: 6.291 Thread 0x000002638ec29800 Exception <a 'java/lang/ClassNotFoundException'{0x0000000088d39a48}: org/springframework/context/ResourceLoaderAwareCustomizer> (0x0000000088d39a48) thrown at [t:/workspace/open/src/hotspot/share/classfile/systemDictionary.cpp, line 231]
Event: 6.293 Thread 0x000002638ec29800 Exception <a 'java/lang/ClassNotFoundException'{0x0000000088d56fb0}: org/springframework/beans/factory/AwareCustomizer> (0x0000000088d56fb0) thrown at [t:/workspace/open/src/hotspot/share/classfile/systemDictionary.cpp, line 231]
Event: 6.295 Thread 0x000002638ec29800 Exception <a 'java/lang/ClassNotFoundException'{0x0000000088d76b60}: org/springframework/context/ApplicationStartupAwareCustomizer> (0x0000000088d76b60) thrown at [t:/workspace/open/src/hotspot/share/classfile/systemDictionary.cpp, line 231]
Event: 6.297 Thread 0x000002638ec29800 Exception <a 'java/lang/ClassNotFoundException'{0x0000000088d945c0}: org/springframework/beans/factory/AwareCustomizer> (0x0000000088d945c0) thrown at [t:/workspace/open/src/hotspot/share/classfile/systemDictionary.cpp, line 231]
Event: 6.298 Thread 0x000002638ec29800 Exception <a 'java/lang/ClassNotFoundException'{0x0000000088db4a48}: org/springframework/beans/factory/BeanClassLoaderAwareCustomizer> (0x0000000088db4a48) thrown at [t:/workspace/open/src/hotspot/share/classfile/systemDictionary.cpp, line 231]
Event: 6.300 Thread 0x000002638ec29800 Exception <a 'java/lang/ClassNotFoundException'{0x0000000088dd1fc8}: org/springframework/beans/factory/AwareCustomizer> (0x0000000088dd1fc8) thrown at [t:/workspace/open/src/hotspot/share/classfile/systemDictionary.cpp, line 231]
Event: 6.302 Thread 0x000002638ec29800 Exception <a 'java/lang/ClassNotFoundException'{0x0000000088deff30}: org/springframework/context/EnvironmentAwareCustomizer> (0x0000000088deff30) thrown at [t:/workspace/open/src/hotspot/share/classfile/systemDictionary.cpp, line 231]
Event: 6.321 Thread 0x000002638ec29800 Exception <a 'java/lang/ClassNotFoundException'{0x0000000088c0d908}: org/springframework/beans/factory/AwareCustomizer> (0x0000000088c0d908) thrown at [t:/workspace/open/src/hotspot/share/classfile/systemDictionary.cpp, line 231]

Events (10 events):
Event: 6.935 loading class javax/validation/constraints/Min
Event: 6.935 loading class javax/validation/constraints/Min done
Event: 6.937 loading class org/hibernate/validator/internal/constraintvalidators/bv/number/sign/NegativeValidatorForBigDecimal
Event: 6.937 loading class org/hibernate/validator/internal/constraintvalidators/bv/number/sign/NegativeValidatorForBigDecimal done
Event: 6.938 loading class org/hibernate/validator/internal/constraintvalidators/bv/number/sign/NegativeValidatorForBigInteger
Event: 6.938 loading class org/hibernate/validator/internal/constraintvalidators/bv/number/sign/NegativeValidatorForBigInteger done
Event: 6.938 loading class org/hibernate/validator/internal/constraintvalidators/bv/number/sign/NegativeValidatorForDouble
Event: 6.938 loading class org/hibernate/validator/internal/constraintvalidators/bv/number/sign/NegativeValidatorForDouble done
Event: 6.939 loading class org/hibernate/validator/internal/constraintvalidators/bv/number/sign/NegativeValidatorForFloat
Event: 6.939 loading class org/hibernate/validator/internal/constraintvalidators/bv/number/sign/NegativeValidatorForFloat done


Dynamic libraries:
0x00007ff7baf60000 - 0x00007ff7bafa5000 	C:\01DevelopKits\jdk-11\bin\java.exe
0x00007ffacd8b0000 - 0x00007ffacdaa8000 	C:\Windows\SYSTEM32\ntdll.dll
0x00007ffaccd70000 - 0x00007ffacce2f000 	C:\Windows\System32\KERNEL32.DLL
0x00007ffacb470000 - 0x00007ffacb766000 	C:\Windows\System32\KERNELBASE.dll
0x00007ffacb910000 - 0x00007ffacbaad000 	C:\Windows\System32\USER32.dll
0x00007ffacb2e0000 - 0x00007ffacb302000 	C:\Windows\System32\win32u.dll
0x00007ffacc9d0000 - 0x00007ffacc9fc000 	C:\Windows\System32\GDI32.dll
0x00007ffacb0d0000 - 0x00007ffacb1e5000 	C:\Windows\System32\gdi32full.dll
0x00007ffacb870000 - 0x00007ffacb90d000 	C:\Windows\System32\msvcp_win.dll
0x00007ffacb770000 - 0x00007ffacb870000 	C:\Windows\System32\ucrtbase.dll
0x00007ffaca2d0000 - 0x00007ffaca56a000 	C:\Windows\WinSxS\amd64_microsoft.windows.common-controls_6595b64144ccf1df_6.0.19041.1110_none_60b5254171f9507e\COMCTL32.dll
0x00007ffacbab0000 - 0x00007ffacbb4e000 	C:\Windows\System32\msvcrt.dll
0x00007ffaccb90000 - 0x00007ffaccbc0000 	C:\Windows\System32\IMM32.DLL
0x00007ffac3da0000 - 0x00007ffac3db6000 	C:\01DevelopKits\jdk-11\bin\vcruntime140.dll
0x00007ffa993a0000 - 0x00007ffa9944a000 	C:\01DevelopKits\jdk-11\bin\msvcp140.dll
0x00007ffa665b0000 - 0x00007ffa670f1000 	C:\01DevelopKits\jdk-11\bin\server\jvm.dll
0x00007ffacd5e0000 - 0x00007ffacd68f000 	C:\Windows\System32\ADVAPI32.dll
0x00007ffacd390000 - 0x00007ffacd42c000 	C:\Windows\System32\sechost.dll
0x00007ffacca60000 - 0x00007ffaccb86000 	C:\Windows\System32\RPCRT4.dll
0x00007ffacc050000 - 0x00007ffacc058000 	C:\Windows\System32\PSAPI.DLL
0x00007ffaa4f20000 - 0x00007ffaa4f29000 	C:\Windows\SYSTEM32\WSOCK32.dll
0x00007ffaccbc0000 - 0x00007ffaccc2b000 	C:\Windows\System32\WS2_32.dll
0x00007ffab7dd0000 - 0x00007ffab7df7000 	C:\Windows\SYSTEM32\WINMM.dll
0x00007ffac7c60000 - 0x00007ffac7c6a000 	C:\Windows\SYSTEM32\VERSION.dll
0x00007ffac7ff0000 - 0x00007ffac8002000 	C:\Windows\SYSTEM32\kernel.appcore.dll
0x00007ffac3d80000 - 0x00007ffac3d91000 	C:\01DevelopKits\jdk-11\bin\verify.dll
0x00007ffacaad0000 - 0x00007ffacacb4000 	C:\Windows\SYSTEM32\DBGHELP.DLL
0x00007ffaca8e0000 - 0x00007ffaca914000 	C:\Windows\SYSTEM32\dbgcore.DLL
0x00007ffacaf90000 - 0x00007ffacb012000 	C:\Windows\System32\bcryptPrimitives.dll
0x00007ffabbec0000 - 0x00007ffabbee8000 	C:\01DevelopKits\jdk-11\bin\java.dll
0x00007ffac2440000 - 0x00007ffac246f000 	C:\01DevelopKits\jdk-11\bin\instrument.dll
0x00007ffac2410000 - 0x00007ffac2426000 	C:\01DevelopKits\jdk-11\bin\zip.dll
0x00007ffac40b0000 - 0x00007ffac40ba000 	C:\01DevelopKits\jdk-11\bin\jimage.dll
0x00007ffacc190000 - 0x00007ffacc8d4000 	C:\Windows\System32\SHELL32.dll
0x00007ffac82f0000 - 0x00007ffac8a83000 	C:\Windows\SYSTEM32\windows.storage.dll
0x00007ffacd030000 - 0x00007ffacd384000 	C:\Windows\System32\combase.dll
0x00007ffaca570000 - 0x00007ffaca59e000 	C:\Windows\SYSTEM32\Wldp.dll
0x00007ffacd760000 - 0x00007ffacd80d000 	C:\Windows\System32\SHCORE.dll
0x00007ffacc970000 - 0x00007ffacc9c5000 	C:\Windows\System32\shlwapi.dll
0x00007ffacaec0000 - 0x00007ffacaee5000 	C:\Windows\SYSTEM32\profapi.dll
0x00007ffac3d60000 - 0x00007ffac3d79000 	C:\01DevelopKits\jdk-11\bin\net.dll
0x00007ffabc500000 - 0x00007ffabc60a000 	C:\Windows\SYSTEM32\WINHTTP.dll
0x00007ffaca120000 - 0x00007ffaca18a000 	C:\Windows\system32\mswsock.dll
0x00007ffaa3710000 - 0x00007ffaa3723000 	C:\01DevelopKits\jdk-11\bin\nio.dll
0x00007ffac5d10000 - 0x00007ffac5d2a000 	C:\IntelliJ IDEA Community Edition 2023.1.1\bin\breakgen64.dll
0x00007ffac4690000 - 0x00007ffac4699000 	C:\01DevelopKits\jdk-11\bin\management.dll
0x00007ffac4680000 - 0x00007ffac468c000 	C:\01DevelopKits\jdk-11\bin\management_ext.dll
0x00007ffaa8f90000 - 0x00007ffaa8fa7000 	C:\Windows\system32\napinsp.dll
0x00007ffaabd50000 - 0x00007ffaabd6b000 	C:\Windows\system32\pnrpnsp.dll
0x00007ffac4ff0000 - 0x00007ffac5005000 	C:\Windows\system32\wshbth.dll
0x00007ffac5bb0000 - 0x00007ffac5bcd000 	C:\Windows\system32\NLAapi.dll
0x00007ffac9d10000 - 0x00007ffac9d4b000 	C:\Windows\SYSTEM32\IPHLPAPI.DLL
0x00007ffac9d50000 - 0x00007ffac9e1a000 	C:\Windows\SYSTEM32\DNSAPI.dll
0x00007ffaccd60000 - 0x00007ffaccd68000 	C:\Windows\System32\NSI.dll
0x00007ffaac160000 - 0x00007ffaac172000 	C:\Windows\System32\winrnr.dll
0x00007ffab70e0000 - 0x00007ffab70ea000 	C:\Windows\System32\rasadhlp.dll
0x00007ffab8030000 - 0x00007ffab80b2000 	C:\Windows\System32\fwpuclnt.dll
0x00007ffacb1f0000 - 0x00007ffacb217000 	C:\Windows\System32\bcrypt.dll

dbghelp: loaded successfully - version: 4.0.5 - missing functions: none
symbol engine: initialized successfully - sym options: 0x614 - pdb path: .;C:\01DevelopKits\jdk-11\bin;C:\Windows\SYSTEM32;C:\Windows\WinSxS\amd64_microsoft.windows.common-controls_6595b64144ccf1df_6.0.19041.1110_none_60b5254171f9507e;C:\01DevelopKits\jdk-11\bin\server;C:\IntelliJ IDEA Community Edition 2023.1.1\bin

VM Arguments:
jvm_args: -ea -Didea.test.cyclic.buffer.size=1048576 -javaagent:C:\IntelliJ IDEA Community Edition 2023.1.1\lib\idea_rt.jar=64422:C:\IntelliJ IDEA Community Edition 2023.1.1\bin -Dfile.encoding=UTF-8 
java_command: com.intellij.rt.junit.JUnitStarter -ideVersion5 -junit5 com.zerobase.cafebom.cart.controller.CartControllerTest,successCartIdList
java_class_path (initial): C:\Users\thsu1\.m2\repository\org\junit\platform\junit-platform-launcher\1.8.2\junit-platform-launcher-1.8.2.jar;C:\Users\thsu1\.m2\repository\org\junit\platform\junit-platform-engine\1.8.2\junit-platform-engine-1.8.2.jar;C:\Users\thsu1\.m2\repository\org\opentest4j\opentest4j\1.2.0\opentest4j-1.2.0.jar;C:\Users\thsu1\.m2\repository\org\junit\platform\junit-platform-commons\1.8.2\junit-platform-commons-1.8.2.jar;C:\Users\thsu1\.m2\repository\org\apiguardian\apiguardian-api\1.1.2\apiguardian-api-1.1.2.jar;C:\IntelliJ IDEA Community Edition 2023.1.1\lib\idea_rt.jar;C:\IntelliJ IDEA Community Edition 2023.1.1\plugins\junit\lib\junit5-rt.jar;C:\IntelliJ IDEA Community Edition 2023.1.1\plugins\junit\lib\junit-rt.jar;C:\01DevelopKits\cafe-bom\out\test\classes;C:\01DevelopKits\cafe-bom\out\production\classes;C:\01DevelopKits\cafe-bom\out\production\resources;C:\Users\thsu1\.gradle\caches\modules-2\files-2.1\org.springframework.boot\spring-boot-starter-data-jpa\2.7.14\ad7d3be24a386ec45ce020b8922e9d056f7a6835\spring-boot-starter-data-jpa-2.7.14.jar;C:\Users\thsu1\.gradle\caches\modules-2\files-2.1\org.springframework.boot\spring-boot-starter-validation\2.7.14\6e88ca463b6d7294f3206da9a57a645ca41b9665\spring-boot-starter-validation-2.7.14.jar;C:\Users\thsu1\.gradle\caches\modules-2\files-2.1\org.springframework.boot\spring-boot-starter-web\2.7.14\300b311c5fb98a2ee547df33a9d37782dddb496e\spring-boot-starter-web-2.7.14.jar;C:\Users\thsu1\.gradle\caches\modules-2\files-2.1\org.springframework.boot\spring-boot-starter-webflux\2.7.14\7a198069c7f8936fef0a9f176d221f790ca0a70f\spring-boot-starter-webflux-2.7.14.jar;C:\Users\thsu1\.gradle\caches\modules-2\files-2.1\io.jsonwebtoken\jjwt\0.9.1\54d2abfc3e63a28824d35bf600d6a5d627da681a\jjwt-0.9.1.jar;C:\Users\thsu1\.gradle\caches\modules-2\files-2.1\io.springfox\springfox-boot-starter\3.0.0\5486365e263f8acca014b97efa50c3419d58e8f6\springfox-boot-starter-3.0.0.jar;C:\Users\thsu1\.gradle\caches\modules-2\files-2.
Launcher Type: SUN_STANDARD

[Global flags]
     intx CICompilerCount                          = 3                                         {product} {ergonomic}
     uint ConcGCThreads                            = 1                                         {product} {ergonomic}
     uint G1ConcRefinementThreads                  = 4                                         {product} {ergonomic}
   size_t G1HeapRegionSize                         = 1048576                                   {product} {ergonomic}
    uintx GCDrainStackTargetSize                   = 64                                        {product} {ergonomic}
   size_t InitialHeapSize                          = 134217728                                 {product} {ergonomic}
   size_t MarkStackSize                            = 4194304                                   {product} {ergonomic}
   size_t MaxHeapSize                              = 2126512128                                {product} {ergonomic}
   size_t MaxNewSize                               = 1275068416                                {product} {ergonomic}
   size_t MinHeapDeltaBytes                        = 1048576                                   {product} {ergonomic}
    uintx NonNMethodCodeHeapSize                   = 5830092                                {pd product} {ergonomic}
    uintx NonProfiledCodeHeapSize                  = 122914074                              {pd product} {ergonomic}
    uintx ProfiledCodeHeapSize                     = 122914074                              {pd product} {ergonomic}
    uintx ReservedCodeCacheSize                    = 251658240                              {pd product} {ergonomic}
     bool SegmentedCodeCache                       = true                                      {product} {ergonomic}
     bool UseCompressedClassPointers               = true                                 {lp64_product} {ergonomic}
     bool UseCompressedOops                        = true                                 {lp64_product} {ergonomic}
     bool UseG1GC                                  = true                                      {product} {ergonomic}
     bool UseLargePagesIndividualAllocation        = false                                  {pd product} {ergonomic}

Logging:
Log output configuration:
 #0: stdout all=warning uptime,level,tags
 #1: stderr all=off uptime,level,tags

Environment Variables:
JAVA_HOME=C:\01DevelopKits\jdk-11
PATH=C:\Program Files\Common Files\Oracle\Java\javapath;C:\01DevelopKits\app\oracle\product\11.2.0\server\bin;C:\Windows\system32;C:\Windows;C:\Windows\System32\Wbem;C:\Windows\System32\WindowsPowerShell\v1.0\;C:\Windows\System32\OpenSSH\;C:\01DevelopKits\jdk-11\bin;C:\Program Files\Git\cmd;C:\Program Files\MySQL\MySQL Shell 8.0\bin\;C:\Users\thsu1\AppData\Local\Microsoft\WindowsApps;;C:\Users\thsu1\AppData\Local\Programs\Microsoft VS Code\bin;C:\IntelliJ IDEA Community Edition 2023.1.1\bin;
USERNAME=thsu1
OS=Windows_NT
PROCESSOR_IDENTIFIER=Intel64 Family 6 Model 78 Stepping 3, GenuineIntel



---------------  S Y S T E M  ---------------

OS: Windows 10 , 64 bit Build 19041 (10.0.19041.3155)

CPU:total 4 (initial active 4) (2 cores per cpu, 2 threads per core) family 6 model 78 stepping 3, cmov, cx8, fxsr, mmx, sse, sse2, sse3, ssse3, sse4.1, sse4.2, popcnt, avx, avx2, aes, clmul, erms, 3dnowpref, lzcnt, ht, tsc, tscinvbit, bmi1, bmi2, adx, fma

Memory: 4k page, system-wide physical 8108M (716M free)
TotalPageFile size 16166M (AvailPageFile size 5M)
current process WorkingSet (physical memory assigned to process): 162M, peak: 162M
current process commit charge ("private bytes"): 255M, peak: 257M

vm_info: OpenJDK 64-Bit Server VM (11+28) for windows-amd64 JRE (11+28), built on Aug 23 2018 03:04:58 by "mach5one" with MS VC++ 15.5 (VS2017)

END.
